---------------------------------------------------------------
[ 2017-08-02T15:50:19+08:00 ] 76.36.0.8 76.36.0.60 GET /
[ info ] 76.36.0.8/ [运行时间：0.062401s][吞吐率：16.03req/s] [内存消耗：1,805.75kb] [文件加载：48]
[ info ] [ LANG ] F:\www\bank.cn\thinkphp\lang\zh-cn.php
[ info ] [ ROUTE ] array (
  'type' => 'module',
  'module' => 
  array (
    0 => '',
    1 => NULL,
    2 => NULL,
  ),
)
[ info ] [ HEADER ] array (
  'host' => '76.36.0.8',
  'connection' => 'keep-alive',
  'accept' => 'text/html,application/xhtml+xml,application/xml;q=0.9,image/webp,*/*;q=0.8',
  'user-agent' => 'Mozilla/5.0 (Windows NT 6.1; WOW64) AppleWebKit/537.36 (KHTML, like Gecko) Chrome/31.0.1650.63 Safari/537.36',
  'accept-encoding' => 'gzip,deflate,sdch',
  'accept-language' => 'zh-CN,zh;q=0.8',
)
[ info ] [ PARAM ] array (
)
[ info ] [ SESSION ] INIT array (
  'id' => '',
  'var_session_id' => '',
  'prefix' => 'think',
  'type' => '',
  'auto_start' => true,
)
[ info ] [ LOG ] INIT File
---------------------------------------------------------------
[ 2017-08-02T15:50:19+08:00 ] 76.36.0.8 76.36.0.60 GET /admin/user/login.html
[ info ] 76.36.0.8/admin/user/login.html [运行时间：0.031200s][吞吐率：32.05req/s] [内存消耗：1,773.52kb] [文件加载：46]
[ info ] [ LANG ] F:\www\bank.cn\thinkphp\lang\zh-cn.php
[ info ] [ ROUTE ] array (
  'type' => 'module',
  'module' => 
  array (
    0 => 'admin',
    1 => 'user',
    2 => 'login',
  ),
)
[ info ] [ HEADER ] array (
  'host' => '76.36.0.8',
  'connection' => 'keep-alive',
  'accept' => 'text/html,application/xhtml+xml,application/xml;q=0.9,image/webp,*/*;q=0.8',
  'user-agent' => 'Mozilla/5.0 (Windows NT 6.1; WOW64) AppleWebKit/537.36 (KHTML, like Gecko) Chrome/31.0.1650.63 Safari/537.36',
  'accept-encoding' => 'gzip,deflate,sdch',
  'accept-language' => 'zh-CN,zh;q=0.8',
  'cookie' => 'PHPSESSID=0iv4nlaj1ftbgcrnt4g4ruoj66',
)
[ info ] [ PARAM ] array (
)
[ info ] [ RUN ] app\admin\controller\User->login[ F:\www\bank.cn\app\admin\controller\User.php ]
[ info ] [ VIEW ] F:\www\bank.cn/app/admin\view\user\login.html [ array (
) ]
[ info ] [ LOG ] INIT File
---------------------------------------------------------------
[ 2017-08-02T15:50:29+08:00 ] 76.36.0.8 76.36.0.60 POST /admin/user/login.html
[ info ] 76.36.0.8/admin/user/login.html [运行时间：0.124800s][吞吐率：8.01req/s] [内存消耗：2,637.95kb] [文件加载：58]
[ info ] [ LANG ] F:\www\bank.cn\thinkphp\lang\zh-cn.php
[ info ] [ ROUTE ] array (
  'type' => 'module',
  'module' => 
  array (
    0 => 'admin',
    1 => 'user',
    2 => 'login',
  ),
)
[ info ] [ HEADER ] array (
  'host' => '76.36.0.8',
  'connection' => 'keep-alive',
  'content-length' => '30',
  'cache-control' => 'max-age=0',
  'accept' => 'text/html,application/xhtml+xml,application/xml;q=0.9,image/webp,*/*;q=0.8',
  'origin' => 'http://76.36.0.8',
  'user-agent' => 'Mozilla/5.0 (Windows NT 6.1; WOW64) AppleWebKit/537.36 (KHTML, like Gecko) Chrome/31.0.1650.63 Safari/537.36',
  'content-type' => 'application/x-www-form-urlencoded',
  'referer' => 'http://76.36.0.8/admin/user/login.html',
  'accept-encoding' => 'gzip,deflate,sdch',
  'accept-language' => 'zh-CN,zh;q=0.8',
  'cookie' => 'PHPSESSID=0iv4nlaj1ftbgcrnt4g4ruoj66',
)
[ info ] [ PARAM ] array (
  'username' => 'admin',
  'password' => '123456',
)
[ info ] [ RUN ] app\admin\controller\User->login[ F:\www\bank.cn\app\admin\controller\User.php ]
[ info ] [ DB ] INIT mysql
[ info ] [ SESSION ] INIT array (
  'id' => '',
  'var_session_id' => '',
  'prefix' => 'think',
  'type' => '',
  'auto_start' => true,
)
[ info ] [ CACHE ] INIT File
[ info ] [ VIEW ] F:\www\bank.cn/app/admin\view\user\jump.html [ array (
  0 => 'code',
  1 => 'msg',
  2 => 'data',
  3 => 'url',
  4 => 'wait',
) ]
[ info ] [ LOG ] INIT File
[ sql ] [ DB ] CONNECT:[ UseTime:0.015600s ] mysql:dbname=bank;host=127.0.0.1;charset=utf8
[ sql ] [ SQL ] SHOW COLUMNS FROM `ym_rbac_user` [ RunTime:0.000000s ]
[ sql ] [ SQL ] SELECT * FROM `ym_rbac_user` WHERE  `username` = 'admin'  AND `is_del` = 0 LIMIT 1 [ RunTime:0.000000s ]
[ sql ] [ SQL ] SHOW COLUMNS FROM `ym_action` [ RunTime:0.000000s ]
[ sql ] [ SQL ] SELECT * FROM `ym_action` WHERE  `name` = 'user_login' LIMIT 1 [ RunTime:0.000000s ]
[ sql ] [ SQL ] SELECT `username` FROM `ym_rbac_user` WHERE  `id` = 6 LIMIT 1 [ RunTime:0.000000s ]
[ sql ] [ SQL ] SHOW COLUMNS FROM `ym_action_log` [ RunTime:0.000000s ]
[ sql ] [ SQL ] INSERT INTO `ym_action_log` (`action_id` , `user_id` , `action_ip` , `model` , `record_id` , `create_time` , `remark`) VALUES (1 , 6 , 1277427772 , 'rbac_user' , 6 , 1501660229 , 'admin在2017-08-02 15:50登录了后台') [ RunTime:0.000000s ]
[ sql ] [ SQL ] UPDATE `ym_rbac_user`  SET `last_login_time`=1501660229,`last_login_ip`='76.36.0.60',`login_count`=39  WHERE  `id` = 6 [ RunTime:0.031200s ]
---------------------------------------------------------------
[ 2017-08-02T15:50:32+08:00 ] 76.36.0.8 76.36.0.60 GET /admin/index/index.html
[ info ] 76.36.0.8/admin/index/index.html [运行时间：0.062400s][吞吐率：16.03req/s] [内存消耗：2,576.87kb] [文件加载：54]
[ info ] [ LANG ] F:\www\bank.cn\thinkphp\lang\zh-cn.php
[ info ] [ ROUTE ] array (
  'type' => 'module',
  'module' => 
  array (
    0 => 'admin',
    1 => 'index',
    2 => 'index',
  ),
)
[ info ] [ HEADER ] array (
  'host' => '76.36.0.8',
  'connection' => 'keep-alive',
  'accept' => 'text/html,application/xhtml+xml,application/xml;q=0.9,image/webp,*/*;q=0.8',
  'user-agent' => 'Mozilla/5.0 (Windows NT 6.1; WOW64) AppleWebKit/537.36 (KHTML, like Gecko) Chrome/31.0.1650.63 Safari/537.36',
  'referer' => 'http://76.36.0.8/admin/user/login.html',
  'accept-encoding' => 'gzip,deflate,sdch',
  'accept-language' => 'zh-CN,zh;q=0.8',
  'cookie' => 'PHPSESSID=0iv4nlaj1ftbgcrnt4g4ruoj66',
)
[ info ] [ PARAM ] array (
)
[ info ] [ SESSION ] INIT array (
  'id' => '',
  'var_session_id' => '',
  'prefix' => 'think',
  'type' => '',
  'auto_start' => true,
)
[ info ] [ DB ] INIT mysql
[ info ] [ RUN ] app\admin\controller\Index->index[ F:\www\bank.cn\app\admin\controller\Index.php ]
[ info ] [ VIEW ] F:\www\bank.cn/app/admin\view\index\index.html [ array (
  0 => 'nodes',
) ]
[ info ] [ LOG ] INIT File
[ sql ] [ DB ] CONNECT:[ UseTime:0.000000s ] mysql:dbname=bank;host=127.0.0.1;charset=utf8
[ sql ] [ SQL ] SHOW COLUMNS FROM `ym_rbac_role` [ RunTime:0.000000s ]
[ sql ] [ SQL ] SELECT * FROM `ym_rbac_role` WHERE  `id` = 13 LIMIT 1 [ RunTime:0.000000s ]
[ sql ] [ SQL ] SHOW COLUMNS FROM `ym_rbac_access` [ RunTime:0.000000s ]
[ sql ] [ SQL ] SELECT `a`.*,`b`.* FROM `ym_rbac_access` `a` INNER JOIN `ym_rbac_node` `b` ON `b`.`id`=`a`.`node_id` WHERE  (  a.role_id = 13 ) ORDER BY `b`.`id`  asc [ RunTime:0.000000s ]
[ sql ] [ SQL ] SELECT `b`.`name` FROM `ym_rbac_access` `a` INNER JOIN `ym_rbac_node` `b` ON `b`.`id`=`a`.`node_id` [ RunTime:0.000000s ]
[ sql ] [ SQL ] SELECT `b`.`name` FROM `ym_rbac_access` `a` INNER JOIN `ym_rbac_node` `b` ON `b`.`id`=`a`.`node_id` WHERE  (  a.role_id = 13 ) [ RunTime:0.000000s ]
---------------------------------------------------------------
[ 2017-08-02T15:50:39+08:00 ] 76.36.0.8 76.36.0.60 GET /admin/client/clientlist
[ info ] 76.36.0.8/admin/client/clientlist [运行时间：0.124800s][吞吐率：8.01req/s] [内存消耗：2,989.46kb] [文件加载：57]
[ info ] [ LANG ] F:\www\bank.cn\thinkphp\lang\zh-cn.php
[ info ] [ ROUTE ] array (
  'type' => 'module',
  'module' => 
  array (
    0 => 'admin',
    1 => 'client',
    2 => 'clientlist',
  ),
)
[ info ] [ HEADER ] array (
  'host' => '76.36.0.8',
  'connection' => 'keep-alive',
  'accept' => 'text/html,application/xhtml+xml,application/xml;q=0.9,image/webp,*/*;q=0.8',
  'user-agent' => 'Mozilla/5.0 (Windows NT 6.1; WOW64) AppleWebKit/537.36 (KHTML, like Gecko) Chrome/31.0.1650.63 Safari/537.36',
  'referer' => 'http://76.36.0.8/admin/index/index.html',
  'accept-encoding' => 'gzip,deflate,sdch',
  'accept-language' => 'zh-CN,zh;q=0.8',
  'cookie' => 'PHPSESSID=0iv4nlaj1ftbgcrnt4g4ruoj66',
)
[ info ] [ PARAM ] array (
)
[ info ] [ SESSION ] INIT array (
  'id' => '',
  'var_session_id' => '',
  'prefix' => 'think',
  'type' => '',
  'auto_start' => true,
)
[ info ] [ DB ] INIT mysql
[ info ] [ RUN ] app\admin\controller\Client->clientlist[ F:\www\bank.cn\app\admin\controller\Client.php ]
[ info ] [ VIEW ] F:\www\bank.cn/app/admin\view\client\clientlist.html [ array (
  0 => 'nodes',
  1 => 'page',
  2 => 'bank',
  3 => 'title1',
  4 => 'title2',
  5 => 'clients',
) ]
[ info ] [ LOG ] INIT File
[ sql ] [ DB ] CONNECT:[ UseTime:0.000000s ] mysql:dbname=bank;host=127.0.0.1;charset=utf8
[ sql ] [ SQL ] SHOW COLUMNS FROM `ym_rbac_role` [ RunTime:0.000000s ]
[ sql ] [ SQL ] SELECT * FROM `ym_rbac_role` WHERE  `id` = 13 LIMIT 1 [ RunTime:0.000000s ]
[ sql ] [ SQL ] SHOW COLUMNS FROM `ym_rbac_access` [ RunTime:0.000000s ]
[ sql ] [ SQL ] SELECT `a`.*,`b`.* FROM `ym_rbac_access` `a` INNER JOIN `ym_rbac_node` `b` ON `b`.`id`=`a`.`node_id` WHERE  (  a.role_id = 13 ) ORDER BY `b`.`id`  asc [ RunTime:0.000000s ]
[ sql ] [ SQL ] SELECT `b`.`name` FROM `ym_rbac_access` `a` INNER JOIN `ym_rbac_node` `b` ON `b`.`id`=`a`.`node_id` [ RunTime:0.000000s ]
[ sql ] [ SQL ] SELECT `b`.`name` FROM `ym_rbac_access` `a` INNER JOIN `ym_rbac_node` `b` ON `b`.`id`=`a`.`node_id` WHERE  (  a.role_id = 13 ) [ RunTime:0.015600s ]
[ sql ] [ SQL ] SHOW COLUMNS FROM `ym_client` [ RunTime:0.000000s ]
[ sql ] [ SQL ] SELECT COUNT(*) AS tp_count FROM `ym_client` `a` LEFT JOIN `ym_base_msg` `b` ON `a`.`id`=`b`.`client_id` WHERE  `a`.`is_del` = 0 LIMIT 1 [ RunTime:0.000000s ]
[ sql ] [ SQL ] SELECT `a`.*,`b`.`phone_number`,`b`.`current_address` FROM `ym_client` `a` LEFT JOIN `ym_base_msg` `b` ON `a`.`id`=`b`.`client_id` WHERE  `a`.`is_del` = 0 ORDER BY `a`.`add_time`  desc LIMIT 0,20 [ RunTime:0.000000s ]
[ sql ] [ SQL ] SHOW COLUMNS FROM `ym_bank` [ RunTime:0.000000s ]
[ sql ] [ SQL ] SELECT * FROM `ym_bank` WHERE  `is_del` = 0 [ RunTime:0.015600s ]
[ sql ] [ SQL ] SHOW COLUMNS FROM `ym_dataconfig` [ RunTime:0.000000s ]
[ sql ] [ SQL ] SELECT `value` FROM `ym_dataconfig` WHERE  `code` = 'client_grade' LIMIT 1 [ RunTime:0.000000s ]
[ sql ] [ SQL ] SELECT `value` FROM `ym_dataconfig` WHERE  `code` = 'client_grade' LIMIT 1 [ RunTime:0.000000s ]
[ sql ] [ SQL ] SELECT `value` FROM `ym_dataconfig` WHERE  `code` = 'client_grade' LIMIT 1 [ RunTime:0.000000s ]
[ sql ] [ SQL ] SELECT `value` FROM `ym_dataconfig` WHERE  `code` = 'client_grade' LIMIT 1 [ RunTime:0.000000s ]
[ sql ] [ SQL ] SELECT `value` FROM `ym_dataconfig` WHERE  `code` = 'client_grade' LIMIT 1 [ RunTime:0.000000s ]
[ sql ] [ SQL ] SELECT `value` FROM `ym_dataconfig` WHERE  `code` = 'client_grade' LIMIT 1 [ RunTime:0.000000s ]
[ sql ] [ SQL ] SELECT `value` FROM `ym_dataconfig` WHERE  `code` = 'client_grade' LIMIT 1 [ RunTime:0.015600s ]
[ sql ] [ SQL ] SELECT `value` FROM `ym_dataconfig` WHERE  `code` = 'client_grade' LIMIT 1 [ RunTime:0.000000s ]
[ sql ] [ SQL ] SELECT `value` FROM `ym_dataconfig` WHERE  `code` = 'client_grade' LIMIT 1 [ RunTime:0.000000s ]
[ sql ] [ SQL ] SELECT `value` FROM `ym_dataconfig` WHERE  `code` = 'client_grade' LIMIT 1 [ RunTime:0.000000s ]
[ sql ] [ SQL ] SELECT `value` FROM `ym_dataconfig` WHERE  `code` = 'client_grade' LIMIT 1 [ RunTime:0.000000s ]
[ sql ] [ SQL ] SELECT `value` FROM `ym_dataconfig` WHERE  `code` = 'client_grade' LIMIT 1 [ RunTime:0.000000s ]
[ sql ] [ SQL ] SELECT `value` FROM `ym_dataconfig` WHERE  `code` = 'client_grade' LIMIT 1 [ RunTime:0.000000s ]
[ sql ] [ SQL ] SELECT `value` FROM `ym_dataconfig` WHERE  `code` = 'client_grade' LIMIT 1 [ RunTime:0.000000s ]
[ sql ] [ SQL ] SELECT `value` FROM `ym_dataconfig` WHERE  `code` = 'client_grade' LIMIT 1 [ RunTime:0.000000s ]
[ sql ] [ SQL ] SELECT `value` FROM `ym_dataconfig` WHERE  `code` = 'client_grade' LIMIT 1 [ RunTime:0.000000s ]
[ sql ] [ SQL ] SELECT `value` FROM `ym_dataconfig` WHERE  `code` = 'client_grade' LIMIT 1 [ RunTime:0.000000s ]
[ sql ] [ SQL ] SELECT `value` FROM `ym_dataconfig` WHERE  `code` = 'client_grade' LIMIT 1 [ RunTime:0.000000s ]
[ sql ] [ SQL ] SELECT `value` FROM `ym_dataconfig` WHERE  `code` = 'client_grade' LIMIT 1 [ RunTime:0.000000s ]
[ sql ] [ SQL ] SELECT `value` FROM `ym_dataconfig` WHERE  `code` = 'client_grade' LIMIT 1 [ RunTime:0.000000s ]
---------------------------------------------------------------
[ 2017-08-02T15:50:41+08:00 ] 76.36.0.8 76.36.0.60 GET /admin/client/clientdetail/client_id/172.html
[ info ] 76.36.0.8/admin/client/clientdetail/client_id/172.html [运行时间：0.078000s][吞吐率：12.82req/s] [内存消耗：2,771.44kb] [文件加载：54]
[ info ] [ LANG ] F:\www\bank.cn\thinkphp\lang\zh-cn.php
[ info ] [ ROUTE ] array (
  'type' => 'module',
  'module' => 
  array (
    0 => 'admin',
    1 => 'client',
    2 => 'clientdetail',
  ),
)
[ info ] [ HEADER ] array (
  'host' => '76.36.0.8',
  'connection' => 'keep-alive',
  'accept' => 'text/html,application/xhtml+xml,application/xml;q=0.9,image/webp,*/*;q=0.8',
  'user-agent' => 'Mozilla/5.0 (Windows NT 6.1; WOW64) AppleWebKit/537.36 (KHTML, like Gecko) Chrome/31.0.1650.63 Safari/537.36',
  'referer' => 'http://76.36.0.8/admin/client/clientlist',
  'accept-encoding' => 'gzip,deflate,sdch',
  'accept-language' => 'zh-CN,zh;q=0.8',
  'cookie' => 'PHPSESSID=0iv4nlaj1ftbgcrnt4g4ruoj66',
)
[ info ] [ PARAM ] array (
  'client_id' => '172',
)
[ info ] [ SESSION ] INIT array (
  'id' => '',
  'var_session_id' => '',
  'prefix' => 'think',
  'type' => '',
  'auto_start' => true,
)
[ info ] [ DB ] INIT mysql
[ info ] [ RUN ] app\admin\controller\Client->clientdetail[ F:\www\bank.cn\app\admin\controller\Client.php ]
[ info ] [ VIEW ] F:\www\bank.cn/app/admin\view\client\clientdetail.html [ array (
  0 => 'nodes',
  1 => 'other',
  2 => 'base',
  3 => 'areamsg',
  4 => 'hs',
  5 => 'client',
  6 => 'title1',
  7 => 'title2',
  8 => 'controller',
) ]
[ info ] [ LOG ] INIT File
[ sql ] [ DB ] CONNECT:[ UseTime:0.000000s ] mysql:dbname=bank;host=127.0.0.1;charset=utf8
[ sql ] [ SQL ] SHOW COLUMNS FROM `ym_rbac_role` [ RunTime:0.000000s ]
[ sql ] [ SQL ] SELECT * FROM `ym_rbac_role` WHERE  `id` = 13 LIMIT 1 [ RunTime:0.000000s ]
[ sql ] [ SQL ] SHOW COLUMNS FROM `ym_rbac_access` [ RunTime:0.000000s ]
[ sql ] [ SQL ] SELECT `a`.*,`b`.* FROM `ym_rbac_access` `a` INNER JOIN `ym_rbac_node` `b` ON `b`.`id`=`a`.`node_id` WHERE  (  a.role_id = 13 ) ORDER BY `b`.`id`  asc [ RunTime:0.015600s ]
[ sql ] [ SQL ] SELECT `b`.`name` FROM `ym_rbac_access` `a` INNER JOIN `ym_rbac_node` `b` ON `b`.`id`=`a`.`node_id` [ RunTime:0.000000s ]
[ sql ] [ SQL ] SHOW COLUMNS FROM `ym_client` [ RunTime:0.000000s ]
[ sql ] [ SQL ] SELECT `c`.*,`b`.`bankname` FROM `ym_client` `c` LEFT JOIN `ym_bank` `b` ON `c`.`belong_organization`=`b`.`id` WHERE  `c`.`id` = '172' [ RunTime:0.000000s ]
[ sql ] [ SQL ] SHOW COLUMNS FROM `ym_base_msg` [ RunTime:0.000000s ]
[ sql ] [ SQL ] SELECT * FROM `ym_base_msg` WHERE  `client_id` = 172 [ RunTime:0.000000s ]
[ sql ] [ SQL ] SHOW COLUMNS FROM `ym_other_message` [ RunTime:0.000000s ]
[ sql ] [ SQL ] SELECT * FROM `ym_other_message` WHERE  `client_id` = 172 [ RunTime:0.000000s ]
---------------------------------------------------------------
[ 2017-08-02T15:51:02+08:00 ] 76.36.0.8 76.36.0.60 GET /
[ info ] 76.36.0.8/ [运行时间：0.031200s][吞吐率：32.05req/s] [内存消耗：1,806.25kb] [文件加载：48]
[ info ] [ LANG ] F:\www\bank.cn\thinkphp\lang\zh-cn.php
[ info ] [ ROUTE ] array (
  'type' => 'module',
  'module' => 
  array (
    0 => '',
    1 => NULL,
    2 => NULL,
  ),
)
[ info ] [ HEADER ] array (
  'accept' => 'application/x-ms-application, image/jpeg, application/xaml+xml, image/gif, image/pjpeg, application/x-ms-xbap, */*',
  'accept-language' => 'zh-CN',
  'user-agent' => 'Mozilla/4.0 (compatible; MSIE 8.0; Windows NT 6.1; Win64; x64; Trident/4.0; .NET CLR 2.0.50727; SLCC2; .NET CLR 3.5.30729; .NET CLR 3.0.30729; Tablet PC 2.0)',
  'ua-cpu' => 'AMD64',
  'accept-encoding' => 'gzip, deflate',
  'host' => '76.36.0.8',
  'connection' => 'Keep-Alive',
)
[ info ] [ PARAM ] array (
)
[ info ] [ SESSION ] INIT array (
  'id' => '',
  'var_session_id' => '',
  'prefix' => 'think',
  'type' => '',
  'auto_start' => true,
)
[ info ] [ LOG ] INIT File
---------------------------------------------------------------
[ 2017-08-02T15:51:04+08:00 ] 76.36.0.8 76.36.0.60 GET /
[ info ] 76.36.0.8/ [运行时间：0.046800s][吞吐率：21.37req/s] [内存消耗：1,806.25kb] [文件加载：48]
[ info ] [ LANG ] F:\www\bank.cn\thinkphp\lang\zh-cn.php
[ info ] [ ROUTE ] array (
  'type' => 'module',
  'module' => 
  array (
    0 => '',
    1 => NULL,
    2 => NULL,
  ),
)
[ info ] [ HEADER ] array (
  'accept' => 'application/x-ms-application, image/jpeg, application/xaml+xml, image/gif, image/pjpeg, application/x-ms-xbap, */*',
  'accept-language' => 'zh-CN',
  'user-agent' => 'Mozilla/4.0 (compatible; MSIE 8.0; Windows NT 6.1; Win64; x64; Trident/4.0; .NET CLR 2.0.50727; SLCC2; .NET CLR 3.5.30729; .NET CLR 3.0.30729; Tablet PC 2.0)',
  'ua-cpu' => 'AMD64',
  'accept-encoding' => 'gzip, deflate',
  'host' => '76.36.0.8',
  'connection' => 'Keep-Alive',
)
[ info ] [ PARAM ] array (
)
[ info ] [ SESSION ] INIT array (
  'id' => '',
  'var_session_id' => '',
  'prefix' => 'think',
  'type' => '',
  'auto_start' => true,
)
[ info ] [ LOG ] INIT File
---------------------------------------------------------------
[ 2017-08-02T15:51:04+08:00 ] 76.36.0.8 76.36.0.60 GET /admin/user/login.html
[ info ] 76.36.0.8/admin/user/login.html [运行时间：0.031200s][吞吐率：32.05req/s] [内存消耗：1,773.90kb] [文件加载：46]
[ info ] [ LANG ] F:\www\bank.cn\thinkphp\lang\zh-cn.php
[ info ] [ ROUTE ] array (
  'type' => 'module',
  'module' => 
  array (
    0 => 'admin',
    1 => 'user',
    2 => 'login',
  ),
)
[ info ] [ HEADER ] array (
  'accept' => 'application/x-ms-application, image/jpeg, application/xaml+xml, image/gif, image/pjpeg, application/x-ms-xbap, */*',
  'accept-language' => 'zh-CN',
  'user-agent' => 'Mozilla/4.0 (compatible; MSIE 8.0; Windows NT 6.1; Win64; x64; Trident/4.0; .NET CLR 2.0.50727; SLCC2; .NET CLR 3.5.30729; .NET CLR 3.0.30729; Tablet PC 2.0)',
  'ua-cpu' => 'AMD64',
  'accept-encoding' => 'gzip, deflate',
  'host' => '76.36.0.8',
  'connection' => 'Keep-Alive',
  'cookie' => 'PHPSESSID=h7hkv57t24ovj9ludnjcgm6op4',
)
[ info ] [ PARAM ] array (
)
[ info ] [ RUN ] app\admin\controller\User->login[ F:\www\bank.cn\app\admin\controller\User.php ]
[ info ] [ VIEW ] F:\www\bank.cn/app/admin\view\user\login.html [ array (
) ]
[ info ] [ LOG ] INIT File
---------------------------------------------------------------
[ 2017-08-02T15:51:18+08:00 ] 76.36.0.8 76.36.0.60 POST /admin/user/login.html
[ info ] 76.36.0.8/admin/user/login.html [运行时间：0.140400s][吞吐率：7.12req/s] [内存消耗：2,638.03kb] [文件加载：58]
[ info ] [ LANG ] F:\www\bank.cn\thinkphp\lang\zh-cn.php
[ info ] [ ROUTE ] array (
  'type' => 'module',
  'module' => 
  array (
    0 => 'admin',
    1 => 'user',
    2 => 'login',
  ),
)
[ info ] [ HEADER ] array (
  'accept' => 'application/x-ms-application, image/jpeg, application/xaml+xml, image/gif, image/pjpeg, application/x-ms-xbap, */*',
  'referer' => 'http://76.36.0.8/admin/user/login.html',
  'accept-language' => 'zh-CN',
  'user-agent' => 'Mozilla/4.0 (compatible; MSIE 8.0; Windows NT 6.1; Win64; x64; Trident/4.0; .NET CLR 2.0.50727; SLCC2; .NET CLR 3.5.30729; .NET CLR 3.0.30729; Tablet PC 2.0)',
  'content-type' => 'application/x-www-form-urlencoded',
  'ua-cpu' => 'AMD64',
  'accept-encoding' => 'gzip, deflate',
  'host' => '76.36.0.8',
  'content-length' => '30',
  'connection' => 'Keep-Alive',
  'cache-control' => 'no-cache',
  'cookie' => 'PHPSESSID=h7hkv57t24ovj9ludnjcgm6op4',
)
[ info ] [ PARAM ] array (
  'username' => 'admin',
  'password' => '123456',
)
[ info ] [ RUN ] app\admin\controller\User->login[ F:\www\bank.cn\app\admin\controller\User.php ]
[ info ] [ DB ] INIT mysql
[ info ] [ SESSION ] INIT array (
  'id' => '',
  'var_session_id' => '',
  'prefix' => 'think',
  'type' => '',
  'auto_start' => true,
)
[ info ] [ CACHE ] INIT File
[ info ] [ VIEW ] F:\www\bank.cn/app/admin\view\user\jump.html [ array (
  0 => 'code',
  1 => 'msg',
  2 => 'data',
  3 => 'url',
  4 => 'wait',
) ]
[ info ] [ LOG ] INIT File
[ sql ] [ DB ] CONNECT:[ UseTime:0.000000s ] mysql:dbname=bank;host=127.0.0.1;charset=utf8
[ sql ] [ SQL ] SHOW COLUMNS FROM `ym_rbac_user` [ RunTime:0.000000s ]
[ sql ] [ SQL ] SELECT * FROM `ym_rbac_user` WHERE  `username` = 'admin'  AND `is_del` = 0 LIMIT 1 [ RunTime:0.000000s ]
[ sql ] [ SQL ] SHOW COLUMNS FROM `ym_action` [ RunTime:0.000000s ]
[ sql ] [ SQL ] SELECT * FROM `ym_action` WHERE  `name` = 'user_login' LIMIT 1 [ RunTime:0.000000s ]
[ sql ] [ SQL ] SELECT `username` FROM `ym_rbac_user` WHERE  `id` = 6 LIMIT 1 [ RunTime:0.000000s ]
[ sql ] [ SQL ] SHOW COLUMNS FROM `ym_action_log` [ RunTime:0.000000s ]
[ sql ] [ SQL ] INSERT INTO `ym_action_log` (`action_id` , `user_id` , `action_ip` , `model` , `record_id` , `create_time` , `remark`) VALUES (1 , 6 , 1277427772 , 'rbac_user' , 6 , 1501660278 , 'admin在2017-08-02 15:51登录了后台') [ RunTime:0.000000s ]
[ sql ] [ SQL ] UPDATE `ym_rbac_user`  SET `last_login_time`=1501660278,`last_login_ip`='76.36.0.60',`login_count`=40  WHERE  `id` = 6 [ RunTime:0.062400s ]
---------------------------------------------------------------
[ 2017-08-02T15:51:20+08:00 ] 76.36.0.8 76.36.0.60 POST /admin/user/login.html
[ info ] 76.36.0.8/admin/user/login.html [运行时间：0.078000s][吞吐率：12.82req/s] [内存消耗：2,638.03kb] [文件加载：58]
[ info ] [ LANG ] F:\www\bank.cn\thinkphp\lang\zh-cn.php
[ info ] [ ROUTE ] array (
  'type' => 'module',
  'module' => 
  array (
    0 => 'admin',
    1 => 'user',
    2 => 'login',
  ),
)
[ info ] [ HEADER ] array (
  'accept' => 'application/x-ms-application, image/jpeg, application/xaml+xml, image/gif, image/pjpeg, application/x-ms-xbap, */*',
  'referer' => 'http://76.36.0.8/admin/user/login.html',
  'accept-language' => 'zh-CN',
  'user-agent' => 'Mozilla/4.0 (compatible; MSIE 8.0; Windows NT 6.1; Win64; x64; Trident/4.0; .NET CLR 2.0.50727; SLCC2; .NET CLR 3.5.30729; .NET CLR 3.0.30729; Tablet PC 2.0)',
  'content-type' => 'application/x-www-form-urlencoded',
  'ua-cpu' => 'AMD64',
  'accept-encoding' => 'gzip, deflate',
  'host' => '76.36.0.8',
  'content-length' => '30',
  'connection' => 'Keep-Alive',
  'cache-control' => 'no-cache',
  'cookie' => 'PHPSESSID=h7hkv57t24ovj9ludnjcgm6op4',
)
[ info ] [ PARAM ] array (
  'username' => 'admin',
  'password' => '123456',
)
[ info ] [ RUN ] app\admin\controller\User->login[ F:\www\bank.cn\app\admin\controller\User.php ]
[ info ] [ DB ] INIT mysql
[ info ] [ SESSION ] INIT array (
  'id' => '',
  'var_session_id' => '',
  'prefix' => 'think',
  'type' => '',
  'auto_start' => true,
)
[ info ] [ CACHE ] INIT File
[ info ] [ VIEW ] F:\www\bank.cn/app/admin\view\user\jump.html [ array (
  0 => 'code',
  1 => 'msg',
  2 => 'data',
  3 => 'url',
  4 => 'wait',
) ]
[ info ] [ LOG ] INIT File
[ sql ] [ DB ] CONNECT:[ UseTime:0.000000s ] mysql:dbname=bank;host=127.0.0.1;charset=utf8
[ sql ] [ SQL ] SHOW COLUMNS FROM `ym_rbac_user` [ RunTime:0.000000s ]
[ sql ] [ SQL ] SELECT * FROM `ym_rbac_user` WHERE  `username` = 'admin'  AND `is_del` = 0 LIMIT 1 [ RunTime:0.000000s ]
[ sql ] [ SQL ] SHOW COLUMNS FROM `ym_action` [ RunTime:0.000000s ]
[ sql ] [ SQL ] SELECT * FROM `ym_action` WHERE  `name` = 'user_login' LIMIT 1 [ RunTime:0.000000s ]
[ sql ] [ SQL ] SELECT `username` FROM `ym_rbac_user` WHERE  `id` = 6 LIMIT 1 [ RunTime:0.000000s ]
[ sql ] [ SQL ] SHOW COLUMNS FROM `ym_action_log` [ RunTime:0.000000s ]
[ sql ] [ SQL ] INSERT INTO `ym_action_log` (`action_id` , `user_id` , `action_ip` , `model` , `record_id` , `create_time` , `remark`) VALUES (1 , 6 , 1277427772 , 'rbac_user' , 6 , 1501660280 , 'admin在2017-08-02 15:51登录了后台') [ RunTime:0.000000s ]
[ sql ] [ SQL ] UPDATE `ym_rbac_user`  SET `last_login_time`=1501660280,`last_login_ip`='76.36.0.60',`login_count`=41  WHERE  `id` = 6 [ RunTime:0.015600s ]
---------------------------------------------------------------
[ 2017-08-02T15:51:25+08:00 ] 76.36.0.8 76.36.0.60 GET /admin/index/index.html
[ info ] 76.36.0.8/admin/index/index.html [运行时间：0.078000s][吞吐率：12.82req/s] [内存消耗：2,576.98kb] [文件加载：54]
[ info ] [ LANG ] F:\www\bank.cn\thinkphp\lang\zh-cn.php
[ info ] [ ROUTE ] array (
  'type' => 'module',
  'module' => 
  array (
    0 => 'admin',
    1 => 'index',
    2 => 'index',
  ),
)
[ info ] [ HEADER ] array (
  'accept' => 'application/x-ms-application, image/jpeg, application/xaml+xml, image/gif, image/pjpeg, application/x-ms-xbap, */*',
  'accept-language' => 'zh-CN',
  'user-agent' => 'Mozilla/4.0 (compatible; MSIE 8.0; Windows NT 6.1; Win64; x64; Trident/4.0; .NET CLR 2.0.50727; SLCC2; .NET CLR 3.5.30729; .NET CLR 3.0.30729; Tablet PC 2.0)',
  'ua-cpu' => 'AMD64',
  'accept-encoding' => 'gzip, deflate',
  'host' => '76.36.0.8',
  'connection' => 'Keep-Alive',
  'cookie' => 'PHPSESSID=h7hkv57t24ovj9ludnjcgm6op4',
)
[ info ] [ PARAM ] array (
)
[ info ] [ SESSION ] INIT array (
  'id' => '',
  'var_session_id' => '',
  'prefix' => 'think',
  'type' => '',
  'auto_start' => true,
)
[ info ] [ DB ] INIT mysql
[ info ] [ RUN ] app\admin\controller\Index->index[ F:\www\bank.cn\app\admin\controller\Index.php ]
[ info ] [ VIEW ] F:\www\bank.cn/app/admin\view\index\index.html [ array (
  0 => 'nodes',
) ]
[ info ] [ LOG ] INIT File
[ sql ] [ DB ] CONNECT:[ UseTime:0.000000s ] mysql:dbname=bank;host=127.0.0.1;charset=utf8
[ sql ] [ SQL ] SHOW COLUMNS FROM `ym_rbac_role` [ RunTime:0.000000s ]
[ sql ] [ SQL ] SELECT * FROM `ym_rbac_role` WHERE  `id` = 13 LIMIT 1 [ RunTime:0.000000s ]
[ sql ] [ SQL ] SHOW COLUMNS FROM `ym_rbac_access` [ RunTime:0.000000s ]
[ sql ] [ SQL ] SELECT `a`.*,`b`.* FROM `ym_rbac_access` `a` INNER JOIN `ym_rbac_node` `b` ON `b`.`id`=`a`.`node_id` WHERE  (  a.role_id = 13 ) ORDER BY `b`.`id`  asc [ RunTime:0.000000s ]
[ sql ] [ SQL ] SELECT `b`.`name` FROM `ym_rbac_access` `a` INNER JOIN `ym_rbac_node` `b` ON `b`.`id`=`a`.`node_id` [ RunTime:0.000000s ]
[ sql ] [ SQL ] SELECT `b`.`name` FROM `ym_rbac_access` `a` INNER JOIN `ym_rbac_node` `b` ON `b`.`id`=`a`.`node_id` WHERE  (  a.role_id = 13 ) [ RunTime:0.000000s ]
---------------------------------------------------------------
[ 2017-08-02T15:51:30+08:00 ] 76.36.0.8 76.36.0.60 GET /admin/client/clientlist
[ info ] 76.36.0.8/admin/client/clientlist [运行时间：0.109200s][吞吐率：9.16req/s] [内存消耗：2,989.95kb] [文件加载：57]
[ info ] [ LANG ] F:\www\bank.cn\thinkphp\lang\zh-cn.php
[ info ] [ ROUTE ] array (
  'type' => 'module',
  'module' => 
  array (
    0 => 'admin',
    1 => 'client',
    2 => 'clientlist',
  ),
)
[ info ] [ HEADER ] array (
  'accept' => 'application/x-ms-application, image/jpeg, application/xaml+xml, image/gif, image/pjpeg, application/x-ms-xbap, */*',
  'referer' => 'http://76.36.0.8/admin/index/index.html',
  'accept-language' => 'zh-CN',
  'user-agent' => 'Mozilla/4.0 (compatible; MSIE 8.0; Windows NT 6.1; Win64; x64; Trident/4.0; .NET CLR 2.0.50727; SLCC2; .NET CLR 3.5.30729; .NET CLR 3.0.30729; Tablet PC 2.0)',
  'ua-cpu' => 'AMD64',
  'accept-encoding' => 'gzip, deflate',
  'host' => '76.36.0.8',
  'connection' => 'Keep-Alive',
  'cookie' => 'PHPSESSID=h7hkv57t24ovj9ludnjcgm6op4',
)
[ info ] [ PARAM ] array (
)
[ info ] [ SESSION ] INIT array (
  'id' => '',
  'var_session_id' => '',
  'prefix' => 'think',
  'type' => '',
  'auto_start' => true,
)
[ info ] [ DB ] INIT mysql
[ info ] [ RUN ] app\admin\controller\Client->clientlist[ F:\www\bank.cn\app\admin\controller\Client.php ]
[ info ] [ VIEW ] F:\www\bank.cn/app/admin\view\client\clientlist.html [ array (
  0 => 'nodes',
  1 => 'page',
  2 => 'bank',
  3 => 'title1',
  4 => 'title2',
  5 => 'clients',
) ]
[ info ] [ LOG ] INIT File
[ sql ] [ DB ] CONNECT:[ UseTime:0.015600s ] mysql:dbname=bank;host=127.0.0.1;charset=utf8
[ sql ] [ SQL ] SHOW COLUMNS FROM `ym_rbac_role` [ RunTime:0.000000s ]
[ sql ] [ SQL ] SELECT * FROM `ym_rbac_role` WHERE  `id` = 13 LIMIT 1 [ RunTime:0.000000s ]
[ sql ] [ SQL ] SHOW COLUMNS FROM `ym_rbac_access` [ RunTime:0.000000s ]
[ sql ] [ SQL ] SELECT `a`.*,`b`.* FROM `ym_rbac_access` `a` INNER JOIN `ym_rbac_node` `b` ON `b`.`id`=`a`.`node_id` WHERE  (  a.role_id = 13 ) ORDER BY `b`.`id`  asc [ RunTime:0.000000s ]
[ sql ] [ SQL ] SELECT `b`.`name` FROM `ym_rbac_access` `a` INNER JOIN `ym_rbac_node` `b` ON `b`.`id`=`a`.`node_id` [ RunTime:0.000000s ]
[ sql ] [ SQL ] SELECT `b`.`name` FROM `ym_rbac_access` `a` INNER JOIN `ym_rbac_node` `b` ON `b`.`id`=`a`.`node_id` WHERE  (  a.role_id = 13 ) [ RunTime:0.000000s ]
[ sql ] [ SQL ] SHOW COLUMNS FROM `ym_client` [ RunTime:0.000000s ]
[ sql ] [ SQL ] SELECT COUNT(*) AS tp_count FROM `ym_client` `a` LEFT JOIN `ym_base_msg` `b` ON `a`.`id`=`b`.`client_id` WHERE  `a`.`is_del` = 0 LIMIT 1 [ RunTime:0.000000s ]
[ sql ] [ SQL ] SELECT `a`.*,`b`.`phone_number`,`b`.`current_address` FROM `ym_client` `a` LEFT JOIN `ym_base_msg` `b` ON `a`.`id`=`b`.`client_id` WHERE  `a`.`is_del` = 0 ORDER BY `a`.`add_time`  desc LIMIT 0,20 [ RunTime:0.000000s ]
[ sql ] [ SQL ] SHOW COLUMNS FROM `ym_bank` [ RunTime:0.000000s ]
[ sql ] [ SQL ] SELECT * FROM `ym_bank` WHERE  `is_del` = 0 [ RunTime:0.000000s ]
[ sql ] [ SQL ] SHOW COLUMNS FROM `ym_dataconfig` [ RunTime:0.000000s ]
[ sql ] [ SQL ] SELECT `value` FROM `ym_dataconfig` WHERE  `code` = 'client_grade' LIMIT 1 [ RunTime:0.000000s ]
[ sql ] [ SQL ] SELECT `value` FROM `ym_dataconfig` WHERE  `code` = 'client_grade' LIMIT 1 [ RunTime:0.000000s ]
[ sql ] [ SQL ] SELECT `value` FROM `ym_dataconfig` WHERE  `code` = 'client_grade' LIMIT 1 [ RunTime:0.000000s ]
[ sql ] [ SQL ] SELECT `value` FROM `ym_dataconfig` WHERE  `code` = 'client_grade' LIMIT 1 [ RunTime:0.000000s ]
[ sql ] [ SQL ] SELECT `value` FROM `ym_dataconfig` WHERE  `code` = 'client_grade' LIMIT 1 [ RunTime:0.000000s ]
[ sql ] [ SQL ] SELECT `value` FROM `ym_dataconfig` WHERE  `code` = 'client_grade' LIMIT 1 [ RunTime:0.000000s ]
[ sql ] [ SQL ] SELECT `value` FROM `ym_dataconfig` WHERE  `code` = 'client_grade' LIMIT 1 [ RunTime:0.000000s ]
[ sql ] [ SQL ] SELECT `value` FROM `ym_dataconfig` WHERE  `code` = 'client_grade' LIMIT 1 [ RunTime:0.000000s ]
[ sql ] [ SQL ] SELECT `value` FROM `ym_dataconfig` WHERE  `code` = 'client_grade' LIMIT 1 [ RunTime:0.000000s ]
[ sql ] [ SQL ] SELECT `value` FROM `ym_dataconfig` WHERE  `code` = 'client_grade' LIMIT 1 [ RunTime:0.000000s ]
[ sql ] [ SQL ] SELECT `value` FROM `ym_dataconfig` WHERE  `code` = 'client_grade' LIMIT 1 [ RunTime:0.000000s ]
[ sql ] [ SQL ] SELECT `value` FROM `ym_dataconfig` WHERE  `code` = 'client_grade' LIMIT 1 [ RunTime:0.000000s ]
[ sql ] [ SQL ] SELECT `value` FROM `ym_dataconfig` WHERE  `code` = 'client_grade' LIMIT 1 [ RunTime:0.000000s ]
[ sql ] [ SQL ] SELECT `value` FROM `ym_dataconfig` WHERE  `code` = 'client_grade' LIMIT 1 [ RunTime:0.000000s ]
[ sql ] [ SQL ] SELECT `value` FROM `ym_dataconfig` WHERE  `code` = 'client_grade' LIMIT 1 [ RunTime:0.000000s ]
[ sql ] [ SQL ] SELECT `value` FROM `ym_dataconfig` WHERE  `code` = 'client_grade' LIMIT 1 [ RunTime:0.000000s ]
[ sql ] [ SQL ] SELECT `value` FROM `ym_dataconfig` WHERE  `code` = 'client_grade' LIMIT 1 [ RunTime:0.000000s ]
[ sql ] [ SQL ] SELECT `value` FROM `ym_dataconfig` WHERE  `code` = 'client_grade' LIMIT 1 [ RunTime:0.000000s ]
[ sql ] [ SQL ] SELECT `value` FROM `ym_dataconfig` WHERE  `code` = 'client_grade' LIMIT 1 [ RunTime:0.000000s ]
[ sql ] [ SQL ] SELECT `value` FROM `ym_dataconfig` WHERE  `code` = 'client_grade' LIMIT 1 [ RunTime:0.000000s ]
---------------------------------------------------------------
[ 2017-08-02T15:51:32+08:00 ] 76.36.0.8 76.36.0.60 GET /admin/client/clientlist
[ info ] 76.36.0.8/admin/client/clientlist [运行时间：0.109200s][吞吐率：9.16req/s] [内存消耗：2,989.95kb] [文件加载：57]
[ info ] [ LANG ] F:\www\bank.cn\thinkphp\lang\zh-cn.php
[ info ] [ ROUTE ] array (
  'type' => 'module',
  'module' => 
  array (
    0 => 'admin',
    1 => 'client',
    2 => 'clientlist',
  ),
)
[ info ] [ HEADER ] array (
  'accept' => 'application/x-ms-application, image/jpeg, application/xaml+xml, image/gif, image/pjpeg, application/x-ms-xbap, */*',
  'referer' => 'http://76.36.0.8/admin/index/index.html',
  'accept-language' => 'zh-CN',
  'user-agent' => 'Mozilla/4.0 (compatible; MSIE 8.0; Windows NT 6.1; Win64; x64; Trident/4.0; .NET CLR 2.0.50727; SLCC2; .NET CLR 3.5.30729; .NET CLR 3.0.30729; Tablet PC 2.0)',
  'ua-cpu' => 'AMD64',
  'accept-encoding' => 'gzip, deflate',
  'host' => '76.36.0.8',
  'connection' => 'Keep-Alive',
  'cookie' => 'PHPSESSID=h7hkv57t24ovj9ludnjcgm6op4',
)
[ info ] [ PARAM ] array (
)
[ info ] [ SESSION ] INIT array (
  'id' => '',
  'var_session_id' => '',
  'prefix' => 'think',
  'type' => '',
  'auto_start' => true,
)
[ info ] [ DB ] INIT mysql
[ info ] [ RUN ] app\admin\controller\Client->clientlist[ F:\www\bank.cn\app\admin\controller\Client.php ]
[ info ] [ VIEW ] F:\www\bank.cn/app/admin\view\client\clientlist.html [ array (
  0 => 'nodes',
  1 => 'page',
  2 => 'bank',
  3 => 'title1',
  4 => 'title2',
  5 => 'clients',
) ]
[ info ] [ LOG ] INIT File
[ sql ] [ DB ] CONNECT:[ UseTime:0.000000s ] mysql:dbname=bank;host=127.0.0.1;charset=utf8
[ sql ] [ SQL ] SHOW COLUMNS FROM `ym_rbac_role` [ RunTime:0.000000s ]
[ sql ] [ SQL ] SELECT * FROM `ym_rbac_role` WHERE  `id` = 13 LIMIT 1 [ RunTime:0.015600s ]
[ sql ] [ SQL ] SHOW COLUMNS FROM `ym_rbac_access` [ RunTime:0.000000s ]
[ sql ] [ SQL ] SELECT `a`.*,`b`.* FROM `ym_rbac_access` `a` INNER JOIN `ym_rbac_node` `b` ON `b`.`id`=`a`.`node_id` WHERE  (  a.role_id = 13 ) ORDER BY `b`.`id`  asc [ RunTime:0.000000s ]
[ sql ] [ SQL ] SELECT `b`.`name` FROM `ym_rbac_access` `a` INNER JOIN `ym_rbac_node` `b` ON `b`.`id`=`a`.`node_id` [ RunTime:0.000000s ]
[ sql ] [ SQL ] SELECT `b`.`name` FROM `ym_rbac_access` `a` INNER JOIN `ym_rbac_node` `b` ON `b`.`id`=`a`.`node_id` WHERE  (  a.role_id = 13 ) [ RunTime:0.000000s ]
[ sql ] [ SQL ] SHOW COLUMNS FROM `ym_client` [ RunTime:0.000000s ]
[ sql ] [ SQL ] SELECT COUNT(*) AS tp_count FROM `ym_client` `a` LEFT JOIN `ym_base_msg` `b` ON `a`.`id`=`b`.`client_id` WHERE  `a`.`is_del` = 0 LIMIT 1 [ RunTime:0.000000s ]
[ sql ] [ SQL ] SELECT `a`.*,`b`.`phone_number`,`b`.`current_address` FROM `ym_client` `a` LEFT JOIN `ym_base_msg` `b` ON `a`.`id`=`b`.`client_id` WHERE  `a`.`is_del` = 0 ORDER BY `a`.`add_time`  desc LIMIT 0,20 [ RunTime:0.000000s ]
[ sql ] [ SQL ] SHOW COLUMNS FROM `ym_bank` [ RunTime:0.000000s ]
[ sql ] [ SQL ] SELECT * FROM `ym_bank` WHERE  `is_del` = 0 [ RunTime:0.000000s ]
[ sql ] [ SQL ] SHOW COLUMNS FROM `ym_dataconfig` [ RunTime:0.015600s ]
[ sql ] [ SQL ] SELECT `value` FROM `ym_dataconfig` WHERE  `code` = 'client_grade' LIMIT 1 [ RunTime:0.000000s ]
[ sql ] [ SQL ] SELECT `value` FROM `ym_dataconfig` WHERE  `code` = 'client_grade' LIMIT 1 [ RunTime:0.000000s ]
[ sql ] [ SQL ] SELECT `value` FROM `ym_dataconfig` WHERE  `code` = 'client_grade' LIMIT 1 [ RunTime:0.000000s ]
[ sql ] [ SQL ] SELECT `value` FROM `ym_dataconfig` WHERE  `code` = 'client_grade' LIMIT 1 [ RunTime:0.000000s ]
[ sql ] [ SQL ] SELECT `value` FROM `ym_dataconfig` WHERE  `code` = 'client_grade' LIMIT 1 [ RunTime:0.000000s ]
[ sql ] [ SQL ] SELECT `value` FROM `ym_dataconfig` WHERE  `code` = 'client_grade' LIMIT 1 [ RunTime:0.000000s ]
[ sql ] [ SQL ] SELECT `value` FROM `ym_dataconfig` WHERE  `code` = 'client_grade' LIMIT 1 [ RunTime:0.000000s ]
[ sql ] [ SQL ] SELECT `value` FROM `ym_dataconfig` WHERE  `code` = 'client_grade' LIMIT 1 [ RunTime:0.000000s ]
[ sql ] [ SQL ] SELECT `value` FROM `ym_dataconfig` WHERE  `code` = 'client_grade' LIMIT 1 [ RunTime:0.000000s ]
[ sql ] [ SQL ] SELECT `value` FROM `ym_dataconfig` WHERE  `code` = 'client_grade' LIMIT 1 [ RunTime:0.000000s ]
[ sql ] [ SQL ] SELECT `value` FROM `ym_dataconfig` WHERE  `code` = 'client_grade' LIMIT 1 [ RunTime:0.000000s ]
[ sql ] [ SQL ] SELECT `value` FROM `ym_dataconfig` WHERE  `code` = 'client_grade' LIMIT 1 [ RunTime:0.000000s ]
[ sql ] [ SQL ] SELECT `value` FROM `ym_dataconfig` WHERE  `code` = 'client_grade' LIMIT 1 [ RunTime:0.015600s ]
[ sql ] [ SQL ] SELECT `value` FROM `ym_dataconfig` WHERE  `code` = 'client_grade' LIMIT 1 [ RunTime:0.000000s ]
[ sql ] [ SQL ] SELECT `value` FROM `ym_dataconfig` WHERE  `code` = 'client_grade' LIMIT 1 [ RunTime:0.000000s ]
[ sql ] [ SQL ] SELECT `value` FROM `ym_dataconfig` WHERE  `code` = 'client_grade' LIMIT 1 [ RunTime:0.000000s ]
[ sql ] [ SQL ] SELECT `value` FROM `ym_dataconfig` WHERE  `code` = 'client_grade' LIMIT 1 [ RunTime:0.000000s ]
[ sql ] [ SQL ] SELECT `value` FROM `ym_dataconfig` WHERE  `code` = 'client_grade' LIMIT 1 [ RunTime:0.000000s ]
[ sql ] [ SQL ] SELECT `value` FROM `ym_dataconfig` WHERE  `code` = 'client_grade' LIMIT 1 [ RunTime:0.000000s ]
[ sql ] [ SQL ] SELECT `value` FROM `ym_dataconfig` WHERE  `code` = 'client_grade' LIMIT 1 [ RunTime:0.000000s ]
---------------------------------------------------------------
[ 2017-08-02T15:51:36+08:00 ] 76.36.0.8 76.36.0.60 GET /admin/client/clientdetail/client_id/171.html
[ info ] 76.36.0.8/admin/client/clientdetail/client_id/171.html [运行时间：0.078000s][吞吐率：12.82req/s] [内存消耗：2,771.89kb] [文件加载：54]
[ info ] [ LANG ] F:\www\bank.cn\thinkphp\lang\zh-cn.php
[ info ] [ ROUTE ] array (
  'type' => 'module',
  'module' => 
  array (
    0 => 'admin',
    1 => 'client',
    2 => 'clientdetail',
  ),
)
[ info ] [ HEADER ] array (
  'accept' => 'application/x-ms-application, image/jpeg, application/xaml+xml, image/gif, image/pjpeg, application/x-ms-xbap, */*',
  'referer' => 'http://76.36.0.8/admin/client/clientlist',
  'accept-language' => 'zh-CN',
  'user-agent' => 'Mozilla/4.0 (compatible; MSIE 8.0; Windows NT 6.1; Win64; x64; Trident/4.0; .NET CLR 2.0.50727; SLCC2; .NET CLR 3.5.30729; .NET CLR 3.0.30729; Tablet PC 2.0)',
  'ua-cpu' => 'AMD64',
  'accept-encoding' => 'gzip, deflate',
  'host' => '76.36.0.8',
  'connection' => 'Keep-Alive',
  'cookie' => 'PHPSESSID=h7hkv57t24ovj9ludnjcgm6op4',
)
[ info ] [ PARAM ] array (
  'client_id' => '171',
)
[ info ] [ SESSION ] INIT array (
  'id' => '',
  'var_session_id' => '',
  'prefix' => 'think',
  'type' => '',
  'auto_start' => true,
)
[ info ] [ DB ] INIT mysql
[ info ] [ RUN ] app\admin\controller\Client->clientdetail[ F:\www\bank.cn\app\admin\controller\Client.php ]
[ info ] [ VIEW ] F:\www\bank.cn/app/admin\view\client\clientdetail.html [ array (
  0 => 'nodes',
  1 => 'other',
  2 => 'base',
  3 => 'areamsg',
  4 => 'hs',
  5 => 'client',
  6 => 'title1',
  7 => 'title2',
  8 => 'controller',
) ]
[ info ] [ LOG ] INIT File
[ sql ] [ DB ] CONNECT:[ UseTime:0.000000s ] mysql:dbname=bank;host=127.0.0.1;charset=utf8
[ sql ] [ SQL ] SHOW COLUMNS FROM `ym_rbac_role` [ RunTime:0.000000s ]
[ sql ] [ SQL ] SELECT * FROM `ym_rbac_role` WHERE  `id` = 13 LIMIT 1 [ RunTime:0.000000s ]
[ sql ] [ SQL ] SHOW COLUMNS FROM `ym_rbac_access` [ RunTime:0.015600s ]
[ sql ] [ SQL ] SELECT `a`.*,`b`.* FROM `ym_rbac_access` `a` INNER JOIN `ym_rbac_node` `b` ON `b`.`id`=`a`.`node_id` WHERE  (  a.role_id = 13 ) ORDER BY `b`.`id`  asc [ RunTime:0.000000s ]
[ sql ] [ SQL ] SELECT `b`.`name` FROM `ym_rbac_access` `a` INNER JOIN `ym_rbac_node` `b` ON `b`.`id`=`a`.`node_id` [ RunTime:0.000000s ]
[ sql ] [ SQL ] SHOW COLUMNS FROM `ym_client` [ RunTime:0.000000s ]
[ sql ] [ SQL ] SELECT `c`.*,`b`.`bankname` FROM `ym_client` `c` LEFT JOIN `ym_bank` `b` ON `c`.`belong_organization`=`b`.`id` WHERE  `c`.`id` = '171' [ RunTime:0.000000s ]
[ sql ] [ SQL ] SHOW COLUMNS FROM `ym_base_msg` [ RunTime:0.015600s ]
[ sql ] [ SQL ] SELECT * FROM `ym_base_msg` WHERE  `client_id` = 171 [ RunTime:0.000000s ]
[ sql ] [ SQL ] SHOW COLUMNS FROM `ym_other_message` [ RunTime:0.000000s ]
[ sql ] [ SQL ] SELECT * FROM `ym_other_message` WHERE  `client_id` = 171 [ RunTime:0.000000s ]
---------------------------------------------------------------
[ 2017-08-02T15:51:38+08:00 ] 76.36.0.8 76.36.0.60 GET /admin/client/clientdetail/client_id/171.html
[ info ] 76.36.0.8/admin/client/clientdetail/client_id/171.html [运行时间：0.093600s][吞吐率：10.68req/s] [内存消耗：2,772.01kb] [文件加载：54]
[ info ] [ LANG ] F:\www\bank.cn\thinkphp\lang\zh-cn.php
[ info ] [ ROUTE ] array (
  'type' => 'module',
  'module' => 
  array (
    0 => 'admin',
    1 => 'client',
    2 => 'clientdetail',
  ),
)
[ info ] [ HEADER ] array (
  'accept' => 'application/x-ms-application, image/jpeg, application/xaml+xml, image/gif, image/pjpeg, application/x-ms-xbap, */*',
  'referer' => 'http://76.36.0.8/admin/client/clientlist',
  'accept-language' => 'zh-CN',
  'user-agent' => 'Mozilla/4.0 (compatible; MSIE 8.0; Windows NT 6.1; Win64; x64; Trident/4.0; .NET CLR 2.0.50727; SLCC2; .NET CLR 3.5.30729; .NET CLR 3.0.30729; Tablet PC 2.0)',
  'ua-cpu' => 'AMD64',
  'accept-encoding' => 'gzip, deflate',
  'host' => '76.36.0.8',
  'connection' => 'Keep-Alive',
  'cookie' => 'PHPSESSID=h7hkv57t24ovj9ludnjcgm6op4',
)
[ info ] [ PARAM ] array (
  'client_id' => '171',
)
[ info ] [ SESSION ] INIT array (
  'id' => '',
  'var_session_id' => '',
  'prefix' => 'think',
  'type' => '',
  'auto_start' => true,
)
[ info ] [ DB ] INIT mysql
[ info ] [ RUN ] app\admin\controller\Client->clientdetail[ F:\www\bank.cn\app\admin\controller\Client.php ]
[ info ] [ VIEW ] F:\www\bank.cn/app/admin\view\client\clientdetail.html [ array (
  0 => 'nodes',
  1 => 'other',
  2 => 'base',
  3 => 'areamsg',
  4 => 'hs',
  5 => 'client',
  6 => 'title1',
  7 => 'title2',
  8 => 'controller',
) ]
[ info ] [ LOG ] INIT File
[ sql ] [ DB ] CONNECT:[ UseTime:0.000000s ] mysql:dbname=bank;host=127.0.0.1;charset=utf8
[ sql ] [ SQL ] SHOW COLUMNS FROM `ym_rbac_role` [ RunTime:0.015600s ]
[ sql ] [ SQL ] SELECT * FROM `ym_rbac_role` WHERE  `id` = 13 LIMIT 1 [ RunTime:0.000000s ]
[ sql ] [ SQL ] SHOW COLUMNS FROM `ym_rbac_access` [ RunTime:0.000000s ]
[ sql ] [ SQL ] SELECT `a`.*,`b`.* FROM `ym_rbac_access` `a` INNER JOIN `ym_rbac_node` `b` ON `b`.`id`=`a`.`node_id` WHERE  (  a.role_id = 13 ) ORDER BY `b`.`id`  asc [ RunTime:0.000000s ]
[ sql ] [ SQL ] SELECT `b`.`name` FROM `ym_rbac_access` `a` INNER JOIN `ym_rbac_node` `b` ON `b`.`id`=`a`.`node_id` [ RunTime:0.000000s ]
[ sql ] [ SQL ] SHOW COLUMNS FROM `ym_client` [ RunTime:0.015600s ]
[ sql ] [ SQL ] SELECT `c`.*,`b`.`bankname` FROM `ym_client` `c` LEFT JOIN `ym_bank` `b` ON `c`.`belong_organization`=`b`.`id` WHERE  `c`.`id` = '171' [ RunTime:0.000000s ]
[ sql ] [ SQL ] SHOW COLUMNS FROM `ym_base_msg` [ RunTime:0.000000s ]
[ sql ] [ SQL ] SELECT * FROM `ym_base_msg` WHERE  `client_id` = 171 [ RunTime:0.000000s ]
[ sql ] [ SQL ] SHOW COLUMNS FROM `ym_other_message` [ RunTime:0.000000s ]
[ sql ] [ SQL ] SELECT * FROM `ym_other_message` WHERE  `client_id` = 171 [ RunTime:0.000000s ]
---------------------------------------------------------------
[ 2017-08-02T15:51:39+08:00 ] 76.36.0.8 76.36.0.60 GET /static/mapv2/images/navigation-control/geolocation-control/pc/bg-20x20.png
[ info ] 76.36.0.8/static/mapv2/images/navigation-control/geolocation-control/pc/bg-20x20.png [运行时间：0.031200s][吞吐率：32.05req/s] [内存消耗：1,459.78kb] [文件加载：39]
[ info ] [ LANG ] F:\www\bank.cn\thinkphp\lang\zh-cn.php
[ info ] [ ROUTE ] array (
  'type' => 'module',
  'module' => 
  array (
    0 => 'static',
    1 => 'mapv2',
    2 => 'images',
  ),
)
[ info ] [ HEADER ] array (
  'accept' => '*/*',
  'referer' => 'http://76.36.0.8/admin/client/clientdetail/client_id/171.html',
  'accept-language' => 'zh-CN',
  'user-agent' => 'Mozilla/4.0 (compatible; MSIE 8.0; Windows NT 6.1; Win64; x64; Trident/4.0; .NET CLR 2.0.50727; SLCC2; .NET CLR 3.5.30729; .NET CLR 3.0.30729; Tablet PC 2.0)',
  'ua-cpu' => 'AMD64',
  'accept-encoding' => 'gzip, deflate',
  'host' => '76.36.0.8',
  'connection' => 'Keep-Alive',
  'cookie' => 'PHPSESSID=h7hkv57t24ovj9ludnjcgm6op4',
)
[ info ] [ PARAM ] array (
  'control' => 'geolocation-control',
  'pc' => 'bg-20x20.png',
)
[ info ] [ LOG ] INIT File
---------------------------------------------------------------
[ 2017-08-02T15:51:39+08:00 ] 76.36.0.8 76.36.0.60 GET /static/mapv2/images/navigation-control/geolocation-control/pc/success-10x10.png
[ info ] 76.36.0.8/static/mapv2/images/navigation-control/geolocation-control/pc/success-10x10.png [运行时间：0.031200s][吞吐率：32.05req/s] [内存消耗：1,459.84kb] [文件加载：39]
[ info ] [ LANG ] F:\www\bank.cn\thinkphp\lang\zh-cn.php
[ info ] [ ROUTE ] array (
  'type' => 'module',
  'module' => 
  array (
    0 => 'static',
    1 => 'mapv2',
    2 => 'images',
  ),
)
[ info ] [ HEADER ] array (
  'accept' => '*/*',
  'referer' => 'http://76.36.0.8/admin/client/clientdetail/client_id/171.html',
  'accept-language' => 'zh-CN',
  'user-agent' => 'Mozilla/4.0 (compatible; MSIE 8.0; Windows NT 6.1; Win64; x64; Trident/4.0; .NET CLR 2.0.50727; SLCC2; .NET CLR 3.5.30729; .NET CLR 3.0.30729; Tablet PC 2.0)',
  'ua-cpu' => 'AMD64',
  'accept-encoding' => 'gzip, deflate',
  'host' => '76.36.0.8',
  'connection' => 'Keep-Alive',
  'cookie' => 'PHPSESSID=h7hkv57t24ovj9ludnjcgm6op4',
)
[ info ] [ PARAM ] array (
  'control' => 'geolocation-control',
  'pc' => 'success-10x10.png',
)
[ info ] [ LOG ] INIT File
