---------------------------------------------------------------
[ 2017-08-23T14:32:39+08:00 ] 76.36.0.8 76.36.0.60 GET /admin/index
[ info ] 76.36.0.8/admin/index [运行时间：0.044003s][吞吐率：22.73req/s] [内存消耗：1,808.16kb] [文件加载：48]
[ info ] [ LANG ] F:\www\bank.cn\thinkphp\lang\zh-cn.php
[ info ] [ ROUTE ] array (
  'type' => 'module',
  'module' => 
  array (
    0 => 'admin',
    1 => 'index',
    2 => NULL,
  ),
)
[ info ] [ HEADER ] array (
  'host' => '76.36.0.8',
  'connection' => 'keep-alive',
  'accept' => 'text/html,application/xhtml+xml,application/xml;q=0.9,image/webp,*/*;q=0.8',
  'user-agent' => 'Mozilla/5.0 (Windows NT 6.1; WOW64) AppleWebKit/537.36 (KHTML, like Gecko) Chrome/31.0.1650.63 Safari/537.36',
  'accept-encoding' => 'gzip,deflate,sdch',
  'accept-language' => 'zh-CN,zh;q=0.8',
)
[ info ] [ PARAM ] array (
)
[ info ] [ SESSION ] INIT array (
  'id' => '',
  'var_session_id' => '',
  'prefix' => 'think',
  'type' => '',
  'auto_start' => true,
)
[ info ] [ LOG ] INIT File
---------------------------------------------------------------
[ 2017-08-23T14:32:39+08:00 ] 76.36.0.8 76.36.0.60 GET /admin/user/login.html
[ info ] 76.36.0.8/admin/user/login.html [运行时间：0.039003s][吞吐率：25.64req/s] [内存消耗：1,773.52kb] [文件加载：46]
[ info ] [ LANG ] F:\www\bank.cn\thinkphp\lang\zh-cn.php
[ info ] [ ROUTE ] array (
  'type' => 'module',
  'module' => 
  array (
    0 => 'admin',
    1 => 'user',
    2 => 'login',
  ),
)
[ info ] [ HEADER ] array (
  'host' => '76.36.0.8',
  'connection' => 'keep-alive',
  'accept' => 'text/html,application/xhtml+xml,application/xml;q=0.9,image/webp,*/*;q=0.8',
  'user-agent' => 'Mozilla/5.0 (Windows NT 6.1; WOW64) AppleWebKit/537.36 (KHTML, like Gecko) Chrome/31.0.1650.63 Safari/537.36',
  'accept-encoding' => 'gzip,deflate,sdch',
  'accept-language' => 'zh-CN,zh;q=0.8',
  'cookie' => 'PHPSESSID=37o04hc6hfptgdtpdku39nup36',
)
[ info ] [ PARAM ] array (
)
[ info ] [ RUN ] app\admin\controller\User->login[ F:\www\bank.cn\app\admin\controller\User.php ]
[ info ] [ VIEW ] F:\www\bank.cn/app/admin\view\user\login.html [ array (
) ]
[ info ] [ LOG ] INIT File
---------------------------------------------------------------
[ 2017-08-23T14:32:52+08:00 ] 76.36.0.8 76.36.0.60 POST /admin/user/login.html
[ info ] 76.36.0.8/admin/user/login.html [运行时间：0.151009s][吞吐率：6.62req/s] [内存消耗：2,637.95kb] [文件加载：58]
[ info ] [ LANG ] F:\www\bank.cn\thinkphp\lang\zh-cn.php
[ info ] [ ROUTE ] array (
  'type' => 'module',
  'module' => 
  array (
    0 => 'admin',
    1 => 'user',
    2 => 'login',
  ),
)
[ info ] [ HEADER ] array (
  'host' => '76.36.0.8',
  'connection' => 'keep-alive',
  'content-length' => '30',
  'cache-control' => 'max-age=0',
  'accept' => 'text/html,application/xhtml+xml,application/xml;q=0.9,image/webp,*/*;q=0.8',
  'origin' => 'http://76.36.0.8',
  'user-agent' => 'Mozilla/5.0 (Windows NT 6.1; WOW64) AppleWebKit/537.36 (KHTML, like Gecko) Chrome/31.0.1650.63 Safari/537.36',
  'content-type' => 'application/x-www-form-urlencoded',
  'referer' => 'http://76.36.0.8/admin/user/login.html',
  'accept-encoding' => 'gzip,deflate,sdch',
  'accept-language' => 'zh-CN,zh;q=0.8',
  'cookie' => 'PHPSESSID=37o04hc6hfptgdtpdku39nup36',
)
[ info ] [ PARAM ] array (
  'username' => 'admin',
  'password' => '123456',
)
[ info ] [ RUN ] app\admin\controller\User->login[ F:\www\bank.cn\app\admin\controller\User.php ]
[ info ] [ DB ] INIT mysql
[ info ] [ SESSION ] INIT array (
  'id' => '',
  'var_session_id' => '',
  'prefix' => 'think',
  'type' => '',
  'auto_start' => true,
)
[ info ] [ CACHE ] INIT File
[ info ] [ VIEW ] F:\www\bank.cn/app/admin\view\user\jump.html [ array (
  0 => 'code',
  1 => 'msg',
  2 => 'data',
  3 => 'url',
  4 => 'wait',
) ]
[ info ] [ LOG ] INIT File
[ sql ] [ DB ] CONNECT:[ UseTime:0.002000s ] mysql:dbname=bank;host=127.0.0.1;charset=utf8
[ sql ] [ SQL ] SHOW COLUMNS FROM `ym_rbac_user` [ RunTime:0.005001s ]
[ sql ] [ SQL ] SELECT * FROM `ym_rbac_user` WHERE  `username` = 'admin'  AND `is_del` = 0 LIMIT 1 [ RunTime:0.025001s ]
[ sql ] [ SQL ] SHOW COLUMNS FROM `ym_action` [ RunTime:0.005001s ]
[ sql ] [ SQL ] SELECT * FROM `ym_action` WHERE  `name` = 'user_login' LIMIT 1 [ RunTime:0.000000s ]
[ sql ] [ SQL ] SELECT `username` FROM `ym_rbac_user` WHERE  `id` = 6 LIMIT 1 [ RunTime:0.000000s ]
[ sql ] [ SQL ] SHOW COLUMNS FROM `ym_action_log` [ RunTime:0.005000s ]
[ sql ] [ SQL ] INSERT INTO `ym_action_log` (`action_id` , `user_id` , `action_ip` , `model` , `record_id` , `create_time` , `remark`) VALUES (1 , 6 , 1277427772 , 'rbac_user' , 6 , 1503469972 , 'admin在2017-08-23 14:32登录了后台') [ RunTime:0.001000s ]
[ sql ] [ SQL ] UPDATE `ym_rbac_user`  SET `last_login_time`=1503469972,`last_login_ip`='76.36.0.60',`login_count`=51  WHERE  `id` = 6 [ RunTime:0.043003s ]
---------------------------------------------------------------
[ 2017-08-23T14:32:55+08:00 ] 76.36.0.8 76.36.0.60 GET /admin/index/index.html
[ info ] 76.36.0.8/admin/index/index.html [运行时间：0.080005s][吞吐率：12.50req/s] [内存消耗：2,579.15kb] [文件加载：54]
[ info ] [ LANG ] F:\www\bank.cn\thinkphp\lang\zh-cn.php
[ info ] [ ROUTE ] array (
  'type' => 'module',
  'module' => 
  array (
    0 => 'admin',
    1 => 'index',
    2 => 'index',
  ),
)
[ info ] [ HEADER ] array (
  'host' => '76.36.0.8',
  'connection' => 'keep-alive',
  'accept' => 'text/html,application/xhtml+xml,application/xml;q=0.9,image/webp,*/*;q=0.8',
  'user-agent' => 'Mozilla/5.0 (Windows NT 6.1; WOW64) AppleWebKit/537.36 (KHTML, like Gecko) Chrome/31.0.1650.63 Safari/537.36',
  'referer' => 'http://76.36.0.8/admin/user/login.html',
  'accept-encoding' => 'gzip,deflate,sdch',
  'accept-language' => 'zh-CN,zh;q=0.8',
  'cookie' => 'PHPSESSID=37o04hc6hfptgdtpdku39nup36',
)
[ info ] [ PARAM ] array (
)
[ info ] [ SESSION ] INIT array (
  'id' => '',
  'var_session_id' => '',
  'prefix' => 'think',
  'type' => '',
  'auto_start' => true,
)
[ info ] [ DB ] INIT mysql
[ info ] [ RUN ] app\admin\controller\Index->index[ F:\www\bank.cn\app\admin\controller\Index.php ]
[ info ] [ VIEW ] F:\www\bank.cn/app/admin\view\index\index.html [ array (
  0 => 'nodes',
) ]
[ info ] [ LOG ] INIT File
[ sql ] [ DB ] CONNECT:[ UseTime:0.011000s ] mysql:dbname=bank;host=127.0.0.1;charset=utf8
[ sql ] [ SQL ] SHOW COLUMNS FROM `ym_rbac_role` [ RunTime:0.004000s ]
[ sql ] [ SQL ] SELECT * FROM `ym_rbac_role` WHERE  `id` = 13 LIMIT 1 [ RunTime:0.000000s ]
[ sql ] [ SQL ] SHOW COLUMNS FROM `ym_rbac_access` [ RunTime:0.004000s ]
[ sql ] [ SQL ] SELECT `a`.*,`b`.* FROM `ym_rbac_access` `a` INNER JOIN `ym_rbac_node` `b` ON `b`.`id`=`a`.`node_id` WHERE  (  a.role_id = 13 ) ORDER BY `b`.`id`  asc [ RunTime:0.002000s ]
[ sql ] [ SQL ] SELECT `b`.`name` FROM `ym_rbac_access` `a` INNER JOIN `ym_rbac_node` `b` ON `b`.`id`=`a`.`node_id` [ RunTime:0.001000s ]
[ sql ] [ SQL ] SELECT `b`.`name` FROM `ym_rbac_access` `a` INNER JOIN `ym_rbac_node` `b` ON `b`.`id`=`a`.`node_id` WHERE  (  a.role_id = 13 ) [ RunTime:0.000000s ]
---------------------------------------------------------------
[ 2017-08-23T14:33:01+08:00 ] 76.36.0.8 76.36.0.60 GET /admin/client/clientlist
[ info ] 76.36.0.8/admin/client/clientlist [运行时间：0.691040s][吞吐率：1.45req/s] [内存消耗：3,002.63kb] [文件加载：57]
[ info ] [ LANG ] F:\www\bank.cn\thinkphp\lang\zh-cn.php
[ info ] [ ROUTE ] array (
  'type' => 'module',
  'module' => 
  array (
    0 => 'admin',
    1 => 'client',
    2 => 'clientlist',
  ),
)
[ info ] [ HEADER ] array (
  'host' => '76.36.0.8',
  'connection' => 'keep-alive',
  'accept' => 'text/html,application/xhtml+xml,application/xml;q=0.9,image/webp,*/*;q=0.8',
  'user-agent' => 'Mozilla/5.0 (Windows NT 6.1; WOW64) AppleWebKit/537.36 (KHTML, like Gecko) Chrome/31.0.1650.63 Safari/537.36',
  'referer' => 'http://76.36.0.8/admin/index/index.html',
  'accept-encoding' => 'gzip,deflate,sdch',
  'accept-language' => 'zh-CN,zh;q=0.8',
  'cookie' => 'PHPSESSID=37o04hc6hfptgdtpdku39nup36',
)
[ info ] [ PARAM ] array (
)
[ info ] [ SESSION ] INIT array (
  'id' => '',
  'var_session_id' => '',
  'prefix' => 'think',
  'type' => '',
  'auto_start' => true,
)
[ info ] [ DB ] INIT mysql
[ info ] [ RUN ] app\admin\controller\Client->clientlist[ F:\www\bank.cn\app\admin\controller\Client.php ]
[ info ] [ VIEW ] F:\www\bank.cn/app/admin\view\client\clientlist.html [ array (
  0 => 'nodes',
  1 => 'page',
  2 => 'bank',
  3 => 'title1',
  4 => 'title2',
  5 => 'clients',
) ]
[ info ] [ LOG ] INIT File
[ sql ] [ DB ] CONNECT:[ UseTime:0.010001s ] mysql:dbname=bank;host=127.0.0.1;charset=utf8
[ sql ] [ SQL ] SHOW COLUMNS FROM `ym_rbac_role` [ RunTime:0.004000s ]
[ sql ] [ SQL ] SELECT * FROM `ym_rbac_role` WHERE  `id` = 13 LIMIT 1 [ RunTime:0.000000s ]
[ sql ] [ SQL ] SHOW COLUMNS FROM `ym_rbac_access` [ RunTime:0.005000s ]
[ sql ] [ SQL ] SELECT `a`.*,`b`.* FROM `ym_rbac_access` `a` INNER JOIN `ym_rbac_node` `b` ON `b`.`id`=`a`.`node_id` WHERE  (  a.role_id = 13 ) ORDER BY `b`.`id`  asc [ RunTime:0.001000s ]
[ sql ] [ SQL ] SELECT `b`.`name` FROM `ym_rbac_access` `a` INNER JOIN `ym_rbac_node` `b` ON `b`.`id`=`a`.`node_id` [ RunTime:0.000000s ]
[ sql ] [ SQL ] SELECT `b`.`name` FROM `ym_rbac_access` `a` INNER JOIN `ym_rbac_node` `b` ON `b`.`id`=`a`.`node_id` WHERE  (  a.role_id = 13 ) [ RunTime:0.001001s ]
[ sql ] [ SQL ] SHOW COLUMNS FROM `ym_client` [ RunTime:0.004000s ]
[ sql ] [ SQL ] SELECT COUNT(*) AS tp_count FROM `ym_client` `a` LEFT JOIN `ym_base_msg` `b` ON `a`.`id`=`b`.`client_id` WHERE  `a`.`is_del` = 0 LIMIT 1 [ RunTime:0.511029s ]
[ sql ] [ SQL ] SELECT `a`.*,`b`.`phone_number`,`b`.`current_address` FROM `ym_client` `a` LEFT JOIN `ym_base_msg` `b` ON `a`.`id`=`b`.`client_id` WHERE  `a`.`is_del` = 0 ORDER BY `a`.`add_time`  desc LIMIT 0,20 [ RunTime:0.055003s ]
[ sql ] [ SQL ] SHOW COLUMNS FROM `ym_bank` [ RunTime:0.004001s ]
[ sql ] [ SQL ] SELECT * FROM `ym_bank` WHERE  `is_del` = 0 [ RunTime:0.000000s ]
[ sql ] [ SQL ] SHOW COLUMNS FROM `ym_dataconfig` [ RunTime:0.005000s ]
[ sql ] [ SQL ] SELECT `value` FROM `ym_dataconfig` WHERE  `code` = 'client_grade' LIMIT 1 [ RunTime:0.000000s ]
[ sql ] [ SQL ] SELECT `value` FROM `ym_dataconfig` WHERE  `code` = 'client_grade' LIMIT 1 [ RunTime:0.001001s ]
[ sql ] [ SQL ] SELECT `value` FROM `ym_dataconfig` WHERE  `code` = 'client_grade' LIMIT 1 [ RunTime:0.001000s ]
[ sql ] [ SQL ] SELECT `value` FROM `ym_dataconfig` WHERE  `code` = 'client_grade' LIMIT 1 [ RunTime:0.001000s ]
[ sql ] [ SQL ] SELECT `value` FROM `ym_dataconfig` WHERE  `code` = 'client_grade' LIMIT 1 [ RunTime:0.001000s ]
[ sql ] [ SQL ] SELECT `value` FROM `ym_dataconfig` WHERE  `code` = 'client_grade' LIMIT 1 [ RunTime:0.000000s ]
[ sql ] [ SQL ] SELECT `value` FROM `ym_dataconfig` WHERE  `code` = 'client_grade' LIMIT 1 [ RunTime:0.000000s ]
[ sql ] [ SQL ] SELECT `value` FROM `ym_dataconfig` WHERE  `code` = 'client_grade' LIMIT 1 [ RunTime:0.000000s ]
[ sql ] [ SQL ] SELECT `value` FROM `ym_dataconfig` WHERE  `code` = 'client_grade' LIMIT 1 [ RunTime:0.000000s ]
[ sql ] [ SQL ] SELECT `value` FROM `ym_dataconfig` WHERE  `code` = 'client_grade' LIMIT 1 [ RunTime:0.001000s ]
[ sql ] [ SQL ] SELECT `value` FROM `ym_dataconfig` WHERE  `code` = 'client_grade' LIMIT 1 [ RunTime:0.001000s ]
[ sql ] [ SQL ] SELECT `value` FROM `ym_dataconfig` WHERE  `code` = 'client_grade' LIMIT 1 [ RunTime:0.001000s ]
[ sql ] [ SQL ] SELECT `value` FROM `ym_dataconfig` WHERE  `code` = 'client_grade' LIMIT 1 [ RunTime:0.001000s ]
[ sql ] [ SQL ] SELECT `value` FROM `ym_dataconfig` WHERE  `code` = 'client_grade' LIMIT 1 [ RunTime:0.001000s ]
[ sql ] [ SQL ] SELECT `value` FROM `ym_dataconfig` WHERE  `code` = 'client_grade' LIMIT 1 [ RunTime:0.000000s ]
[ sql ] [ SQL ] SELECT `value` FROM `ym_dataconfig` WHERE  `code` = 'client_grade' LIMIT 1 [ RunTime:0.000000s ]
[ sql ] [ SQL ] SELECT `value` FROM `ym_dataconfig` WHERE  `code` = 'client_grade' LIMIT 1 [ RunTime:0.000000s ]
[ sql ] [ SQL ] SELECT `value` FROM `ym_dataconfig` WHERE  `code` = 'client_grade' LIMIT 1 [ RunTime:0.000000s ]
[ sql ] [ SQL ] SELECT `value` FROM `ym_dataconfig` WHERE  `code` = 'client_grade' LIMIT 1 [ RunTime:0.000000s ]
[ sql ] [ SQL ] SELECT `value` FROM `ym_dataconfig` WHERE  `code` = 'client_grade' LIMIT 1 [ RunTime:0.000000s ]
---------------------------------------------------------------
[ 2017-08-23T14:33:06+08:00 ] 76.36.0.8 76.36.0.60 GET /admin/client/clientlist?page=5
[ info ] 76.36.0.8/admin/client/clientlist?page=5 [运行时间：0.458026s][吞吐率：2.18req/s] [内存消耗：3,001.52kb] [文件加载：57]
[ info ] [ LANG ] F:\www\bank.cn\thinkphp\lang\zh-cn.php
[ info ] [ ROUTE ] array (
  'type' => 'module',
  'module' => 
  array (
    0 => 'admin',
    1 => 'client',
    2 => 'clientlist',
  ),
)
[ info ] [ HEADER ] array (
  'host' => '76.36.0.8',
  'connection' => 'keep-alive',
  'accept' => 'text/html,application/xhtml+xml,application/xml;q=0.9,image/webp,*/*;q=0.8',
  'user-agent' => 'Mozilla/5.0 (Windows NT 6.1; WOW64) AppleWebKit/537.36 (KHTML, like Gecko) Chrome/31.0.1650.63 Safari/537.36',
  'referer' => 'http://76.36.0.8/admin/client/clientlist',
  'accept-encoding' => 'gzip,deflate,sdch',
  'accept-language' => 'zh-CN,zh;q=0.8',
  'cookie' => 'PHPSESSID=37o04hc6hfptgdtpdku39nup36',
)
[ info ] [ PARAM ] array (
  'page' => '5',
)
[ info ] [ SESSION ] INIT array (
  'id' => '',
  'var_session_id' => '',
  'prefix' => 'think',
  'type' => '',
  'auto_start' => true,
)
[ info ] [ DB ] INIT mysql
[ info ] [ RUN ] app\admin\controller\Client->clientlist[ F:\www\bank.cn\app\admin\controller\Client.php ]
[ info ] [ VIEW ] F:\www\bank.cn/app/admin\view\client\clientlist.html [ array (
  0 => 'nodes',
  1 => 'page',
  2 => 'bank',
  3 => 'title1',
  4 => 'title2',
  5 => 'clients',
) ]
[ info ] [ LOG ] INIT File
[ sql ] [ DB ] CONNECT:[ UseTime:0.001001s ] mysql:dbname=bank;host=127.0.0.1;charset=utf8
[ sql ] [ SQL ] SHOW COLUMNS FROM `ym_rbac_role` [ RunTime:0.003000s ]
[ sql ] [ SQL ] SELECT * FROM `ym_rbac_role` WHERE  `id` = 13 LIMIT 1 [ RunTime:0.000000s ]
[ sql ] [ SQL ] SHOW COLUMNS FROM `ym_rbac_access` [ RunTime:0.004000s ]
[ sql ] [ SQL ] SELECT `a`.*,`b`.* FROM `ym_rbac_access` `a` INNER JOIN `ym_rbac_node` `b` ON `b`.`id`=`a`.`node_id` WHERE  (  a.role_id = 13 ) ORDER BY `b`.`id`  asc [ RunTime:0.002000s ]
[ sql ] [ SQL ] SELECT `b`.`name` FROM `ym_rbac_access` `a` INNER JOIN `ym_rbac_node` `b` ON `b`.`id`=`a`.`node_id` [ RunTime:0.001000s ]
[ sql ] [ SQL ] SELECT `b`.`name` FROM `ym_rbac_access` `a` INNER JOIN `ym_rbac_node` `b` ON `b`.`id`=`a`.`node_id` WHERE  (  a.role_id = 13 ) [ RunTime:0.001000s ]
[ sql ] [ SQL ] SHOW COLUMNS FROM `ym_client` [ RunTime:0.005000s ]
[ sql ] [ SQL ] SELECT COUNT(*) AS tp_count FROM `ym_client` `a` LEFT JOIN `ym_base_msg` `b` ON `a`.`id`=`b`.`client_id` WHERE  `a`.`is_del` = 0 LIMIT 1 [ RunTime:0.146008s ]
[ sql ] [ SQL ] SELECT `a`.*,`b`.`phone_number`,`b`.`current_address` FROM `ym_client` `a` LEFT JOIN `ym_base_msg` `b` ON `a`.`id`=`b`.`client_id` WHERE  `a`.`is_del` = 0 ORDER BY `a`.`add_time`  desc LIMIT 80,20 [ RunTime:0.181011s ]
[ sql ] [ SQL ] SHOW COLUMNS FROM `ym_bank` [ RunTime:0.004000s ]
[ sql ] [ SQL ] SELECT * FROM `ym_bank` WHERE  `is_del` = 0 [ RunTime:0.000000s ]
[ sql ] [ SQL ] SHOW COLUMNS FROM `ym_dataconfig` [ RunTime:0.020001s ]
[ sql ] [ SQL ] SELECT `value` FROM `ym_dataconfig` WHERE  `code` = 'client_grade' LIMIT 1 [ RunTime:0.000000s ]
[ sql ] [ SQL ] SELECT `value` FROM `ym_dataconfig` WHERE  `code` = 'client_grade' LIMIT 1 [ RunTime:0.000000s ]
[ sql ] [ SQL ] SELECT `value` FROM `ym_dataconfig` WHERE  `code` = 'client_grade' LIMIT 1 [ RunTime:0.000000s ]
[ sql ] [ SQL ] SELECT `value` FROM `ym_dataconfig` WHERE  `code` = 'client_grade' LIMIT 1 [ RunTime:0.000000s ]
[ sql ] [ SQL ] SELECT `value` FROM `ym_dataconfig` WHERE  `code` = 'client_grade' LIMIT 1 [ RunTime:0.000000s ]
[ sql ] [ SQL ] SELECT `value` FROM `ym_dataconfig` WHERE  `code` = 'client_grade' LIMIT 1 [ RunTime:0.000000s ]
[ sql ] [ SQL ] SELECT `value` FROM `ym_dataconfig` WHERE  `code` = 'client_grade' LIMIT 1 [ RunTime:0.000000s ]
[ sql ] [ SQL ] SELECT `value` FROM `ym_dataconfig` WHERE  `code` = 'client_grade' LIMIT 1 [ RunTime:0.000000s ]
[ sql ] [ SQL ] SELECT `value` FROM `ym_dataconfig` WHERE  `code` = 'client_grade' LIMIT 1 [ RunTime:0.000000s ]
[ sql ] [ SQL ] SELECT `value` FROM `ym_dataconfig` WHERE  `code` = 'client_grade' LIMIT 1 [ RunTime:0.000000s ]
[ sql ] [ SQL ] SELECT `value` FROM `ym_dataconfig` WHERE  `code` = 'client_grade' LIMIT 1 [ RunTime:0.000000s ]
[ sql ] [ SQL ] SELECT `value` FROM `ym_dataconfig` WHERE  `code` = 'client_grade' LIMIT 1 [ RunTime:0.000000s ]
[ sql ] [ SQL ] SELECT `value` FROM `ym_dataconfig` WHERE  `code` = 'client_grade' LIMIT 1 [ RunTime:0.000000s ]
[ sql ] [ SQL ] SELECT `value` FROM `ym_dataconfig` WHERE  `code` = 'client_grade' LIMIT 1 [ RunTime:0.000000s ]
[ sql ] [ SQL ] SELECT `value` FROM `ym_dataconfig` WHERE  `code` = 'client_grade' LIMIT 1 [ RunTime:0.000000s ]
[ sql ] [ SQL ] SELECT `value` FROM `ym_dataconfig` WHERE  `code` = 'client_grade' LIMIT 1 [ RunTime:0.000000s ]
[ sql ] [ SQL ] SELECT `value` FROM `ym_dataconfig` WHERE  `code` = 'client_grade' LIMIT 1 [ RunTime:0.000000s ]
[ sql ] [ SQL ] SELECT `value` FROM `ym_dataconfig` WHERE  `code` = 'client_grade' LIMIT 1 [ RunTime:0.000000s ]
[ sql ] [ SQL ] SELECT `value` FROM `ym_dataconfig` WHERE  `code` = 'client_grade' LIMIT 1 [ RunTime:0.000000s ]
[ sql ] [ SQL ] SELECT `value` FROM `ym_dataconfig` WHERE  `code` = 'client_grade' LIMIT 1 [ RunTime:0.000000s ]
---------------------------------------------------------------
[ 2017-08-23T14:33:09+08:00 ] 76.36.0.8 76.36.0.60 GET /admin/client/clientdetail/client_id/13824.html
[ info ] 76.36.0.8/admin/client/clientdetail/client_id/13824.html [运行时间：0.119007s][吞吐率：8.40req/s] [内存消耗：2,788.90kb] [文件加载：54]
[ info ] [ LANG ] F:\www\bank.cn\thinkphp\lang\zh-cn.php
[ info ] [ ROUTE ] array (
  'type' => 'module',
  'module' => 
  array (
    0 => 'admin',
    1 => 'client',
    2 => 'clientdetail',
  ),
)
[ info ] [ HEADER ] array (
  'host' => '76.36.0.8',
  'connection' => 'keep-alive',
  'accept' => 'text/html,application/xhtml+xml,application/xml;q=0.9,image/webp,*/*;q=0.8',
  'user-agent' => 'Mozilla/5.0 (Windows NT 6.1; WOW64) AppleWebKit/537.36 (KHTML, like Gecko) Chrome/31.0.1650.63 Safari/537.36',
  'referer' => 'http://76.36.0.8/admin/client/clientlist?page=5',
  'accept-encoding' => 'gzip,deflate,sdch',
  'accept-language' => 'zh-CN,zh;q=0.8',
  'cookie' => 'PHPSESSID=37o04hc6hfptgdtpdku39nup36',
)
[ info ] [ PARAM ] array (
  'client_id' => '13824',
)
[ info ] [ SESSION ] INIT array (
  'id' => '',
  'var_session_id' => '',
  'prefix' => 'think',
  'type' => '',
  'auto_start' => true,
)
[ info ] [ DB ] INIT mysql
[ info ] [ RUN ] app\admin\controller\Client->clientdetail[ F:\www\bank.cn\app\admin\controller\Client.php ]
[ info ] [ VIEW ] F:\www\bank.cn/app/admin\view\client\clientdetail.html [ array (
  0 => 'nodes',
  1 => 'other',
  2 => 'base',
  3 => 'areamsg',
  4 => 'hs',
  5 => 'client',
  6 => 'title1',
  7 => 'title2',
  8 => 'controller',
) ]
[ info ] [ LOG ] INIT File
[ sql ] [ DB ] CONNECT:[ UseTime:0.001000s ] mysql:dbname=bank;host=127.0.0.1;charset=utf8
[ sql ] [ SQL ] SHOW COLUMNS FROM `ym_rbac_role` [ RunTime:0.003000s ]
[ sql ] [ SQL ] SELECT * FROM `ym_rbac_role` WHERE  `id` = 13 LIMIT 1 [ RunTime:0.000000s ]
[ sql ] [ SQL ] SHOW COLUMNS FROM `ym_rbac_access` [ RunTime:0.003000s ]
[ sql ] [ SQL ] SELECT `a`.*,`b`.* FROM `ym_rbac_access` `a` INNER JOIN `ym_rbac_node` `b` ON `b`.`id`=`a`.`node_id` WHERE  (  a.role_id = 13 ) ORDER BY `b`.`id`  asc [ RunTime:0.001000s ]
[ sql ] [ SQL ] SELECT `b`.`name` FROM `ym_rbac_access` `a` INNER JOIN `ym_rbac_node` `b` ON `b`.`id`=`a`.`node_id` [ RunTime:0.001000s ]
[ sql ] [ SQL ] SHOW COLUMNS FROM `ym_client` [ RunTime:0.004000s ]
[ sql ] [ SQL ] SELECT `c`.*,`b`.`bankname` FROM `ym_client` `c` LEFT JOIN `ym_bank` `b` ON `c`.`belong_organization`=`b`.`id` WHERE  `c`.`id` = '13824' [ RunTime:0.001000s ]
[ sql ] [ SQL ] SHOW COLUMNS FROM `ym_base_msg` [ RunTime:0.005000s ]
[ sql ] [ SQL ] SELECT * FROM `ym_base_msg` WHERE  `client_id` = 13824 [ RunTime:0.001000s ]
[ sql ] [ SQL ] SHOW COLUMNS FROM `ym_other_message` [ RunTime:0.004001s ]
[ sql ] [ SQL ] SELECT * FROM `ym_other_message` WHERE  `client_id` = 13824 [ RunTime:0.027001s ]
---------------------------------------------------------------
[ 2017-08-23T14:33:17+08:00 ] 76.36.0.8 76.36.0.60 GET /admin/deposit/index/client_id/13824.html
[ info ] 76.36.0.8/admin/deposit/index/client_id/13824.html [运行时间：0.092005s][吞吐率：10.87req/s] [内存消耗：2,627.77kb] [文件加载：54]
[ info ] [ LANG ] F:\www\bank.cn\thinkphp\lang\zh-cn.php
[ info ] [ ROUTE ] array (
  'type' => 'module',
  'module' => 
  array (
    0 => 'admin',
    1 => 'deposit',
    2 => 'index',
  ),
)
[ info ] [ HEADER ] array (
  'host' => '76.36.0.8',
  'connection' => 'keep-alive',
  'accept' => 'text/html,application/xhtml+xml,application/xml;q=0.9,image/webp,*/*;q=0.8',
  'user-agent' => 'Mozilla/5.0 (Windows NT 6.1; WOW64) AppleWebKit/537.36 (KHTML, like Gecko) Chrome/31.0.1650.63 Safari/537.36',
  'referer' => 'http://76.36.0.8/admin/client/clientdetail/client_id/13824.html',
  'accept-encoding' => 'gzip,deflate,sdch',
  'accept-language' => 'zh-CN,zh;q=0.8',
  'cookie' => 'PHPSESSID=37o04hc6hfptgdtpdku39nup36',
)
[ info ] [ PARAM ] array (
  'client_id' => '13824',
)
[ info ] [ SESSION ] INIT array (
  'id' => '',
  'var_session_id' => '',
  'prefix' => 'think',
  'type' => '',
  'auto_start' => true,
)
[ info ] [ DB ] INIT mysql
[ info ] [ RUN ] app\admin\controller\Deposit->index[ F:\www\bank.cn\app\admin\controller\Deposit.php ]
[ info ] [ VIEW ] F:\www\bank.cn/app/admin\view\deposit\index.html [ array (
  0 => 'nodes',
  1 => 'info',
  2 => 'client',
  3 => 'title1',
  4 => 'title2',
  5 => 'controller',
) ]
[ info ] [ LOG ] INIT File
[ sql ] [ DB ] CONNECT:[ UseTime:0.010001s ] mysql:dbname=bank;host=127.0.0.1;charset=utf8
[ sql ] [ SQL ] SHOW COLUMNS FROM `ym_rbac_role` [ RunTime:0.004000s ]
[ sql ] [ SQL ] SELECT * FROM `ym_rbac_role` WHERE  `id` = 13 LIMIT 1 [ RunTime:0.000000s ]
[ sql ] [ SQL ] SHOW COLUMNS FROM `ym_rbac_access` [ RunTime:0.005001s ]
[ sql ] [ SQL ] SELECT `a`.*,`b`.* FROM `ym_rbac_access` `a` INNER JOIN `ym_rbac_node` `b` ON `b`.`id`=`a`.`node_id` WHERE  (  a.role_id = 13 ) ORDER BY `b`.`id`  asc [ RunTime:0.001000s ]
[ sql ] [ SQL ] SELECT `b`.`name` FROM `ym_rbac_access` `a` INNER JOIN `ym_rbac_node` `b` ON `b`.`id`=`a`.`node_id` [ RunTime:0.000000s ]
[ sql ] [ SQL ] SELECT `b`.`name` FROM `ym_rbac_access` `a` INNER JOIN `ym_rbac_node` `b` ON `b`.`id`=`a`.`node_id` WHERE  (  a.role_id = 13 ) [ RunTime:0.001000s ]
[ sql ] [ SQL ] SHOW COLUMNS FROM `ym_deposit` [ RunTime:0.005000s ]
[ sql ] [ SQL ] SELECT `d`.*,`c`.`name`,`c`.`card_number`,`u`.`real_name`,`bk`.`bankname` FROM `ym_deposit` `d` INNER JOIN `ym_client` `c` ON `d`.`client_id`=`c`.`id` INNER JOIN `ym_rbac_user` `u` ON `d`.`lancun_worker`=`u`.`id` INNER JOIN `ym_bank` `bk` ON `d`.`bank_id`=`bk`.`id` WHERE  `d`.`is_del` = 0  AND `d`.`client_id` = '13824' [ RunTime:0.002000s ]
---------------------------------------------------------------
[ 2017-08-23T14:33:29+08:00 ] 76.36.0.8 76.36.0.60 GET /admin/creditloan/index/client_id/13824.html
[ info ] 76.36.0.8/admin/creditloan/index/client_id/13824.html [运行时间：11.486657s][吞吐率：0.09req/s] [内存消耗：2,946.49kb] [文件加载：54]
[ info ] [ LANG ] F:\www\bank.cn\thinkphp\lang\zh-cn.php
[ info ] [ ROUTE ] array (
  'type' => 'module',
  'module' => 
  array (
    0 => 'admin',
    1 => 'creditloan',
    2 => 'index',
  ),
)
[ info ] [ HEADER ] array (
  'host' => '76.36.0.8',
  'connection' => 'keep-alive',
  'accept' => 'text/html,application/xhtml+xml,application/xml;q=0.9,image/webp,*/*;q=0.8',
  'user-agent' => 'Mozilla/5.0 (Windows NT 6.1; WOW64) AppleWebKit/537.36 (KHTML, like Gecko) Chrome/31.0.1650.63 Safari/537.36',
  'referer' => 'http://76.36.0.8/admin/deposit/index/client_id/13824.html',
  'accept-encoding' => 'gzip,deflate,sdch',
  'accept-language' => 'zh-CN,zh;q=0.8',
  'cookie' => 'PHPSESSID=37o04hc6hfptgdtpdku39nup36',
)
[ info ] [ PARAM ] array (
  'client_id' => '13824',
)
[ info ] [ SESSION ] INIT array (
  'id' => '',
  'var_session_id' => '',
  'prefix' => 'think',
  'type' => '',
  'auto_start' => true,
)
[ info ] [ DB ] INIT mysql
[ info ] [ RUN ] app\admin\controller\Creditloan->index[ F:\www\bank.cn\app\admin\controller\Creditloan.php ]
[ info ] [ VIEW ] F:\www\bank.cn/app/admin\view\creditloan\index.html [ array (
  0 => 'nodes',
  1 => 'incredit',
  2 => 'client',
  3 => 'controller',
  4 => 'title1',
  5 => 'title2',
) ]
[ info ] [ LOG ] INIT File
[ sql ] [ DB ] CONNECT:[ UseTime:0.010000s ] mysql:dbname=bank;host=127.0.0.1;charset=utf8
[ sql ] [ SQL ] SHOW COLUMNS FROM `ym_rbac_role` [ RunTime:0.004000s ]
[ sql ] [ SQL ] SELECT * FROM `ym_rbac_role` WHERE  `id` = 13 LIMIT 1 [ RunTime:0.000000s ]
[ sql ] [ SQL ] SHOW COLUMNS FROM `ym_rbac_access` [ RunTime:0.005000s ]
[ sql ] [ SQL ] SELECT `a`.*,`b`.* FROM `ym_rbac_access` `a` INNER JOIN `ym_rbac_node` `b` ON `b`.`id`=`a`.`node_id` WHERE  (  a.role_id = 13 ) ORDER BY `b`.`id`  asc [ RunTime:0.001000s ]
[ sql ] [ SQL ] SELECT `b`.`name` FROM `ym_rbac_access` `a` INNER JOIN `ym_rbac_node` `b` ON `b`.`id`=`a`.`node_id` [ RunTime:0.001000s ]
[ sql ] [ SQL ] SELECT `b`.`name` FROM `ym_rbac_access` `a` INNER JOIN `ym_rbac_node` `b` ON `b`.`id`=`a`.`node_id` WHERE  (  a.role_id = 13 ) [ RunTime:0.001000s ]
[ sql ] [ SQL ] SHOW COLUMNS FROM `ym_intable_credit` [ RunTime:0.005000s ]
[ sql ] [ SQL ] SELECT * FROM `ym_intable_credit` WHERE  `client_id` = 13824 [ RunTime:11.386651s ]
---------------------------------------------------------------
[ 2017-08-23T14:33:29+08:00 ] 76.36.0.8 76.36.0.60 GET /admin/familymember/index/client_id/13824.html
[ info ] 76.36.0.8/admin/familymember/index/client_id/13824.html [运行时间：9.342535s][吞吐率：0.11req/s] [内存消耗：2,639.05kb] [文件加载：54]
[ info ] [ LANG ] F:\www\bank.cn\thinkphp\lang\zh-cn.php
[ info ] [ ROUTE ] array (
  'type' => 'module',
  'module' => 
  array (
    0 => 'admin',
    1 => 'familymember',
    2 => 'index',
  ),
)
[ info ] [ HEADER ] array (
  'host' => '76.36.0.8',
  'connection' => 'keep-alive',
  'accept' => 'text/html,application/xhtml+xml,application/xml;q=0.9,image/webp,*/*;q=0.8',
  'user-agent' => 'Mozilla/5.0 (Windows NT 6.1; WOW64) AppleWebKit/537.36 (KHTML, like Gecko) Chrome/31.0.1650.63 Safari/537.36',
  'referer' => 'http://76.36.0.8/admin/deposit/index/client_id/13824.html',
  'accept-encoding' => 'gzip,deflate,sdch',
  'accept-language' => 'zh-CN,zh;q=0.8',
  'cookie' => 'PHPSESSID=37o04hc6hfptgdtpdku39nup36',
)
[ info ] [ PARAM ] array (
  'client_id' => '13824',
)
[ info ] [ SESSION ] INIT array (
  'id' => '',
  'var_session_id' => '',
  'prefix' => 'think',
  'type' => '',
  'auto_start' => true,
)
[ info ] [ DB ] INIT mysql
[ info ] [ RUN ] app\admin\controller\Familymember->index[ F:\www\bank.cn\app\admin\controller\Familymember.php ]
[ info ] [ VIEW ] F:\www\bank.cn/app/admin\view\familymember\index.html [ array (
  0 => 'nodes',
  1 => 'info',
  2 => 'spouse_info',
  3 => 'client',
  4 => 'title1',
  5 => 'title2',
  6 => 'controller',
) ]
[ info ] [ LOG ] INIT File
[ sql ] [ DB ] CONNECT:[ UseTime:0.010000s ] mysql:dbname=bank;host=127.0.0.1;charset=utf8
[ sql ] [ SQL ] SHOW COLUMNS FROM `ym_rbac_role` [ RunTime:0.004000s ]
[ sql ] [ SQL ] SELECT * FROM `ym_rbac_role` WHERE  `id` = 13 LIMIT 1 [ RunTime:0.001001s ]
[ sql ] [ SQL ] SHOW COLUMNS FROM `ym_rbac_access` [ RunTime:0.004000s ]
[ sql ] [ SQL ] SELECT `a`.*,`b`.* FROM `ym_rbac_access` `a` INNER JOIN `ym_rbac_node` `b` ON `b`.`id`=`a`.`node_id` WHERE  (  a.role_id = 13 ) ORDER BY `b`.`id`  asc [ RunTime:0.001000s ]
[ sql ] [ SQL ] SELECT `b`.`name` FROM `ym_rbac_access` `a` INNER JOIN `ym_rbac_node` `b` ON `b`.`id`=`a`.`node_id` [ RunTime:0.001000s ]
[ sql ] [ SQL ] SELECT `b`.`name` FROM `ym_rbac_access` `a` INNER JOIN `ym_rbac_node` `b` ON `b`.`id`=`a`.`node_id` WHERE  (  a.role_id = 13 ) [ RunTime:0.001000s ]
[ sql ] [ SQL ] SHOW COLUMNS FROM `ym_family_member` [ RunTime:0.004000s ]
[ sql ] [ SQL ] SELECT `m`.*,u.real_name builder FROM `ym_family_member` `m` LEFT JOIN `ym_rbac_user` `u` ON `u`.`id`=`m`.`user_id` WHERE  `m`.`is_del` = 0  AND `m`.`client_id` = '13824' [ RunTime:0.001000s ]
[ sql ] [ SQL ] SHOW COLUMNS FROM `ym_spouse` [ RunTime:0.004000s ]
[ sql ] [ SQL ] SELECT * FROM `ym_spouse` WHERE  `is_del` = 0  AND `client_id` = 13824 [ RunTime:0.026001s ]
---------------------------------------------------------------
[ 2017-08-23T14:33:29+08:00 ] 76.36.0.8 76.36.0.60 GET /admin/sign/index/client_id/13824.html
[ info ] 76.36.0.8/admin/sign/index/client_id/13824.html [运行时间：8.341477s][吞吐率：0.12req/s] [内存消耗：2,616.84kb] [文件加载：54]
[ info ] [ LANG ] F:\www\bank.cn\thinkphp\lang\zh-cn.php
[ info ] [ ROUTE ] array (
  'type' => 'module',
  'module' => 
  array (
    0 => 'admin',
    1 => 'sign',
    2 => 'index',
  ),
)
[ info ] [ HEADER ] array (
  'host' => '76.36.0.8',
  'connection' => 'keep-alive',
  'accept' => 'text/html,application/xhtml+xml,application/xml;q=0.9,image/webp,*/*;q=0.8',
  'user-agent' => 'Mozilla/5.0 (Windows NT 6.1; WOW64) AppleWebKit/537.36 (KHTML, like Gecko) Chrome/31.0.1650.63 Safari/537.36',
  'referer' => 'http://76.36.0.8/admin/deposit/index/client_id/13824.html',
  'accept-encoding' => 'gzip,deflate,sdch',
  'accept-language' => 'zh-CN,zh;q=0.8',
  'cookie' => 'PHPSESSID=37o04hc6hfptgdtpdku39nup36',
)
[ info ] [ PARAM ] array (
  'client_id' => '13824',
)
[ info ] [ SESSION ] INIT array (
  'id' => '',
  'var_session_id' => '',
  'prefix' => 'think',
  'type' => '',
  'auto_start' => true,
)
[ info ] [ DB ] INIT mysql
[ info ] [ RUN ] app\admin\controller\Sign->index[ F:\www\bank.cn\app\admin\controller\Sign.php ]
[ info ] [ VIEW ] F:\www\bank.cn/app/admin\view\sign\index.html [ array (
  0 => 'nodes',
  1 => 'sign',
  2 => 'client',
  3 => 'title1',
  4 => 'title2',
  5 => 'controller',
) ]
[ info ] [ LOG ] INIT File
[ sql ] [ DB ] CONNECT:[ UseTime:0.001000s ] mysql:dbname=bank;host=127.0.0.1;charset=utf8
[ sql ] [ SQL ] SHOW COLUMNS FROM `ym_rbac_role` [ RunTime:0.005000s ]
[ sql ] [ SQL ] SELECT * FROM `ym_rbac_role` WHERE  `id` = 13 LIMIT 1 [ RunTime:0.001000s ]
[ sql ] [ SQL ] SHOW COLUMNS FROM `ym_rbac_access` [ RunTime:0.005000s ]
[ sql ] [ SQL ] SELECT `a`.*,`b`.* FROM `ym_rbac_access` `a` INNER JOIN `ym_rbac_node` `b` ON `b`.`id`=`a`.`node_id` WHERE  (  a.role_id = 13 ) ORDER BY `b`.`id`  asc [ RunTime:0.001000s ]
[ sql ] [ SQL ] SELECT `b`.`name` FROM `ym_rbac_access` `a` INNER JOIN `ym_rbac_node` `b` ON `b`.`id`=`a`.`node_id` [ RunTime:0.001000s ]
[ sql ] [ SQL ] SELECT `b`.`name` FROM `ym_rbac_access` `a` INNER JOIN `ym_rbac_node` `b` ON `b`.`id`=`a`.`node_id` WHERE  (  a.role_id = 13 ) [ RunTime:0.001000s ]
[ sql ] [ SQL ] SHOW COLUMNS FROM `ym_sign` [ RunTime:0.003000s ]
[ sql ] [ SQL ] SELECT `s`.*,`b`.`bankname` FROM `ym_sign` `s` LEFT JOIN `ym_bank` `b` ON `s`.`sign_website_number`=`b`.`id` WHERE  `s`.`is_del` = 0  AND `s`.`client_id` = '13824' [ RunTime:0.001000s ]
---------------------------------------------------------------
[ 2017-08-23T14:33:29+08:00 ] 76.36.0.8 76.36.0.60 GET /admin/familyfund/index/client_id/13824.html
[ info ] 76.36.0.8/admin/familyfund/index/client_id/13824.html [运行时间：7.573433s][吞吐率：0.13req/s] [内存消耗：2,786.57kb] [文件加载：56]
[ info ] [ LANG ] F:\www\bank.cn\thinkphp\lang\zh-cn.php
[ info ] [ ROUTE ] array (
  'type' => 'module',
  'module' => 
  array (
    0 => 'admin',
    1 => 'familyfund',
    2 => 'index',
  ),
)
[ info ] [ HEADER ] array (
  'host' => '76.36.0.8',
  'connection' => 'keep-alive',
  'accept' => 'text/html,application/xhtml+xml,application/xml;q=0.9,image/webp,*/*;q=0.8',
  'user-agent' => 'Mozilla/5.0 (Windows NT 6.1; WOW64) AppleWebKit/537.36 (KHTML, like Gecko) Chrome/31.0.1650.63 Safari/537.36',
  'referer' => 'http://76.36.0.8/admin/deposit/index/client_id/13824.html',
  'accept-encoding' => 'gzip,deflate,sdch',
  'accept-language' => 'zh-CN,zh;q=0.8',
  'cookie' => 'PHPSESSID=37o04hc6hfptgdtpdku39nup36',
)
[ info ] [ PARAM ] array (
  'client_id' => '13824',
)
[ info ] [ SESSION ] INIT array (
  'id' => '',
  'var_session_id' => '',
  'prefix' => 'think',
  'type' => '',
  'auto_start' => true,
)
[ info ] [ DB ] INIT mysql
[ info ] [ RUN ] app\admin\controller\Familyfund->index[ F:\www\bank.cn\app\admin\controller\Familyfund.php ]
[ info ] [ VIEW ] F:\www\bank.cn/app/admin\view\familyfund\index.html [ array (
  0 => 'nodes',
  1 => 'client_id',
  2 => 'clients',
  3 => 'controller',
  4 => 'client',
) ]
[ info ] [ LOG ] INIT File
[ sql ] [ DB ] CONNECT:[ UseTime:0.010001s ] mysql:dbname=bank;host=127.0.0.1;charset=utf8
[ sql ] [ SQL ] SHOW COLUMNS FROM `ym_rbac_role` [ RunTime:0.004000s ]
[ sql ] [ SQL ] SELECT * FROM `ym_rbac_role` WHERE  `id` = 13 LIMIT 1 [ RunTime:0.000000s ]
[ sql ] [ SQL ] SHOW COLUMNS FROM `ym_rbac_access` [ RunTime:0.005000s ]
[ sql ] [ SQL ] SELECT `a`.*,`b`.* FROM `ym_rbac_access` `a` INNER JOIN `ym_rbac_node` `b` ON `b`.`id`=`a`.`node_id` WHERE  (  a.role_id = 13 ) ORDER BY `b`.`id`  asc [ RunTime:0.001000s ]
[ sql ] [ SQL ] SELECT `b`.`name` FROM `ym_rbac_access` `a` INNER JOIN `ym_rbac_node` `b` ON `b`.`id`=`a`.`node_id` [ RunTime:0.001000s ]
[ sql ] [ SQL ] SELECT `b`.`name` FROM `ym_rbac_access` `a` INNER JOIN `ym_rbac_node` `b` ON `b`.`id`=`a`.`node_id` WHERE  (  a.role_id = 13 ) [ RunTime:0.001000s ]
[ sql ] [ SQL ] SHOW COLUMNS FROM `ym_family_fund` [ RunTime:0.005000s ]
[ sql ] [ SQL ] SELECT * FROM `ym_family_fund` WHERE  `client_id` = 13824 LIMIT 1 [ RunTime:0.001000s ]
---------------------------------------------------------------
[ 2017-08-23T14:33:29+08:00 ] 76.36.0.8 76.36.0.60 GET /admin/credit/index/client_id/13824.html
[ info ] 76.36.0.8/admin/credit/index/client_id/13824.html [运行时间：7.121408s][吞吐率：0.14req/s] [内存消耗：2,620.94kb] [文件加载：54]
[ info ] [ LANG ] F:\www\bank.cn\thinkphp\lang\zh-cn.php
[ info ] [ ROUTE ] array (
  'type' => 'module',
  'module' => 
  array (
    0 => 'admin',
    1 => 'credit',
    2 => 'index',
  ),
)
[ info ] [ HEADER ] array (
  'host' => '76.36.0.8',
  'connection' => 'keep-alive',
  'accept' => 'text/html,application/xhtml+xml,application/xml;q=0.9,image/webp,*/*;q=0.8',
  'user-agent' => 'Mozilla/5.0 (Windows NT 6.1; WOW64) AppleWebKit/537.36 (KHTML, like Gecko) Chrome/31.0.1650.63 Safari/537.36',
  'referer' => 'http://76.36.0.8/admin/deposit/index/client_id/13824.html',
  'accept-encoding' => 'gzip,deflate,sdch',
  'accept-language' => 'zh-CN,zh;q=0.8',
  'cookie' => 'PHPSESSID=37o04hc6hfptgdtpdku39nup36',
)
[ info ] [ PARAM ] array (
  'client_id' => '13824',
)
[ info ] [ SESSION ] INIT array (
  'id' => '',
  'var_session_id' => '',
  'prefix' => 'think',
  'type' => '',
  'auto_start' => true,
)
[ info ] [ DB ] INIT mysql
[ info ] [ RUN ] app\admin\controller\Credit->index[ F:\www\bank.cn\app\admin\controller\Credit.php ]
[ info ] [ VIEW ] F:\www\bank.cn/app/admin\view\credit\index.html [ array (
  0 => 'nodes',
  1 => 'credit',
  2 => 'client',
  3 => 'controller',
  4 => 'title1',
  5 => 'title2',
) ]
[ info ] [ LOG ] INIT File
[ sql ] [ DB ] CONNECT:[ UseTime:0.011001s ] mysql:dbname=bank;host=127.0.0.1;charset=utf8
[ sql ] [ SQL ] SHOW COLUMNS FROM `ym_rbac_role` [ RunTime:0.014000s ]
[ sql ] [ SQL ] SELECT * FROM `ym_rbac_role` WHERE  `id` = 13 LIMIT 1 [ RunTime:0.001000s ]
[ sql ] [ SQL ] SHOW COLUMNS FROM `ym_rbac_access` [ RunTime:0.004001s ]
[ sql ] [ SQL ] SELECT `a`.*,`b`.* FROM `ym_rbac_access` `a` INNER JOIN `ym_rbac_node` `b` ON `b`.`id`=`a`.`node_id` WHERE  (  a.role_id = 13 ) ORDER BY `b`.`id`  asc [ RunTime:0.001000s ]
[ sql ] [ SQL ] SELECT `b`.`name` FROM `ym_rbac_access` `a` INNER JOIN `ym_rbac_node` `b` ON `b`.`id`=`a`.`node_id` [ RunTime:0.001000s ]
[ sql ] [ SQL ] SELECT `b`.`name` FROM `ym_rbac_access` `a` INNER JOIN `ym_rbac_node` `b` ON `b`.`id`=`a`.`node_id` WHERE  (  a.role_id = 13 ) [ RunTime:0.001000s ]
[ sql ] [ SQL ] SHOW COLUMNS FROM `ym_credit_message` [ RunTime:0.004000s ]
[ sql ] [ SQL ] SELECT `c`.*,`b`.`bankname`,u.real_name manager FROM `ym_credit_message` `c` LEFT JOIN `ym_bank` `b` ON `c`.`use_organization`=`b`.`id` LEFT JOIN `ym_rbac_user` `u` ON `c`.`belong_user_id`=`u`.`id` WHERE  `c`.`is_del` = 0  AND `c`.`client_id` = '13824' [ RunTime:0.001000s ]
---------------------------------------------------------------
[ 2017-08-23T14:33:29+08:00 ] 76.36.0.8 76.36.0.60 GET /admin/credit/index/client_id/13824.html
[ info ] 76.36.0.8/admin/credit/index/client_id/13824.html [运行时间：5.647323s][吞吐率：0.18req/s] [内存消耗：2,620.94kb] [文件加载：54]
[ info ] [ LANG ] F:\www\bank.cn\thinkphp\lang\zh-cn.php
[ info ] [ ROUTE ] array (
  'type' => 'module',
  'module' => 
  array (
    0 => 'admin',
    1 => 'credit',
    2 => 'index',
  ),
)
[ info ] [ HEADER ] array (
  'host' => '76.36.0.8',
  'connection' => 'keep-alive',
  'accept' => 'text/html,application/xhtml+xml,application/xml;q=0.9,image/webp,*/*;q=0.8',
  'user-agent' => 'Mozilla/5.0 (Windows NT 6.1; WOW64) AppleWebKit/537.36 (KHTML, like Gecko) Chrome/31.0.1650.63 Safari/537.36',
  'referer' => 'http://76.36.0.8/admin/deposit/index/client_id/13824.html',
  'accept-encoding' => 'gzip,deflate,sdch',
  'accept-language' => 'zh-CN,zh;q=0.8',
  'cookie' => 'PHPSESSID=37o04hc6hfptgdtpdku39nup36',
)
[ info ] [ PARAM ] array (
  'client_id' => '13824',
)
[ info ] [ SESSION ] INIT array (
  'id' => '',
  'var_session_id' => '',
  'prefix' => 'think',
  'type' => '',
  'auto_start' => true,
)
[ info ] [ DB ] INIT mysql
[ info ] [ RUN ] app\admin\controller\Credit->index[ F:\www\bank.cn\app\admin\controller\Credit.php ]
[ info ] [ VIEW ] F:\www\bank.cn/app/admin\view\credit\index.html [ array (
  0 => 'nodes',
  1 => 'credit',
  2 => 'client',
  3 => 'controller',
  4 => 'title1',
  5 => 'title2',
) ]
[ info ] [ LOG ] INIT File
[ sql ] [ DB ] CONNECT:[ UseTime:0.010000s ] mysql:dbname=bank;host=127.0.0.1;charset=utf8
[ sql ] [ SQL ] SHOW COLUMNS FROM `ym_rbac_role` [ RunTime:0.004000s ]
[ sql ] [ SQL ] SELECT * FROM `ym_rbac_role` WHERE  `id` = 13 LIMIT 1 [ RunTime:0.001001s ]
[ sql ] [ SQL ] SHOW COLUMNS FROM `ym_rbac_access` [ RunTime:0.005000s ]
[ sql ] [ SQL ] SELECT `a`.*,`b`.* FROM `ym_rbac_access` `a` INNER JOIN `ym_rbac_node` `b` ON `b`.`id`=`a`.`node_id` WHERE  (  a.role_id = 13 ) ORDER BY `b`.`id`  asc [ RunTime:0.001000s ]
[ sql ] [ SQL ] SELECT `b`.`name` FROM `ym_rbac_access` `a` INNER JOIN `ym_rbac_node` `b` ON `b`.`id`=`a`.`node_id` [ RunTime:0.001000s ]
[ sql ] [ SQL ] SELECT `b`.`name` FROM `ym_rbac_access` `a` INNER JOIN `ym_rbac_node` `b` ON `b`.`id`=`a`.`node_id` WHERE  (  a.role_id = 13 ) [ RunTime:0.001000s ]
[ sql ] [ SQL ] SHOW COLUMNS FROM `ym_credit_message` [ RunTime:0.005000s ]
[ sql ] [ SQL ] SELECT `c`.*,`b`.`bankname`,u.real_name manager FROM `ym_credit_message` `c` LEFT JOIN `ym_bank` `b` ON `c`.`use_organization`=`b`.`id` LEFT JOIN `ym_rbac_user` `u` ON `c`.`belong_user_id`=`u`.`id` WHERE  `c`.`is_del` = 0  AND `c`.`client_id` = '13824' [ RunTime:0.001000s ]
---------------------------------------------------------------
[ 2017-08-23T14:33:30+08:00 ] 76.36.0.8 76.36.0.60 GET /admin/client/clientdetail/client_id/13824.html
[ info ] 76.36.0.8/admin/client/clientdetail/client_id/13824.html [运行时间：2.846162s][吞吐率：0.35req/s] [内存消耗：2,789.12kb] [文件加载：54]
[ info ] [ LANG ] F:\www\bank.cn\thinkphp\lang\zh-cn.php
[ info ] [ ROUTE ] array (
  'type' => 'module',
  'module' => 
  array (
    0 => 'admin',
    1 => 'client',
    2 => 'clientdetail',
  ),
)
[ info ] [ HEADER ] array (
  'host' => '76.36.0.8',
  'connection' => 'keep-alive',
  'accept' => 'text/html,application/xhtml+xml,application/xml;q=0.9,image/webp,*/*;q=0.8',
  'user-agent' => 'Mozilla/5.0 (Windows NT 6.1; WOW64) AppleWebKit/537.36 (KHTML, like Gecko) Chrome/31.0.1650.63 Safari/537.36',
  'referer' => 'http://76.36.0.8/admin/deposit/index/client_id/13824.html',
  'accept-encoding' => 'gzip,deflate,sdch',
  'accept-language' => 'zh-CN,zh;q=0.8',
  'cookie' => 'PHPSESSID=37o04hc6hfptgdtpdku39nup36',
)
[ info ] [ PARAM ] array (
  'client_id' => '13824',
)
[ info ] [ SESSION ] INIT array (
  'id' => '',
  'var_session_id' => '',
  'prefix' => 'think',
  'type' => '',
  'auto_start' => true,
)
[ info ] [ DB ] INIT mysql
[ info ] [ RUN ] app\admin\controller\Client->clientdetail[ F:\www\bank.cn\app\admin\controller\Client.php ]
[ info ] [ VIEW ] F:\www\bank.cn/app/admin\view\client\clientdetail.html [ array (
  0 => 'nodes',
  1 => 'other',
  2 => 'base',
  3 => 'areamsg',
  4 => 'hs',
  5 => 'client',
  6 => 'title1',
  7 => 'title2',
  8 => 'controller',
) ]
[ info ] [ LOG ] INIT File
[ sql ] [ DB ] CONNECT:[ UseTime:0.010000s ] mysql:dbname=bank;host=127.0.0.1;charset=utf8
[ sql ] [ SQL ] SHOW COLUMNS FROM `ym_rbac_role` [ RunTime:0.004001s ]
[ sql ] [ SQL ] SELECT * FROM `ym_rbac_role` WHERE  `id` = 13 LIMIT 1 [ RunTime:0.001000s ]
[ sql ] [ SQL ] SHOW COLUMNS FROM `ym_rbac_access` [ RunTime:0.004000s ]
[ sql ] [ SQL ] SELECT `a`.*,`b`.* FROM `ym_rbac_access` `a` INNER JOIN `ym_rbac_node` `b` ON `b`.`id`=`a`.`node_id` WHERE  (  a.role_id = 13 ) ORDER BY `b`.`id`  asc [ RunTime:0.001000s ]
[ sql ] [ SQL ] SELECT `b`.`name` FROM `ym_rbac_access` `a` INNER JOIN `ym_rbac_node` `b` ON `b`.`id`=`a`.`node_id` [ RunTime:0.001000s ]
[ sql ] [ SQL ] SHOW COLUMNS FROM `ym_client` [ RunTime:0.005001s ]
[ sql ] [ SQL ] SELECT `c`.*,`b`.`bankname` FROM `ym_client` `c` LEFT JOIN `ym_bank` `b` ON `c`.`belong_organization`=`b`.`id` WHERE  `c`.`id` = '13824' [ RunTime:0.001000s ]
[ sql ] [ SQL ] SHOW COLUMNS FROM `ym_base_msg` [ RunTime:0.005000s ]
[ sql ] [ SQL ] SELECT * FROM `ym_base_msg` WHERE  `client_id` = 13824 [ RunTime:0.002000s ]
[ sql ] [ SQL ] SHOW COLUMNS FROM `ym_other_message` [ RunTime:0.005001s ]
[ sql ] [ SQL ] SELECT * FROM `ym_other_message` WHERE  `client_id` = 13824 [ RunTime:0.043002s ]
---------------------------------------------------------------
[ 2017-08-23T14:33:30+08:00 ] 76.36.0.8 76.36.0.60 GET /admin/client/clientdetail/client_id/13824.html
[ info ] 76.36.0.8/admin/client/clientdetail/client_id/13824.html [运行时间：0.141008s][吞吐率：7.09req/s] [内存消耗：2,789.12kb] [文件加载：54]
[ info ] [ LANG ] F:\www\bank.cn\thinkphp\lang\zh-cn.php
[ info ] [ ROUTE ] array (
  'type' => 'module',
  'module' => 
  array (
    0 => 'admin',
    1 => 'client',
    2 => 'clientdetail',
  ),
)
[ info ] [ HEADER ] array (
  'host' => '76.36.0.8',
  'connection' => 'keep-alive',
  'accept' => 'text/html,application/xhtml+xml,application/xml;q=0.9,image/webp,*/*;q=0.8',
  'user-agent' => 'Mozilla/5.0 (Windows NT 6.1; WOW64) AppleWebKit/537.36 (KHTML, like Gecko) Chrome/31.0.1650.63 Safari/537.36',
  'referer' => 'http://76.36.0.8/admin/deposit/index/client_id/13824.html',
  'accept-encoding' => 'gzip,deflate,sdch',
  'accept-language' => 'zh-CN,zh;q=0.8',
  'cookie' => 'PHPSESSID=37o04hc6hfptgdtpdku39nup36',
)
[ info ] [ PARAM ] array (
  'client_id' => '13824',
)
[ info ] [ SESSION ] INIT array (
  'id' => '',
  'var_session_id' => '',
  'prefix' => 'think',
  'type' => '',
  'auto_start' => true,
)
[ info ] [ DB ] INIT mysql
[ info ] [ RUN ] app\admin\controller\Client->clientdetail[ F:\www\bank.cn\app\admin\controller\Client.php ]
[ info ] [ VIEW ] F:\www\bank.cn/app/admin\view\client\clientdetail.html [ array (
  0 => 'nodes',
  1 => 'other',
  2 => 'base',
  3 => 'areamsg',
  4 => 'hs',
  5 => 'client',
  6 => 'title1',
  7 => 'title2',
  8 => 'controller',
) ]
[ info ] [ LOG ] INIT File
[ sql ] [ DB ] CONNECT:[ UseTime:0.010001s ] mysql:dbname=bank;host=127.0.0.1;charset=utf8
[ sql ] [ SQL ] SHOW COLUMNS FROM `ym_rbac_role` [ RunTime:0.004000s ]
[ sql ] [ SQL ] SELECT * FROM `ym_rbac_role` WHERE  `id` = 13 LIMIT 1 [ RunTime:0.000000s ]
[ sql ] [ SQL ] SHOW COLUMNS FROM `ym_rbac_access` [ RunTime:0.005001s ]
[ sql ] [ SQL ] SELECT `a`.*,`b`.* FROM `ym_rbac_access` `a` INNER JOIN `ym_rbac_node` `b` ON `b`.`id`=`a`.`node_id` WHERE  (  a.role_id = 13 ) ORDER BY `b`.`id`  asc [ RunTime:0.002000s ]
[ sql ] [ SQL ] SELECT `b`.`name` FROM `ym_rbac_access` `a` INNER JOIN `ym_rbac_node` `b` ON `b`.`id`=`a`.`node_id` [ RunTime:0.001000s ]
[ sql ] [ SQL ] SHOW COLUMNS FROM `ym_client` [ RunTime:0.005000s ]
[ sql ] [ SQL ] SELECT `c`.*,`b`.`bankname` FROM `ym_client` `c` LEFT JOIN `ym_bank` `b` ON `c`.`belong_organization`=`b`.`id` WHERE  `c`.`id` = '13824' [ RunTime:0.001000s ]
[ sql ] [ SQL ] SHOW COLUMNS FROM `ym_base_msg` [ RunTime:0.004000s ]
[ sql ] [ SQL ] SELECT * FROM `ym_base_msg` WHERE  `client_id` = 13824 [ RunTime:0.002000s ]
[ sql ] [ SQL ] SHOW COLUMNS FROM `ym_other_message` [ RunTime:0.005000s ]
[ sql ] [ SQL ] SELECT * FROM `ym_other_message` WHERE  `client_id` = 13824 [ RunTime:0.000000s ]
---------------------------------------------------------------
[ 2017-08-23T14:33:46+08:00 ] 76.36.0.8 76.36.0.60 GET /admin/deposit/index/client_id/13824.html
[ info ] 76.36.0.8/admin/deposit/index/client_id/13824.html [运行时间：0.091005s][吞吐率：10.99req/s] [内存消耗：2,627.77kb] [文件加载：54]
[ info ] [ LANG ] F:\www\bank.cn\thinkphp\lang\zh-cn.php
[ info ] [ ROUTE ] array (
  'type' => 'module',
  'module' => 
  array (
    0 => 'admin',
    1 => 'deposit',
    2 => 'index',
  ),
)
[ info ] [ HEADER ] array (
  'host' => '76.36.0.8',
  'connection' => 'keep-alive',
  'accept' => 'text/html,application/xhtml+xml,application/xml;q=0.9,image/webp,*/*;q=0.8',
  'user-agent' => 'Mozilla/5.0 (Windows NT 6.1; WOW64) AppleWebKit/537.36 (KHTML, like Gecko) Chrome/31.0.1650.63 Safari/537.36',
  'referer' => 'http://76.36.0.8/admin/client/clientdetail/client_id/13824.html',
  'accept-encoding' => 'gzip,deflate,sdch',
  'accept-language' => 'zh-CN,zh;q=0.8',
  'cookie' => 'PHPSESSID=37o04hc6hfptgdtpdku39nup36',
)
[ info ] [ PARAM ] array (
  'client_id' => '13824',
)
[ info ] [ SESSION ] INIT array (
  'id' => '',
  'var_session_id' => '',
  'prefix' => 'think',
  'type' => '',
  'auto_start' => true,
)
[ info ] [ DB ] INIT mysql
[ info ] [ RUN ] app\admin\controller\Deposit->index[ F:\www\bank.cn\app\admin\controller\Deposit.php ]
[ info ] [ VIEW ] F:\www\bank.cn/app/admin\view\deposit\index.html [ array (
  0 => 'nodes',
  1 => 'info',
  2 => 'client',
  3 => 'title1',
  4 => 'title2',
  5 => 'controller',
) ]
[ info ] [ LOG ] INIT File
[ sql ] [ DB ] CONNECT:[ UseTime:0.001000s ] mysql:dbname=bank;host=127.0.0.1;charset=utf8
[ sql ] [ SQL ] SHOW COLUMNS FROM `ym_rbac_role` [ RunTime:0.005000s ]
[ sql ] [ SQL ] SELECT * FROM `ym_rbac_role` WHERE  `id` = 13 LIMIT 1 [ RunTime:0.001000s ]
[ sql ] [ SQL ] SHOW COLUMNS FROM `ym_rbac_access` [ RunTime:0.004001s ]
[ sql ] [ SQL ] SELECT `a`.*,`b`.* FROM `ym_rbac_access` `a` INNER JOIN `ym_rbac_node` `b` ON `b`.`id`=`a`.`node_id` WHERE  (  a.role_id = 13 ) ORDER BY `b`.`id`  asc [ RunTime:0.001000s ]
[ sql ] [ SQL ] SELECT `b`.`name` FROM `ym_rbac_access` `a` INNER JOIN `ym_rbac_node` `b` ON `b`.`id`=`a`.`node_id` [ RunTime:0.001000s ]
[ sql ] [ SQL ] SELECT `b`.`name` FROM `ym_rbac_access` `a` INNER JOIN `ym_rbac_node` `b` ON `b`.`id`=`a`.`node_id` WHERE  (  a.role_id = 13 ) [ RunTime:0.001000s ]
[ sql ] [ SQL ] SHOW COLUMNS FROM `ym_deposit` [ RunTime:0.005000s ]
[ sql ] [ SQL ] SELECT `d`.*,`c`.`name`,`c`.`card_number`,`u`.`real_name`,`bk`.`bankname` FROM `ym_deposit` `d` INNER JOIN `ym_client` `c` ON `d`.`client_id`=`c`.`id` INNER JOIN `ym_rbac_user` `u` ON `d`.`lancun_worker`=`u`.`id` INNER JOIN `ym_bank` `bk` ON `d`.`bank_id`=`bk`.`id` WHERE  `d`.`is_del` = 0  AND `d`.`client_id` = '13824' [ RunTime:0.010001s ]
---------------------------------------------------------------
[ 2017-08-23T14:33:48+08:00 ] 76.36.0.8 76.36.0.60 GET /admin/client/clientdetail/client_id/13824.html
[ info ] 76.36.0.8/admin/client/clientdetail/client_id/13824.html [运行时间：0.095006s][吞吐率：10.53req/s] [内存消耗：2,788.95kb] [文件加载：54]
[ info ] [ LANG ] F:\www\bank.cn\thinkphp\lang\zh-cn.php
[ info ] [ ROUTE ] array (
  'type' => 'module',
  'module' => 
  array (
    0 => 'admin',
    1 => 'client',
    2 => 'clientdetail',
  ),
)
[ info ] [ HEADER ] array (
  'host' => '76.36.0.8',
  'connection' => 'keep-alive',
  'accept' => 'text/html,application/xhtml+xml,application/xml;q=0.9,image/webp,*/*;q=0.8',
  'user-agent' => 'Mozilla/5.0 (Windows NT 6.1; WOW64) AppleWebKit/537.36 (KHTML, like Gecko) Chrome/31.0.1650.63 Safari/537.36',
  'referer' => 'http://76.36.0.8/admin/client/clientlist?page=5',
  'accept-encoding' => 'gzip,deflate,sdch',
  'accept-language' => 'zh-CN,zh;q=0.8',
  'cookie' => 'PHPSESSID=37o04hc6hfptgdtpdku39nup36',
)
[ info ] [ PARAM ] array (
  'client_id' => '13824',
)
[ info ] [ SESSION ] INIT array (
  'id' => '',
  'var_session_id' => '',
  'prefix' => 'think',
  'type' => '',
  'auto_start' => true,
)
[ info ] [ DB ] INIT mysql
[ info ] [ RUN ] app\admin\controller\Client->clientdetail[ F:\www\bank.cn\app\admin\controller\Client.php ]
[ info ] [ VIEW ] F:\www\bank.cn/app/admin\view\client\clientdetail.html [ array (
  0 => 'nodes',
  1 => 'other',
  2 => 'base',
  3 => 'areamsg',
  4 => 'hs',
  5 => 'client',
  6 => 'title1',
  7 => 'title2',
  8 => 'controller',
) ]
[ info ] [ LOG ] INIT File
[ sql ] [ DB ] CONNECT:[ UseTime:0.001000s ] mysql:dbname=bank;host=127.0.0.1;charset=utf8
[ sql ] [ SQL ] SHOW COLUMNS FROM `ym_rbac_role` [ RunTime:0.004001s ]
[ sql ] [ SQL ] SELECT * FROM `ym_rbac_role` WHERE  `id` = 13 LIMIT 1 [ RunTime:0.001000s ]
[ sql ] [ SQL ] SHOW COLUMNS FROM `ym_rbac_access` [ RunTime:0.006000s ]
[ sql ] [ SQL ] SELECT `a`.*,`b`.* FROM `ym_rbac_access` `a` INNER JOIN `ym_rbac_node` `b` ON `b`.`id`=`a`.`node_id` WHERE  (  a.role_id = 13 ) ORDER BY `b`.`id`  asc [ RunTime:0.001000s ]
[ sql ] [ SQL ] SELECT `b`.`name` FROM `ym_rbac_access` `a` INNER JOIN `ym_rbac_node` `b` ON `b`.`id`=`a`.`node_id` [ RunTime:0.001000s ]
[ sql ] [ SQL ] SHOW COLUMNS FROM `ym_client` [ RunTime:0.005001s ]
[ sql ] [ SQL ] SELECT `c`.*,`b`.`bankname` FROM `ym_client` `c` LEFT JOIN `ym_bank` `b` ON `c`.`belong_organization`=`b`.`id` WHERE  `c`.`id` = '13824' [ RunTime:0.000000s ]
[ sql ] [ SQL ] SHOW COLUMNS FROM `ym_base_msg` [ RunTime:0.004000s ]
[ sql ] [ SQL ] SELECT * FROM `ym_base_msg` WHERE  `client_id` = 13824 [ RunTime:0.001000s ]
[ sql ] [ SQL ] SHOW COLUMNS FROM `ym_other_message` [ RunTime:0.005000s ]
[ sql ] [ SQL ] SELECT * FROM `ym_other_message` WHERE  `client_id` = 13824 [ RunTime:0.000000s ]
---------------------------------------------------------------
[ 2017-08-23T14:33:51+08:00 ] 76.36.0.8 76.36.0.60 GET /admin/client/clientlist?page=5
[ info ] 76.36.0.8/admin/client/clientlist?page=5 [运行时间：0.497029s][吞吐率：2.01req/s] [内存消耗：3,004.18kb] [文件加载：57]
[ info ] [ LANG ] F:\www\bank.cn\thinkphp\lang\zh-cn.php
[ info ] [ ROUTE ] array (
  'type' => 'module',
  'module' => 
  array (
    0 => 'admin',
    1 => 'client',
    2 => 'clientlist',
  ),
)
[ info ] [ HEADER ] array (
  'host' => '76.36.0.8',
  'connection' => 'keep-alive',
  'accept' => 'text/html,application/xhtml+xml,application/xml;q=0.9,image/webp,*/*;q=0.8',
  'user-agent' => 'Mozilla/5.0 (Windows NT 6.1; WOW64) AppleWebKit/537.36 (KHTML, like Gecko) Chrome/31.0.1650.63 Safari/537.36',
  'referer' => 'http://76.36.0.8/admin/client/clientlist',
  'accept-encoding' => 'gzip,deflate,sdch',
  'accept-language' => 'zh-CN,zh;q=0.8',
  'cookie' => 'PHPSESSID=37o04hc6hfptgdtpdku39nup36',
)
[ info ] [ PARAM ] array (
  'page' => '5',
)
[ info ] [ SESSION ] INIT array (
  'id' => '',
  'var_session_id' => '',
  'prefix' => 'think',
  'type' => '',
  'auto_start' => true,
)
[ info ] [ DB ] INIT mysql
[ info ] [ RUN ] app\admin\controller\Client->clientlist[ F:\www\bank.cn\app\admin\controller\Client.php ]
[ info ] [ VIEW ] F:\www\bank.cn/app/admin\view\client\clientlist.html [ array (
  0 => 'nodes',
  1 => 'page',
  2 => 'bank',
  3 => 'title1',
  4 => 'title2',
  5 => 'clients',
) ]
[ info ] [ LOG ] INIT File
[ sql ] [ DB ] CONNECT:[ UseTime:0.001000s ] mysql:dbname=bank;host=127.0.0.1;charset=utf8
[ sql ] [ SQL ] SHOW COLUMNS FROM `ym_rbac_role` [ RunTime:0.005001s ]
[ sql ] [ SQL ] SELECT * FROM `ym_rbac_role` WHERE  `id` = 13 LIMIT 1 [ RunTime:0.000000s ]
[ sql ] [ SQL ] SHOW COLUMNS FROM `ym_rbac_access` [ RunTime:0.005000s ]
[ sql ] [ SQL ] SELECT `a`.*,`b`.* FROM `ym_rbac_access` `a` INNER JOIN `ym_rbac_node` `b` ON `b`.`id`=`a`.`node_id` WHERE  (  a.role_id = 13 ) ORDER BY `b`.`id`  asc [ RunTime:0.001000s ]
[ sql ] [ SQL ] SELECT `b`.`name` FROM `ym_rbac_access` `a` INNER JOIN `ym_rbac_node` `b` ON `b`.`id`=`a`.`node_id` [ RunTime:0.001000s ]
[ sql ] [ SQL ] SELECT `b`.`name` FROM `ym_rbac_access` `a` INNER JOIN `ym_rbac_node` `b` ON `b`.`id`=`a`.`node_id` WHERE  (  a.role_id = 13 ) [ RunTime:0.001000s ]
[ sql ] [ SQL ] SHOW COLUMNS FROM `ym_client` [ RunTime:0.004001s ]
[ sql ] [ SQL ] SELECT COUNT(*) AS tp_count FROM `ym_client` `a` LEFT JOIN `ym_base_msg` `b` ON `a`.`id`=`b`.`client_id` WHERE  `a`.`is_del` = 0 LIMIT 1 [ RunTime:0.247014s ]
[ sql ] [ SQL ] SELECT `a`.*,`b`.`phone_number`,`b`.`current_address` FROM `ym_client` `a` LEFT JOIN `ym_base_msg` `b` ON `a`.`id`=`b`.`client_id` WHERE  `a`.`is_del` = 0 ORDER BY `a`.`add_time`  desc LIMIT 80,20 [ RunTime:0.128007s ]
[ sql ] [ SQL ] SHOW COLUMNS FROM `ym_bank` [ RunTime:0.006001s ]
[ sql ] [ SQL ] SELECT * FROM `ym_bank` WHERE  `is_del` = 0 [ RunTime:0.001000s ]
[ sql ] [ SQL ] SHOW COLUMNS FROM `ym_dataconfig` [ RunTime:0.006000s ]
[ sql ] [ SQL ] SELECT `value` FROM `ym_dataconfig` WHERE  `code` = 'client_grade' LIMIT 1 [ RunTime:0.001000s ]
[ sql ] [ SQL ] SELECT `value` FROM `ym_dataconfig` WHERE  `code` = 'client_grade' LIMIT 1 [ RunTime:0.001000s ]
[ sql ] [ SQL ] SELECT `value` FROM `ym_dataconfig` WHERE  `code` = 'client_grade' LIMIT 1 [ RunTime:0.001000s ]
[ sql ] [ SQL ] SELECT `value` FROM `ym_dataconfig` WHERE  `code` = 'client_grade' LIMIT 1 [ RunTime:0.001000s ]
[ sql ] [ SQL ] SELECT `value` FROM `ym_dataconfig` WHERE  `code` = 'client_grade' LIMIT 1 [ RunTime:0.001001s ]
[ sql ] [ SQL ] SELECT `value` FROM `ym_dataconfig` WHERE  `code` = 'client_grade' LIMIT 1 [ RunTime:0.000000s ]
[ sql ] [ SQL ] SELECT `value` FROM `ym_dataconfig` WHERE  `code` = 'client_grade' LIMIT 1 [ RunTime:0.001000s ]
[ sql ] [ SQL ] SELECT `value` FROM `ym_dataconfig` WHERE  `code` = 'client_grade' LIMIT 1 [ RunTime:0.001000s ]
[ sql ] [ SQL ] SELECT `value` FROM `ym_dataconfig` WHERE  `code` = 'client_grade' LIMIT 1 [ RunTime:0.000000s ]
[ sql ] [ SQL ] SELECT `value` FROM `ym_dataconfig` WHERE  `code` = 'client_grade' LIMIT 1 [ RunTime:0.000000s ]
[ sql ] [ SQL ] SELECT `value` FROM `ym_dataconfig` WHERE  `code` = 'client_grade' LIMIT 1 [ RunTime:0.000000s ]
[ sql ] [ SQL ] SELECT `value` FROM `ym_dataconfig` WHERE  `code` = 'client_grade' LIMIT 1 [ RunTime:0.000000s ]
[ sql ] [ SQL ] SELECT `value` FROM `ym_dataconfig` WHERE  `code` = 'client_grade' LIMIT 1 [ RunTime:0.001000s ]
[ sql ] [ SQL ] SELECT `value` FROM `ym_dataconfig` WHERE  `code` = 'client_grade' LIMIT 1 [ RunTime:0.001000s ]
[ sql ] [ SQL ] SELECT `value` FROM `ym_dataconfig` WHERE  `code` = 'client_grade' LIMIT 1 [ RunTime:0.001000s ]
[ sql ] [ SQL ] SELECT `value` FROM `ym_dataconfig` WHERE  `code` = 'client_grade' LIMIT 1 [ RunTime:0.000000s ]
[ sql ] [ SQL ] SELECT `value` FROM `ym_dataconfig` WHERE  `code` = 'client_grade' LIMIT 1 [ RunTime:0.000000s ]
[ sql ] [ SQL ] SELECT `value` FROM `ym_dataconfig` WHERE  `code` = 'client_grade' LIMIT 1 [ RunTime:0.000000s ]
[ sql ] [ SQL ] SELECT `value` FROM `ym_dataconfig` WHERE  `code` = 'client_grade' LIMIT 1 [ RunTime:0.000000s ]
[ sql ] [ SQL ] SELECT `value` FROM `ym_dataconfig` WHERE  `code` = 'client_grade' LIMIT 1 [ RunTime:0.000000s ]
---------------------------------------------------------------
[ 2017-08-23T14:33:57+08:00 ] 76.36.0.8 76.36.0.60 GET /admin/client/clientdetail/client_id/18688.html
[ info ] 76.36.0.8/admin/client/clientdetail/client_id/18688.html [运行时间：0.094005s][吞吐率：10.64req/s] [内存消耗：2,789.25kb] [文件加载：54]
[ info ] [ LANG ] F:\www\bank.cn\thinkphp\lang\zh-cn.php
[ info ] [ ROUTE ] array (
  'type' => 'module',
  'module' => 
  array (
    0 => 'admin',
    1 => 'client',
    2 => 'clientdetail',
  ),
)
[ info ] [ HEADER ] array (
  'host' => '76.36.0.8',
  'connection' => 'keep-alive',
  'accept' => 'text/html,application/xhtml+xml,application/xml;q=0.9,image/webp,*/*;q=0.8',
  'user-agent' => 'Mozilla/5.0 (Windows NT 6.1; WOW64) AppleWebKit/537.36 (KHTML, like Gecko) Chrome/31.0.1650.63 Safari/537.36',
  'referer' => 'http://76.36.0.8/admin/client/clientlist?page=5',
  'accept-encoding' => 'gzip,deflate,sdch',
  'accept-language' => 'zh-CN,zh;q=0.8',
  'cookie' => 'PHPSESSID=37o04hc6hfptgdtpdku39nup36',
)
[ info ] [ PARAM ] array (
  'client_id' => '18688',
)
[ info ] [ SESSION ] INIT array (
  'id' => '',
  'var_session_id' => '',
  'prefix' => 'think',
  'type' => '',
  'auto_start' => true,
)
[ info ] [ DB ] INIT mysql
[ info ] [ RUN ] app\admin\controller\Client->clientdetail[ F:\www\bank.cn\app\admin\controller\Client.php ]
[ info ] [ VIEW ] F:\www\bank.cn/app/admin\view\client\clientdetail.html [ array (
  0 => 'nodes',
  1 => 'other',
  2 => 'base',
  3 => 'areamsg',
  4 => 'hs',
  5 => 'client',
  6 => 'title1',
  7 => 'title2',
  8 => 'controller',
) ]
[ info ] [ LOG ] INIT File
[ sql ] [ DB ] CONNECT:[ UseTime:0.001000s ] mysql:dbname=bank;host=127.0.0.1;charset=utf8
[ sql ] [ SQL ] SHOW COLUMNS FROM `ym_rbac_role` [ RunTime:0.004000s ]
[ sql ] [ SQL ] SELECT * FROM `ym_rbac_role` WHERE  `id` = 13 LIMIT 1 [ RunTime:0.001000s ]
[ sql ] [ SQL ] SHOW COLUMNS FROM `ym_rbac_access` [ RunTime:0.005001s ]
[ sql ] [ SQL ] SELECT `a`.*,`b`.* FROM `ym_rbac_access` `a` INNER JOIN `ym_rbac_node` `b` ON `b`.`id`=`a`.`node_id` WHERE  (  a.role_id = 13 ) ORDER BY `b`.`id`  asc [ RunTime:0.002000s ]
[ sql ] [ SQL ] SELECT `b`.`name` FROM `ym_rbac_access` `a` INNER JOIN `ym_rbac_node` `b` ON `b`.`id`=`a`.`node_id` [ RunTime:0.001000s ]
[ sql ] [ SQL ] SHOW COLUMNS FROM `ym_client` [ RunTime:0.005000s ]
[ sql ] [ SQL ] SELECT `c`.*,`b`.`bankname` FROM `ym_client` `c` LEFT JOIN `ym_bank` `b` ON `c`.`belong_organization`=`b`.`id` WHERE  `c`.`id` = '18688' [ RunTime:0.001000s ]
[ sql ] [ SQL ] SHOW COLUMNS FROM `ym_base_msg` [ RunTime:0.004000s ]
[ sql ] [ SQL ] SELECT * FROM `ym_base_msg` WHERE  `client_id` = 18688 [ RunTime:0.002000s ]
[ sql ] [ SQL ] SHOW COLUMNS FROM `ym_other_message` [ RunTime:0.005000s ]
[ sql ] [ SQL ] SELECT * FROM `ym_other_message` WHERE  `client_id` = 18688 [ RunTime:0.000000s ]
---------------------------------------------------------------
[ 2017-08-23T14:34:39+08:00 ] 76.36.0.8 76.36.0.60 GET /admin/client/clientlist
[ info ] 76.36.0.8/admin/client/clientlist [运行时间：0.311018s][吞吐率：3.22req/s] [内存消耗：3,005.33kb] [文件加载：57]
[ info ] [ LANG ] F:\www\bank.cn\thinkphp\lang\zh-cn.php
[ info ] [ ROUTE ] array (
  'type' => 'module',
  'module' => 
  array (
    0 => 'admin',
    1 => 'client',
    2 => 'clientlist',
  ),
)
[ info ] [ HEADER ] array (
  'host' => '76.36.0.8',
  'connection' => 'keep-alive',
  'accept' => 'text/html,application/xhtml+xml,application/xml;q=0.9,image/webp,*/*;q=0.8',
  'user-agent' => 'Mozilla/5.0 (Windows NT 6.1; WOW64) AppleWebKit/537.36 (KHTML, like Gecko) Chrome/31.0.1650.63 Safari/537.36',
  'referer' => 'http://76.36.0.8/admin/client/clientdetail/client_id/18688.html',
  'accept-encoding' => 'gzip,deflate,sdch',
  'accept-language' => 'zh-CN,zh;q=0.8',
  'cookie' => 'PHPSESSID=37o04hc6hfptgdtpdku39nup36',
)
[ info ] [ PARAM ] array (
)
[ info ] [ SESSION ] INIT array (
  'id' => '',
  'var_session_id' => '',
  'prefix' => 'think',
  'type' => '',
  'auto_start' => true,
)
[ info ] [ DB ] INIT mysql
[ info ] [ RUN ] app\admin\controller\Client->clientlist[ F:\www\bank.cn\app\admin\controller\Client.php ]
[ info ] [ VIEW ] F:\www\bank.cn/app/admin\view\client\clientlist.html [ array (
  0 => 'nodes',
  1 => 'page',
  2 => 'bank',
  3 => 'title1',
  4 => 'title2',
  5 => 'clients',
) ]
[ info ] [ LOG ] INIT File
[ sql ] [ DB ] CONNECT:[ UseTime:0.001000s ] mysql:dbname=bank;host=127.0.0.1;charset=utf8
[ sql ] [ SQL ] SHOW COLUMNS FROM `ym_rbac_role` [ RunTime:0.004000s ]
[ sql ] [ SQL ] SELECT * FROM `ym_rbac_role` WHERE  `id` = 13 LIMIT 1 [ RunTime:0.001000s ]
[ sql ] [ SQL ] SHOW COLUMNS FROM `ym_rbac_access` [ RunTime:0.004000s ]
[ sql ] [ SQL ] SELECT `a`.*,`b`.* FROM `ym_rbac_access` `a` INNER JOIN `ym_rbac_node` `b` ON `b`.`id`=`a`.`node_id` WHERE  (  a.role_id = 13 ) ORDER BY `b`.`id`  asc [ RunTime:0.002000s ]
[ sql ] [ SQL ] SELECT `b`.`name` FROM `ym_rbac_access` `a` INNER JOIN `ym_rbac_node` `b` ON `b`.`id`=`a`.`node_id` [ RunTime:0.001000s ]
[ sql ] [ SQL ] SELECT `b`.`name` FROM `ym_rbac_access` `a` INNER JOIN `ym_rbac_node` `b` ON `b`.`id`=`a`.`node_id` WHERE  (  a.role_id = 13 ) [ RunTime:0.001001s ]
[ sql ] [ SQL ] SHOW COLUMNS FROM `ym_client` [ RunTime:0.005000s ]
[ sql ] [ SQL ] SELECT COUNT(*) AS tp_count FROM `ym_client` `a` LEFT JOIN `ym_base_msg` `b` ON `a`.`id`=`b`.`client_id` WHERE  `a`.`is_del` = 0 LIMIT 1 [ RunTime:0.146008s ]
[ sql ] [ SQL ] SELECT `a`.*,`b`.`phone_number`,`b`.`current_address` FROM `ym_client` `a` LEFT JOIN `ym_base_msg` `b` ON `a`.`id`=`b`.`client_id` WHERE  `a`.`is_del` = 0 ORDER BY `a`.`add_time`  desc LIMIT 0,20 [ RunTime:0.051003s ]
[ sql ] [ SQL ] SHOW COLUMNS FROM `ym_bank` [ RunTime:0.004001s ]
[ sql ] [ SQL ] SELECT * FROM `ym_bank` WHERE  `is_del` = 0 [ RunTime:0.000000s ]
[ sql ] [ SQL ] SHOW COLUMNS FROM `ym_dataconfig` [ RunTime:0.004000s ]
[ sql ] [ SQL ] SELECT `value` FROM `ym_dataconfig` WHERE  `code` = 'client_grade' LIMIT 1 [ RunTime:0.000000s ]
[ sql ] [ SQL ] SELECT `value` FROM `ym_dataconfig` WHERE  `code` = 'client_grade' LIMIT 1 [ RunTime:0.000000s ]
[ sql ] [ SQL ] SELECT `value` FROM `ym_dataconfig` WHERE  `code` = 'client_grade' LIMIT 1 [ RunTime:0.000000s ]
[ sql ] [ SQL ] SELECT `value` FROM `ym_dataconfig` WHERE  `code` = 'client_grade' LIMIT 1 [ RunTime:0.000000s ]
[ sql ] [ SQL ] SELECT `value` FROM `ym_dataconfig` WHERE  `code` = 'client_grade' LIMIT 1 [ RunTime:0.000000s ]
[ sql ] [ SQL ] SELECT `value` FROM `ym_dataconfig` WHERE  `code` = 'client_grade' LIMIT 1 [ RunTime:0.000000s ]
[ sql ] [ SQL ] SELECT `value` FROM `ym_dataconfig` WHERE  `code` = 'client_grade' LIMIT 1 [ RunTime:0.000000s ]
[ sql ] [ SQL ] SELECT `value` FROM `ym_dataconfig` WHERE  `code` = 'client_grade' LIMIT 1 [ RunTime:0.000000s ]
[ sql ] [ SQL ] SELECT `value` FROM `ym_dataconfig` WHERE  `code` = 'client_grade' LIMIT 1 [ RunTime:0.000000s ]
[ sql ] [ SQL ] SELECT `value` FROM `ym_dataconfig` WHERE  `code` = 'client_grade' LIMIT 1 [ RunTime:0.000000s ]
[ sql ] [ SQL ] SELECT `value` FROM `ym_dataconfig` WHERE  `code` = 'client_grade' LIMIT 1 [ RunTime:0.000000s ]
[ sql ] [ SQL ] SELECT `value` FROM `ym_dataconfig` WHERE  `code` = 'client_grade' LIMIT 1 [ RunTime:0.000000s ]
[ sql ] [ SQL ] SELECT `value` FROM `ym_dataconfig` WHERE  `code` = 'client_grade' LIMIT 1 [ RunTime:0.000000s ]
[ sql ] [ SQL ] SELECT `value` FROM `ym_dataconfig` WHERE  `code` = 'client_grade' LIMIT 1 [ RunTime:0.000000s ]
[ sql ] [ SQL ] SELECT `value` FROM `ym_dataconfig` WHERE  `code` = 'client_grade' LIMIT 1 [ RunTime:0.000000s ]
[ sql ] [ SQL ] SELECT `value` FROM `ym_dataconfig` WHERE  `code` = 'client_grade' LIMIT 1 [ RunTime:0.000000s ]
[ sql ] [ SQL ] SELECT `value` FROM `ym_dataconfig` WHERE  `code` = 'client_grade' LIMIT 1 [ RunTime:0.000000s ]
[ sql ] [ SQL ] SELECT `value` FROM `ym_dataconfig` WHERE  `code` = 'client_grade' LIMIT 1 [ RunTime:0.000000s ]
[ sql ] [ SQL ] SELECT `value` FROM `ym_dataconfig` WHERE  `code` = 'client_grade' LIMIT 1 [ RunTime:0.000000s ]
[ sql ] [ SQL ] SELECT `value` FROM `ym_dataconfig` WHERE  `code` = 'client_grade' LIMIT 1 [ RunTime:0.000000s ]
---------------------------------------------------------------
[ 2017-08-23T14:34:43+08:00 ] 76.36.0.8 76.36.0.60 GET /admin/client/clientlist?page=8
[ info ] 76.36.0.8/admin/client/clientlist?page=8 [运行时间：0.342020s][吞吐率：2.92req/s] [内存消耗：3,009.88kb] [文件加载：57]
[ info ] [ LANG ] F:\www\bank.cn\thinkphp\lang\zh-cn.php
[ info ] [ ROUTE ] array (
  'type' => 'module',
  'module' => 
  array (
    0 => 'admin',
    1 => 'client',
    2 => 'clientlist',
  ),
)
[ info ] [ HEADER ] array (
  'host' => '76.36.0.8',
  'connection' => 'keep-alive',
  'accept' => 'text/html,application/xhtml+xml,application/xml;q=0.9,image/webp,*/*;q=0.8',
  'user-agent' => 'Mozilla/5.0 (Windows NT 6.1; WOW64) AppleWebKit/537.36 (KHTML, like Gecko) Chrome/31.0.1650.63 Safari/537.36',
  'referer' => 'http://76.36.0.8/admin/client/clientlist',
  'accept-encoding' => 'gzip,deflate,sdch',
  'accept-language' => 'zh-CN,zh;q=0.8',
  'cookie' => 'PHPSESSID=37o04hc6hfptgdtpdku39nup36',
)
[ info ] [ PARAM ] array (
  'page' => '8',
)
[ info ] [ SESSION ] INIT array (
  'id' => '',
  'var_session_id' => '',
  'prefix' => 'think',
  'type' => '',
  'auto_start' => true,
)
[ info ] [ DB ] INIT mysql
[ info ] [ RUN ] app\admin\controller\Client->clientlist[ F:\www\bank.cn\app\admin\controller\Client.php ]
[ info ] [ VIEW ] F:\www\bank.cn/app/admin\view\client\clientlist.html [ array (
  0 => 'nodes',
  1 => 'page',
  2 => 'bank',
  3 => 'title1',
  4 => 'title2',
  5 => 'clients',
) ]
[ info ] [ LOG ] INIT File
[ sql ] [ DB ] CONNECT:[ UseTime:0.001000s ] mysql:dbname=bank;host=127.0.0.1;charset=utf8
[ sql ] [ SQL ] SHOW COLUMNS FROM `ym_rbac_role` [ RunTime:0.005000s ]
[ sql ] [ SQL ] SELECT * FROM `ym_rbac_role` WHERE  `id` = 13 LIMIT 1 [ RunTime:0.001000s ]
[ sql ] [ SQL ] SHOW COLUMNS FROM `ym_rbac_access` [ RunTime:0.005000s ]
[ sql ] [ SQL ] SELECT `a`.*,`b`.* FROM `ym_rbac_access` `a` INNER JOIN `ym_rbac_node` `b` ON `b`.`id`=`a`.`node_id` WHERE  (  a.role_id = 13 ) ORDER BY `b`.`id`  asc [ RunTime:0.001000s ]
[ sql ] [ SQL ] SELECT `b`.`name` FROM `ym_rbac_access` `a` INNER JOIN `ym_rbac_node` `b` ON `b`.`id`=`a`.`node_id` [ RunTime:0.001000s ]
[ sql ] [ SQL ] SELECT `b`.`name` FROM `ym_rbac_access` `a` INNER JOIN `ym_rbac_node` `b` ON `b`.`id`=`a`.`node_id` WHERE  (  a.role_id = 13 ) [ RunTime:0.001000s ]
[ sql ] [ SQL ] SHOW COLUMNS FROM `ym_client` [ RunTime:0.005000s ]
[ sql ] [ SQL ] SELECT COUNT(*) AS tp_count FROM `ym_client` `a` LEFT JOIN `ym_base_msg` `b` ON `a`.`id`=`b`.`client_id` WHERE  `a`.`is_del` = 0 LIMIT 1 [ RunTime:0.148008s ]
[ sql ] [ SQL ] SELECT `a`.*,`b`.`phone_number`,`b`.`current_address` FROM `ym_client` `a` LEFT JOIN `ym_base_msg` `b` ON `a`.`id`=`b`.`client_id` WHERE  `a`.`is_del` = 0 ORDER BY `a`.`add_time`  desc LIMIT 140,20 [ RunTime:0.076005s ]
[ sql ] [ SQL ] SHOW COLUMNS FROM `ym_bank` [ RunTime:0.004000s ]
[ sql ] [ SQL ] SELECT * FROM `ym_bank` WHERE  `is_del` = 0 [ RunTime:0.001000s ]
[ sql ] [ SQL ] SHOW COLUMNS FROM `ym_dataconfig` [ RunTime:0.004001s ]
[ sql ] [ SQL ] SELECT `value` FROM `ym_dataconfig` WHERE  `code` = 'client_grade' LIMIT 1 [ RunTime:0.001000s ]
[ sql ] [ SQL ] SELECT `value` FROM `ym_dataconfig` WHERE  `code` = 'client_grade' LIMIT 1 [ RunTime:0.000000s ]
[ sql ] [ SQL ] SELECT `value` FROM `ym_dataconfig` WHERE  `code` = 'client_grade' LIMIT 1 [ RunTime:0.000000s ]
[ sql ] [ SQL ] SELECT `value` FROM `ym_dataconfig` WHERE  `code` = 'client_grade' LIMIT 1 [ RunTime:0.000000s ]
[ sql ] [ SQL ] SELECT `value` FROM `ym_dataconfig` WHERE  `code` = 'client_grade' LIMIT 1 [ RunTime:0.000000s ]
[ sql ] [ SQL ] SELECT `value` FROM `ym_dataconfig` WHERE  `code` = 'client_grade' LIMIT 1 [ RunTime:0.000000s ]
[ sql ] [ SQL ] SELECT `value` FROM `ym_dataconfig` WHERE  `code` = 'client_grade' LIMIT 1 [ RunTime:0.000000s ]
[ sql ] [ SQL ] SELECT `value` FROM `ym_dataconfig` WHERE  `code` = 'client_grade' LIMIT 1 [ RunTime:0.000000s ]
[ sql ] [ SQL ] SELECT `value` FROM `ym_dataconfig` WHERE  `code` = 'client_grade' LIMIT 1 [ RunTime:0.000000s ]
[ sql ] [ SQL ] SELECT `value` FROM `ym_dataconfig` WHERE  `code` = 'client_grade' LIMIT 1 [ RunTime:0.000000s ]
[ sql ] [ SQL ] SELECT `value` FROM `ym_dataconfig` WHERE  `code` = 'client_grade' LIMIT 1 [ RunTime:0.000000s ]
[ sql ] [ SQL ] SELECT `value` FROM `ym_dataconfig` WHERE  `code` = 'client_grade' LIMIT 1 [ RunTime:0.000000s ]
[ sql ] [ SQL ] SELECT `value` FROM `ym_dataconfig` WHERE  `code` = 'client_grade' LIMIT 1 [ RunTime:0.000000s ]
[ sql ] [ SQL ] SELECT `value` FROM `ym_dataconfig` WHERE  `code` = 'client_grade' LIMIT 1 [ RunTime:0.001001s ]
[ sql ] [ SQL ] SELECT `value` FROM `ym_dataconfig` WHERE  `code` = 'client_grade' LIMIT 1 [ RunTime:0.001000s ]
[ sql ] [ SQL ] SELECT `value` FROM `ym_dataconfig` WHERE  `code` = 'client_grade' LIMIT 1 [ RunTime:0.001000s ]
[ sql ] [ SQL ] SELECT `value` FROM `ym_dataconfig` WHERE  `code` = 'client_grade' LIMIT 1 [ RunTime:0.001000s ]
[ sql ] [ SQL ] SELECT `value` FROM `ym_dataconfig` WHERE  `code` = 'client_grade' LIMIT 1 [ RunTime:0.001000s ]
[ sql ] [ SQL ] SELECT `value` FROM `ym_dataconfig` WHERE  `code` = 'client_grade' LIMIT 1 [ RunTime:0.000000s ]
[ sql ] [ SQL ] SELECT `value` FROM `ym_dataconfig` WHERE  `code` = 'client_grade' LIMIT 1 [ RunTime:0.000000s ]
---------------------------------------------------------------
[ 2017-08-23T14:34:46+08:00 ] 76.36.0.8 76.36.0.60 GET /admin/client/clientdetail/client_id/29952.html
[ info ] 76.36.0.8/admin/client/clientdetail/client_id/29952.html [运行时间：0.094005s][吞吐率：10.64req/s] [内存消耗：2,789.28kb] [文件加载：54]
[ info ] [ LANG ] F:\www\bank.cn\thinkphp\lang\zh-cn.php
[ info ] [ ROUTE ] array (
  'type' => 'module',
  'module' => 
  array (
    0 => 'admin',
    1 => 'client',
    2 => 'clientdetail',
  ),
)
[ info ] [ HEADER ] array (
  'host' => '76.36.0.8',
  'connection' => 'keep-alive',
  'accept' => 'text/html,application/xhtml+xml,application/xml;q=0.9,image/webp,*/*;q=0.8',
  'user-agent' => 'Mozilla/5.0 (Windows NT 6.1; WOW64) AppleWebKit/537.36 (KHTML, like Gecko) Chrome/31.0.1650.63 Safari/537.36',
  'referer' => 'http://76.36.0.8/admin/client/clientlist?page=8',
  'accept-encoding' => 'gzip,deflate,sdch',
  'accept-language' => 'zh-CN,zh;q=0.8',
  'cookie' => 'PHPSESSID=37o04hc6hfptgdtpdku39nup36',
)
[ info ] [ PARAM ] array (
  'client_id' => '29952',
)
[ info ] [ SESSION ] INIT array (
  'id' => '',
  'var_session_id' => '',
  'prefix' => 'think',
  'type' => '',
  'auto_start' => true,
)
[ info ] [ DB ] INIT mysql
[ info ] [ RUN ] app\admin\controller\Client->clientdetail[ F:\www\bank.cn\app\admin\controller\Client.php ]
[ info ] [ VIEW ] F:\www\bank.cn/app/admin\view\client\clientdetail.html [ array (
  0 => 'nodes',
  1 => 'other',
  2 => 'base',
  3 => 'areamsg',
  4 => 'hs',
  5 => 'client',
  6 => 'title1',
  7 => 'title2',
  8 => 'controller',
) ]
[ info ] [ LOG ] INIT File
[ sql ] [ DB ] CONNECT:[ UseTime:0.001000s ] mysql:dbname=bank;host=127.0.0.1;charset=utf8
[ sql ] [ SQL ] SHOW COLUMNS FROM `ym_rbac_role` [ RunTime:0.005000s ]
[ sql ] [ SQL ] SELECT * FROM `ym_rbac_role` WHERE  `id` = 13 LIMIT 1 [ RunTime:0.001000s ]
[ sql ] [ SQL ] SHOW COLUMNS FROM `ym_rbac_access` [ RunTime:0.004000s ]
[ sql ] [ SQL ] SELECT `a`.*,`b`.* FROM `ym_rbac_access` `a` INNER JOIN `ym_rbac_node` `b` ON `b`.`id`=`a`.`node_id` WHERE  (  a.role_id = 13 ) ORDER BY `b`.`id`  asc [ RunTime:0.001000s ]
[ sql ] [ SQL ] SELECT `b`.`name` FROM `ym_rbac_access` `a` INNER JOIN `ym_rbac_node` `b` ON `b`.`id`=`a`.`node_id` [ RunTime:0.001000s ]
[ sql ] [ SQL ] SHOW COLUMNS FROM `ym_client` [ RunTime:0.004000s ]
[ sql ] [ SQL ] SELECT `c`.*,`b`.`bankname` FROM `ym_client` `c` LEFT JOIN `ym_bank` `b` ON `c`.`belong_organization`=`b`.`id` WHERE  `c`.`id` = '29952' [ RunTime:0.001000s ]
[ sql ] [ SQL ] SHOW COLUMNS FROM `ym_base_msg` [ RunTime:0.005000s ]
[ sql ] [ SQL ] SELECT * FROM `ym_base_msg` WHERE  `client_id` = 29952 [ RunTime:0.001000s ]
[ sql ] [ SQL ] SHOW COLUMNS FROM `ym_other_message` [ RunTime:0.005001s ]
[ sql ] [ SQL ] SELECT * FROM `ym_other_message` WHERE  `client_id` = 29952 [ RunTime:0.000000s ]
