---------------------------------------------------------------
[ 2018-01-10T13:26:09+08:00 ] 127.0.0.1 127.0.0.1 POST /admin/user/login.html
[ sql ] [ DB ] CONNECT:[ UseTime:0.051000s ] mysql:dbname=bank;host=127.0.0.1;charset=utf8
[ sql ] [ SQL ] SHOW COLUMNS FROM `ym_rbac_user` [ RunTime:0.076000s ]
[ sql ] [ SQL ] SELECT * FROM `ym_rbac_user` WHERE  `username` = 'admin' LIMIT 1 [ RunTime:0.011000s ]
[ sql ] [ SQL ] SHOW COLUMNS FROM `ym_action` [ RunTime:0.048000s ]
[ sql ] [ SQL ] SELECT * FROM `ym_action` WHERE  `name` = 'user_login' LIMIT 1 [ RunTime:0.001000s ]
[ sql ] [ SQL ] SELECT `username` FROM `ym_rbac_user` WHERE  `id` = 6 LIMIT 1 [ RunTime:0.002000s ]
[ sql ] [ SQL ] SHOW COLUMNS FROM `ym_action_log` [ RunTime:0.036000s ]
[ sql ] [ SQL ] INSERT INTO `ym_action_log` (`action_id` , `user_id` , `action_ip` , `model` , `record_id` , `create_time` , `remark`) VALUES (1 , 6 , 2130706433 , 'rbac_user' , 6 , 1515561968 , 'admin在2018-01-10 13:26登录了后台') [ RunTime:0.050000s ]
[ sql ] [ SQL ] UPDATE `ym_rbac_user`  SET `last_login_time`=1515561968,`last_login_ip`='127.0.0.1',`login_count`=192  WHERE  `id` = 6 [ RunTime:0.001000s ]
---------------------------------------------------------------
[ 2018-01-10T13:26:09+08:00 ] 127.0.0.1 127.0.0.1 GET /admin/index/index.html
[ sql ] [ DB ] CONNECT:[ UseTime:0.002000s ] mysql:dbname=bank;host=127.0.0.1;charset=utf8
[ sql ] [ SQL ] SHOW COLUMNS FROM `ym_bank` [ RunTime:0.108000s ]
[ sql ] [ SQL ] SELECT `bankname` FROM `ym_bank` WHERE  `id` = 1 LIMIT 1 [ RunTime:0.014000s ]
[ sql ] [ SQL ] SHOW COLUMNS FROM `ym_rbac_role` [ RunTime:0.033000s ]
[ sql ] [ SQL ] SELECT * FROM `ym_rbac_role` WHERE  `id` = 13 LIMIT 1 [ RunTime:0.001000s ]
[ sql ] [ SQL ] SHOW COLUMNS FROM `ym_rbac_access` [ RunTime:0.029000s ]
[ sql ] [ SQL ] SELECT `a`.*,`b`.* FROM `ym_rbac_access` `a` INNER JOIN `ym_rbac_node` `b` ON `b`.`id`=`a`.`node_id` WHERE  (  a.role_id = 13 ) ORDER BY `b`.`sort`  asc [ RunTime:0.029000s ]
[ sql ] [ SQL ] SELECT `b`.`name` FROM `ym_rbac_access` `a` INNER JOIN `ym_rbac_node` `b` ON `b`.`id`=`a`.`node_id` [ RunTime:0.002000s ]
[ sql ] [ SQL ] SELECT `b`.`name` FROM `ym_rbac_access` `a` INNER JOIN `ym_rbac_node` `b` ON `b`.`id`=`a`.`node_id` WHERE  (  a.role_id = 13 ) [ RunTime:0.003000s ]
[ sql ] [ SQL ] SHOW COLUMNS FROM `ym_dataconfig` [ RunTime:0.025000s ]
[ sql ] [ SQL ] SELECT `value` FROM `ym_dataconfig` WHERE  `code` = 'select_loantable' LIMIT 1 [ RunTime:0.007000s ]
[ sql ] [ SQL ] SELECT *  FROM ym_sign_analyse [ RunTime:0.091000s ]
[ sql ] [ SQL ] SELECT provide_loan_money AS sum,organization FROM  ym_bank_data  ORDER BY sum desc [ RunTime:0.067000s ]
[ sql ] [ SQL ] SELECT remian_money AS sum,organization FROM ym_bank_data  ORDER BY sum desc [ RunTime:0.001000s ]
[ sql ] [ SQL ] SELECT SUM(provide_loan_money) AS loannum  FROM ym_loan [ RunTime:0.091000s ]
---------------------------------------------------------------
[ 2018-01-10T13:26:13+08:00 ] 127.0.0.1 127.0.0.1 GET /admin/client/clientlist
[ sql ] [ DB ] CONNECT:[ UseTime:0.002000s ] mysql:dbname=bank;host=127.0.0.1;charset=utf8
[ sql ] [ SQL ] SHOW COLUMNS FROM `ym_bank` [ RunTime:0.005000s ]
[ sql ] [ SQL ] SELECT `bankname` FROM `ym_bank` WHERE  `id` = 1 LIMIT 1 [ RunTime:0.001000s ]
[ sql ] [ SQL ] SHOW COLUMNS FROM `ym_rbac_role` [ RunTime:0.012000s ]
[ sql ] [ SQL ] SELECT * FROM `ym_rbac_role` WHERE  `id` = 13 LIMIT 1 [ RunTime:0.001000s ]
[ sql ] [ SQL ] SHOW COLUMNS FROM `ym_rbac_access` [ RunTime:0.006000s ]
[ sql ] [ SQL ] SELECT `a`.*,`b`.* FROM `ym_rbac_access` `a` INNER JOIN `ym_rbac_node` `b` ON `b`.`id`=`a`.`node_id` WHERE  (  a.role_id = 13 ) ORDER BY `b`.`sort`  asc [ RunTime:0.004000s ]
[ sql ] [ SQL ] SELECT `b`.`name` FROM `ym_rbac_access` `a` INNER JOIN `ym_rbac_node` `b` ON `b`.`id`=`a`.`node_id` [ RunTime:0.002000s ]
[ sql ] [ SQL ] SELECT `b`.`name` FROM `ym_rbac_access` `a` INNER JOIN `ym_rbac_node` `b` ON `b`.`id`=`a`.`node_id` WHERE  (  a.role_id = 13 ) [ RunTime:0.002000s ]
[ sql ] [ SQL ] SHOW COLUMNS FROM `ym_client` [ RunTime:0.231000s ]
[ sql ] [ SQL ] SELECT COUNT(id) AS tp_count FROM `ym_client` LIMIT 1 [ RunTime:0.000000s ]
[ sql ] [ SQL ] SELECT COUNT(*) AS tp_count FROM `ym_client` LIMIT 1 [ RunTime:0.000000s ]
[ sql ] [ SQL ] SELECT `id`,`client_number`,`name`,`sex`,`tel_number`,`card_number`,`gridname`,`sign_website_name`,`wangyin`,`duanxinban`,`kehuduan`,`wap`,`duanxintong`,`quickpay`,`fuhe_card`,`citiao_card`,`card_class1512`,`card_class1612`,`card_class1710`,`sj_warning`,`cunkuan_section`,`lancun_man`,`lng`,`lat`,`age` FROM `ym_client` ORDER BY grid desc,tel_number desc LIMIT 0,20 [ RunTime:0.000000s ]
[ sql ] [ SQL ] SELECT * FROM `ym_bank` WHERE  `is_del` = 0 [ RunTime:0.001000s ]
[ sql ] [ SQL ] SHOW COLUMNS FROM `ym_dataconfig` [ RunTime:0.005000s ]
[ sql ] [ SQL ] SELECT `value` FROM `ym_dataconfig` WHERE  `code` = 'class' LIMIT 1 [ RunTime:0.001000s ]
[ sql ] [ SQL ] SELECT `value` FROM `ym_dataconfig` WHERE  `code` = 'card_class1708' LIMIT 1 [ RunTime:0.000000s ]
---------------------------------------------------------------
[ 2018-01-10T13:26:15+08:00 ] 127.0.0.1 127.0.0.1 GET /admin/client/myclient
[ sql ] [ DB ] CONNECT:[ UseTime:0.014000s ] mysql:dbname=bank;host=127.0.0.1;charset=utf8
[ sql ] [ SQL ] SHOW COLUMNS FROM `ym_bank` [ RunTime:0.006000s ]
[ sql ] [ SQL ] SELECT `bankname` FROM `ym_bank` WHERE  `id` = 1 LIMIT 1 [ RunTime:0.000000s ]
[ sql ] [ SQL ] SHOW COLUMNS FROM `ym_rbac_role` [ RunTime:0.009000s ]
[ sql ] [ SQL ] SELECT * FROM `ym_rbac_role` WHERE  `id` = 13 LIMIT 1 [ RunTime:0.000000s ]
[ sql ] [ SQL ] SHOW COLUMNS FROM `ym_rbac_access` [ RunTime:0.005000s ]
[ sql ] [ SQL ] SELECT `a`.*,`b`.* FROM `ym_rbac_access` `a` INNER JOIN `ym_rbac_node` `b` ON `b`.`id`=`a`.`node_id` WHERE  (  a.role_id = 13 ) ORDER BY `b`.`sort`  asc [ RunTime:0.001000s ]
[ sql ] [ SQL ] SELECT `b`.`name` FROM `ym_rbac_access` `a` INNER JOIN `ym_rbac_node` `b` ON `b`.`id`=`a`.`node_id` [ RunTime:0.001000s ]
[ sql ] [ SQL ] SELECT `b`.`name` FROM `ym_rbac_access` `a` INNER JOIN `ym_rbac_node` `b` ON `b`.`id`=`a`.`node_id` WHERE  (  a.role_id = 13 ) [ RunTime:0.004000s ]
[ sql ] [ SQL ] SHOW COLUMNS FROM `ym_client` [ RunTime:0.006000s ]
[ sql ] [ SQL ] SELECT COUNT(id) AS tp_count FROM `ym_client` WHERE  `belong_user_id` = 6 LIMIT 1 [ RunTime:0.000000s ]
[ sql ] [ SQL ] SELECT COUNT(*) AS tp_count FROM `ym_client` WHERE  `belong_user_id` = 6 LIMIT 1 [ RunTime:0.003000s ]
[ sql ] [ SQL ] SELECT `id`,`client_number`,`name`,`sex`,`sex_name`,`card_number`,`gridname` FROM `ym_client` WHERE  `belong_user_id` = 6 ORDER BY `id`  desc LIMIT 0,20 [ RunTime:0.001000s ]
---------------------------------------------------------------
[ 2018-01-10T13:26:17+08:00 ] 127.0.0.1 127.0.0.1 GET /admin/client/clientlist
[ sql ] [ DB ] CONNECT:[ UseTime:0.002000s ] mysql:dbname=bank;host=127.0.0.1;charset=utf8
[ sql ] [ SQL ] SHOW COLUMNS FROM `ym_bank` [ RunTime:0.004000s ]
[ sql ] [ SQL ] SELECT `bankname` FROM `ym_bank` WHERE  `id` = 1 LIMIT 1 [ RunTime:0.000000s ]
[ sql ] [ SQL ] SHOW COLUMNS FROM `ym_rbac_role` [ RunTime:0.005000s ]
[ sql ] [ SQL ] SELECT * FROM `ym_rbac_role` WHERE  `id` = 13 LIMIT 1 [ RunTime:0.001000s ]
[ sql ] [ SQL ] SHOW COLUMNS FROM `ym_rbac_access` [ RunTime:0.006000s ]
[ sql ] [ SQL ] SELECT `a`.*,`b`.* FROM `ym_rbac_access` `a` INNER JOIN `ym_rbac_node` `b` ON `b`.`id`=`a`.`node_id` WHERE  (  a.role_id = 13 ) ORDER BY `b`.`sort`  asc [ RunTime:0.002000s ]
[ sql ] [ SQL ] SELECT `b`.`name` FROM `ym_rbac_access` `a` INNER JOIN `ym_rbac_node` `b` ON `b`.`id`=`a`.`node_id` [ RunTime:0.001000s ]
[ sql ] [ SQL ] SELECT `b`.`name` FROM `ym_rbac_access` `a` INNER JOIN `ym_rbac_node` `b` ON `b`.`id`=`a`.`node_id` WHERE  (  a.role_id = 13 ) [ RunTime:0.001000s ]
[ sql ] [ SQL ] SHOW COLUMNS FROM `ym_client` [ RunTime:0.007000s ]
[ sql ] [ SQL ] SELECT COUNT(id) AS tp_count FROM `ym_client` LIMIT 1 [ RunTime:0.001000s ]
[ sql ] [ SQL ] SELECT COUNT(*) AS tp_count FROM `ym_client` LIMIT 1 [ RunTime:0.001000s ]
[ sql ] [ SQL ] SELECT `id`,`client_number`,`name`,`sex`,`tel_number`,`card_number`,`gridname`,`sign_website_name`,`wangyin`,`duanxinban`,`kehuduan`,`wap`,`duanxintong`,`quickpay`,`fuhe_card`,`citiao_card`,`card_class1512`,`card_class1612`,`card_class1710`,`sj_warning`,`cunkuan_section`,`lancun_man`,`lng`,`lat`,`age` FROM `ym_client` ORDER BY grid desc,tel_number desc LIMIT 0,20 [ RunTime:0.000000s ]
[ sql ] [ SQL ] SELECT * FROM `ym_bank` WHERE  `is_del` = 0 [ RunTime:0.000000s ]
[ sql ] [ SQL ] SHOW COLUMNS FROM `ym_dataconfig` [ RunTime:0.005000s ]
[ sql ] [ SQL ] SELECT `value` FROM `ym_dataconfig` WHERE  `code` = 'class' LIMIT 1 [ RunTime:0.001000s ]
[ sql ] [ SQL ] SELECT `value` FROM `ym_dataconfig` WHERE  `code` = 'card_class1708' LIMIT 1 [ RunTime:0.002000s ]
---------------------------------------------------------------
[ 2018-01-10T13:26:22+08:00 ] 127.0.0.1 127.0.0.1 GET /admin/client/clientselect
[ sql ] [ DB ] CONNECT:[ UseTime:0.015000s ] mysql:dbname=bank;host=127.0.0.1;charset=utf8
[ sql ] [ SQL ] SHOW COLUMNS FROM `ym_bank` [ RunTime:0.005000s ]
[ sql ] [ SQL ] SELECT `bankname` FROM `ym_bank` WHERE  `id` = 1 LIMIT 1 [ RunTime:0.001000s ]
[ sql ] [ SQL ] SHOW COLUMNS FROM `ym_rbac_role` [ RunTime:0.011000s ]
[ sql ] [ SQL ] SELECT * FROM `ym_rbac_role` WHERE  `id` = 13 LIMIT 1 [ RunTime:0.001000s ]
[ sql ] [ SQL ] SHOW COLUMNS FROM `ym_rbac_access` [ RunTime:0.005000s ]
[ sql ] [ SQL ] SELECT `a`.*,`b`.* FROM `ym_rbac_access` `a` INNER JOIN `ym_rbac_node` `b` ON `b`.`id`=`a`.`node_id` WHERE  (  a.role_id = 13 ) ORDER BY `b`.`sort`  asc [ RunTime:0.002000s ]
[ sql ] [ SQL ] SELECT `b`.`name` FROM `ym_rbac_access` `a` INNER JOIN `ym_rbac_node` `b` ON `b`.`id`=`a`.`node_id` [ RunTime:0.003000s ]
[ sql ] [ SQL ] SELECT `b`.`name` FROM `ym_rbac_access` `a` INNER JOIN `ym_rbac_node` `b` ON `b`.`id`=`a`.`node_id` WHERE  (  a.role_id = 13 ) [ RunTime:0.001000s ]
[ sql ] [ SQL ] SELECT * FROM `ym_bank` WHERE  `pid` = 0 ORDER BY `id`  asc [ RunTime:0.001000s ]
[ sql ] [ SQL ] SELECT * FROM `ym_bank` WHERE  `pid` = 1 ORDER BY `id`  asc [ RunTime:0.001000s ]
[ sql ] [ SQL ] SHOW COLUMNS FROM `ym_dataconfig` [ RunTime:0.005000s ]
[ sql ] [ SQL ] SELECT `value` FROM `ym_dataconfig` WHERE  `code` = 'credit_class' LIMIT 1 [ RunTime:0.001000s ]
[ sql ] [ SQL ] SELECT `value` FROM `ym_dataconfig` WHERE  `code` = 'business_type' LIMIT 1 [ RunTime:0.003000s ]
[ sql ] [ SQL ] SELECT `value` FROM `ym_dataconfig` WHERE  `code` = 'sign_type' LIMIT 1 [ RunTime:0.001000s ]
[ sql ] [ SQL ] SELECT `value` FROM `ym_dataconfig` WHERE  `code` = 'subject_number' LIMIT 1 [ RunTime:0.001000s ]
[ sql ] [ SQL ] SELECT `value` FROM `ym_dataconfig` WHERE  `code` = 'rate_runmode' LIMIT 1 [ RunTime:0.001000s ]
[ sql ] [ SQL ] SELECT `value` FROM `ym_dataconfig` WHERE  `code` = 'account_status' LIMIT 1 [ RunTime:0.000000s ]
[ sql ] [ SQL ] SELECT `value` FROM `ym_dataconfig` WHERE  `code` = 'provide_type' LIMIT 1 [ RunTime:0.000000s ]
[ sql ] [ SQL ] SHOW COLUMNS FROM `ym_rbac_user` [ RunTime:0.006000s ]
[ sql ] [ SQL ] SELECT * FROM `ym_rbac_user` [ RunTime:0.017000s ]
[ sql ] [ SQL ] SELECT `value` FROM `ym_dataconfig` WHERE  `code` = 'loan_using' LIMIT 1 [ RunTime:0.000000s ]
[ sql ] [ SQL ] SELECT `value` FROM `ym_dataconfig` WHERE  `code` = 'deposit_type' LIMIT 1 [ RunTime:0.000000s ]
[ sql ] [ SQL ] SELECT `value` FROM `ym_dataconfig` WHERE  `code` = 'loan_status' LIMIT 1 [ RunTime:0.000000s ]
[ sql ] [ SQL ] SELECT `value` FROM `ym_dataconfig` WHERE  `code` = 'guarantee_way' LIMIT 1 [ RunTime:0.001000s ]
[ sql ] [ SQL ] SELECT `value` FROM `ym_dataconfig` WHERE  `code` = 'client_grade' LIMIT 1 [ RunTime:0.001000s ]
[ sql ] [ SQL ] SHOW COLUMNS FROM `ym_client` [ RunTime:0.012000s ]
[ sql ] [ SQL ] SELECT COUNT(id) AS tp_count FROM `ym_client` LIMIT 1 [ RunTime:0.001000s ]
[ sql ] [ SQL ] SELECT COUNT(*) AS tp_count FROM `ym_client` LIMIT 1 [ RunTime:0.001000s ]
[ sql ] [ SQL ] SELECT `id`,`client_number`,`name`,`sex`,`card_number`,`tel_number`,`client_grade`,`gridname`,`sign_website_name`,`wangyin`,`duanxinban`,`kehuduan`,`wap`,`duanxintong`,`quickpay`,`fuhe_card`,`citiao_card`,`lancun_man` FROM `ym_client` ORDER BY grid desc,id desc LIMIT 0,20 [ RunTime:0.001000s ]
[ sql ] [ SQL ] SELECT `value` FROM `ym_dataconfig` WHERE  `code` = 'card_class1708' LIMIT 1 [ RunTime:0.004000s ]
