---------------------------------------------------------------
[ 2017-07-14T16:05:34+08:00 ] 127.0.0.1 127.0.0.1 POST /admin/user/login.html
[ sql ] [ DB ] CONNECT:[ UseTime:0.045003s ] mysql:dbname=bank;host=139.129.108.136;charset=utf8
[ sql ] [ SQL ] SHOW COLUMNS FROM `ym_rbac_user` [ RunTime:0.048002s ]
[ sql ] [ SQL ] SELECT * FROM `ym_rbac_user` WHERE  `username` = 'admin'  AND `is_del` = 0 LIMIT 1 [ RunTime:0.032001s ]
[ sql ] [ SQL ] SHOW COLUMNS FROM `ym_action` [ RunTime:0.034001s ]
[ sql ] [ SQL ] SELECT * FROM `ym_action` WHERE  `name` = 'user_login' LIMIT 1 [ RunTime:0.031001s ]
[ sql ] [ SQL ] SELECT `username` FROM `ym_rbac_user` WHERE  `id` = 6 LIMIT 1 [ RunTime:0.031001s ]
[ sql ] [ SQL ] SHOW COLUMNS FROM `ym_action_log` [ RunTime:0.034002s ]
[ sql ] [ SQL ] INSERT INTO `ym_action_log` (`action_id` , `user_id` , `action_ip` , `model` , `record_id` , `create_time` , `remark`) VALUES (1 , 6 , 2130706433 , 'rbac_user' , 6 , 1500019533 , 'admin在2017-07-14 16:05登录了后台') [ RunTime:0.037002s ]
[ sql ] [ SQL ] UPDATE `ym_rbac_user`  SET `last_login_time`=1500019533,`last_login_ip`='127.0.0.1',`login_count`=40  WHERE  `id` = 6 [ RunTime:0.033002s ]
---------------------------------------------------------------
[ 2017-07-14T16:05:35+08:00 ] 127.0.0.1 127.0.0.1 GET /admin/index/index.html
[ sql ] [ DB ] CONNECT:[ UseTime:0.049003s ] mysql:dbname=bank;host=139.129.108.136;charset=utf8
[ sql ] [ SQL ] SHOW COLUMNS FROM `ym_rbac_role` [ RunTime:0.034002s ]
[ sql ] [ SQL ] SELECT * FROM `ym_rbac_role` WHERE  `id` = 13 LIMIT 1 [ RunTime:0.032002s ]
[ sql ] [ SQL ] SHOW COLUMNS FROM `ym_rbac_access` [ RunTime:0.035002s ]
[ sql ] [ SQL ] SELECT `a`.*,`b`.* FROM `ym_rbac_access` `a` INNER JOIN `ym_rbac_node` `b` ON `b`.`id`=`a`.`node_id` WHERE  (  a.role_id = 13 ) ORDER BY `b`.`id`  asc [ RunTime:0.035002s ]
[ sql ] [ SQL ] SELECT `b`.`name` FROM `ym_rbac_access` `a` INNER JOIN `ym_rbac_node` `b` ON `b`.`id`=`a`.`node_id` [ RunTime:0.033002s ]
[ sql ] [ SQL ] SELECT `b`.`name` FROM `ym_rbac_access` `a` INNER JOIN `ym_rbac_node` `b` ON `b`.`id`=`a`.`node_id` WHERE  (  a.role_id = 13 ) [ RunTime:0.043002s ]
---------------------------------------------------------------
[ 2017-07-14T16:05:45+08:00 ] 127.0.0.1 127.0.0.1 GET /admin/client/clientlist
[ sql ] [ DB ] CONNECT:[ UseTime:0.036003s ] mysql:dbname=bank;host=139.129.108.136;charset=utf8
[ sql ] [ SQL ] SHOW COLUMNS FROM `ym_rbac_role` [ RunTime:0.028001s ]
[ sql ] [ SQL ] SELECT * FROM `ym_rbac_role` WHERE  `id` = 13 LIMIT 1 [ RunTime:0.025002s ]
[ sql ] [ SQL ] SHOW COLUMNS FROM `ym_rbac_access` [ RunTime:0.028001s ]
[ sql ] [ SQL ] SELECT `a`.*,`b`.* FROM `ym_rbac_access` `a` INNER JOIN `ym_rbac_node` `b` ON `b`.`id`=`a`.`node_id` WHERE  (  a.role_id = 13 ) ORDER BY `b`.`id`  asc [ RunTime:0.029002s ]
[ sql ] [ SQL ] SELECT `b`.`name` FROM `ym_rbac_access` `a` INNER JOIN `ym_rbac_node` `b` ON `b`.`id`=`a`.`node_id` [ RunTime:0.027002s ]
[ sql ] [ SQL ] SELECT `b`.`name` FROM `ym_rbac_access` `a` INNER JOIN `ym_rbac_node` `b` ON `b`.`id`=`a`.`node_id` WHERE  (  a.role_id = 13 ) [ RunTime:0.026001s ]
[ sql ] [ SQL ] SHOW COLUMNS FROM `ym_client` [ RunTime:0.028002s ]
[ sql ] [ SQL ] SELECT COUNT(*) AS tp_count FROM `ym_client` `a` LEFT JOIN `ym_base_msg` `b` ON `a`.`id`=`b`.`client_id` WHERE  `a`.`is_del` = 0 LIMIT 1 [ RunTime:0.025001s ]
[ sql ] [ SQL ] SELECT `a`.*,`b`.`phone_number`,`b`.`current_address` FROM `ym_client` `a` LEFT JOIN `ym_base_msg` `b` ON `a`.`id`=`b`.`client_id` WHERE  `a`.`is_del` = 0 ORDER BY `a`.`add_time`  desc LIMIT 0,20 [ RunTime:0.028002s ]
[ sql ] [ SQL ] SHOW COLUMNS FROM `ym_bank` [ RunTime:0.028002s ]
[ sql ] [ SQL ] SELECT * FROM `ym_bank` WHERE  `is_del` = 0 [ RunTime:0.026002s ]
[ sql ] [ SQL ] SHOW COLUMNS FROM `ym_dataconfig` [ RunTime:0.029002s ]
[ sql ] [ SQL ] SELECT `value` FROM `ym_dataconfig` WHERE  `code` = 'client_grade' LIMIT 1 [ RunTime:0.032001s ]
[ sql ] [ SQL ] SELECT `value` FROM `ym_dataconfig` WHERE  `code` = 'client_grade' LIMIT 1 [ RunTime:0.026001s ]
[ sql ] [ SQL ] SELECT `value` FROM `ym_dataconfig` WHERE  `code` = 'client_grade' LIMIT 1 [ RunTime:0.026002s ]
[ sql ] [ SQL ] SELECT `value` FROM `ym_dataconfig` WHERE  `code` = 'client_grade' LIMIT 1 [ RunTime:0.026001s ]
[ sql ] [ SQL ] SELECT `value` FROM `ym_dataconfig` WHERE  `code` = 'client_grade' LIMIT 1 [ RunTime:0.028002s ]
[ sql ] [ SQL ] SELECT `value` FROM `ym_dataconfig` WHERE  `code` = 'client_grade' LIMIT 1 [ RunTime:0.025001s ]
[ sql ] [ SQL ] SELECT `value` FROM `ym_dataconfig` WHERE  `code` = 'client_grade' LIMIT 1 [ RunTime:0.027002s ]
[ sql ] [ SQL ] SELECT `value` FROM `ym_dataconfig` WHERE  `code` = 'client_grade' LIMIT 1 [ RunTime:0.028002s ]
[ sql ] [ SQL ] SELECT `value` FROM `ym_dataconfig` WHERE  `code` = 'client_grade' LIMIT 1 [ RunTime:0.026001s ]
[ sql ] [ SQL ] SELECT `value` FROM `ym_dataconfig` WHERE  `code` = 'client_grade' LIMIT 1 [ RunTime:0.026002s ]
[ sql ] [ SQL ] SELECT `value` FROM `ym_dataconfig` WHERE  `code` = 'client_grade' LIMIT 1 [ RunTime:0.025001s ]
[ sql ] [ SQL ] SELECT `value` FROM `ym_dataconfig` WHERE  `code` = 'client_grade' LIMIT 1 [ RunTime:0.026002s ]
[ sql ] [ SQL ] SELECT `value` FROM `ym_dataconfig` WHERE  `code` = 'client_grade' LIMIT 1 [ RunTime:0.026001s ]
[ sql ] [ SQL ] SELECT `value` FROM `ym_dataconfig` WHERE  `code` = 'client_grade' LIMIT 1 [ RunTime:0.026002s ]
[ sql ] [ SQL ] SELECT `value` FROM `ym_dataconfig` WHERE  `code` = 'client_grade' LIMIT 1 [ RunTime:0.026001s ]
[ sql ] [ SQL ] SELECT `value` FROM `ym_dataconfig` WHERE  `code` = 'client_grade' LIMIT 1 [ RunTime:0.025002s ]
[ sql ] [ SQL ] SELECT `value` FROM `ym_dataconfig` WHERE  `code` = 'client_grade' LIMIT 1 [ RunTime:0.027001s ]
[ sql ] [ SQL ] SELECT `value` FROM `ym_dataconfig` WHERE  `code` = 'client_grade' LIMIT 1 [ RunTime:0.026002s ]
[ sql ] [ SQL ] SELECT `value` FROM `ym_dataconfig` WHERE  `code` = 'client_grade' LIMIT 1 [ RunTime:0.025001s ]
[ sql ] [ SQL ] SELECT `value` FROM `ym_dataconfig` WHERE  `code` = 'client_grade' LIMIT 1 [ RunTime:0.026001s ]
---------------------------------------------------------------
[ 2017-07-14T16:05:50+08:00 ] 127.0.0.1 127.0.0.1 GET /admin/client/clientlist
[ sql ] [ DB ] CONNECT:[ UseTime:0.038002s ] mysql:dbname=bank;host=139.129.108.136;charset=utf8
[ sql ] [ SQL ] SHOW COLUMNS FROM `ym_rbac_role` [ RunTime:0.028002s ]
[ sql ] [ SQL ] SELECT * FROM `ym_rbac_role` WHERE  `id` = 13 LIMIT 1 [ RunTime:0.027001s ]
[ sql ] [ SQL ] SHOW COLUMNS FROM `ym_rbac_access` [ RunTime:0.029002s ]
[ sql ] [ SQL ] SELECT `a`.*,`b`.* FROM `ym_rbac_access` `a` INNER JOIN `ym_rbac_node` `b` ON `b`.`id`=`a`.`node_id` WHERE  (  a.role_id = 13 ) ORDER BY `b`.`id`  asc [ RunTime:0.029002s ]
[ sql ] [ SQL ] SELECT `b`.`name` FROM `ym_rbac_access` `a` INNER JOIN `ym_rbac_node` `b` ON `b`.`id`=`a`.`node_id` [ RunTime:0.028001s ]
[ sql ] [ SQL ] SELECT `b`.`name` FROM `ym_rbac_access` `a` INNER JOIN `ym_rbac_node` `b` ON `b`.`id`=`a`.`node_id` WHERE  (  a.role_id = 13 ) [ RunTime:0.027002s ]
[ sql ] [ SQL ] SHOW COLUMNS FROM `ym_client` [ RunTime:0.034002s ]
[ sql ] [ SQL ] SELECT COUNT(*) AS tp_count FROM `ym_client` `a` LEFT JOIN `ym_base_msg` `b` ON `a`.`id`=`b`.`client_id` WHERE  `a`.`is_del` = 0 LIMIT 1 [ RunTime:0.026002s ]
[ sql ] [ SQL ] SELECT `a`.*,`b`.`phone_number`,`b`.`current_address` FROM `ym_client` `a` LEFT JOIN `ym_base_msg` `b` ON `a`.`id`=`b`.`client_id` WHERE  `a`.`is_del` = 0 ORDER BY `a`.`add_time`  desc LIMIT 0,20 [ RunTime:0.032002s ]
[ sql ] [ SQL ] SHOW COLUMNS FROM `ym_bank` [ RunTime:0.029002s ]
[ sql ] [ SQL ] SELECT * FROM `ym_bank` WHERE  `is_del` = 0 [ RunTime:0.026001s ]
[ sql ] [ SQL ] SHOW COLUMNS FROM `ym_dataconfig` [ RunTime:0.028002s ]
[ sql ] [ SQL ] SELECT `value` FROM `ym_dataconfig` WHERE  `code` = 'client_grade' LIMIT 1 [ RunTime:0.025001s ]
[ sql ] [ SQL ] SELECT `value` FROM `ym_dataconfig` WHERE  `code` = 'client_grade' LIMIT 1 [ RunTime:0.025001s ]
[ sql ] [ SQL ] SELECT `value` FROM `ym_dataconfig` WHERE  `code` = 'client_grade' LIMIT 1 [ RunTime:0.027002s ]
[ sql ] [ SQL ] SELECT `value` FROM `ym_dataconfig` WHERE  `code` = 'client_grade' LIMIT 1 [ RunTime:0.026001s ]
[ sql ] [ SQL ] SELECT `value` FROM `ym_dataconfig` WHERE  `code` = 'client_grade' LIMIT 1 [ RunTime:0.026002s ]
[ sql ] [ SQL ] SELECT `value` FROM `ym_dataconfig` WHERE  `code` = 'client_grade' LIMIT 1 [ RunTime:0.025001s ]
[ sql ] [ SQL ] SELECT `value` FROM `ym_dataconfig` WHERE  `code` = 'client_grade' LIMIT 1 [ RunTime:0.026002s ]
[ sql ] [ SQL ] SELECT `value` FROM `ym_dataconfig` WHERE  `code` = 'client_grade' LIMIT 1 [ RunTime:0.026001s ]
[ sql ] [ SQL ] SELECT `value` FROM `ym_dataconfig` WHERE  `code` = 'client_grade' LIMIT 1 [ RunTime:0.026002s ]
[ sql ] [ SQL ] SELECT `value` FROM `ym_dataconfig` WHERE  `code` = 'client_grade' LIMIT 1 [ RunTime:0.026001s ]
[ sql ] [ SQL ] SELECT `value` FROM `ym_dataconfig` WHERE  `code` = 'client_grade' LIMIT 1 [ RunTime:0.026002s ]
[ sql ] [ SQL ] SELECT `value` FROM `ym_dataconfig` WHERE  `code` = 'client_grade' LIMIT 1 [ RunTime:0.031002s ]
[ sql ] [ SQL ] SELECT `value` FROM `ym_dataconfig` WHERE  `code` = 'client_grade' LIMIT 1 [ RunTime:0.026001s ]
[ sql ] [ SQL ] SELECT `value` FROM `ym_dataconfig` WHERE  `code` = 'client_grade' LIMIT 1 [ RunTime:0.028002s ]
[ sql ] [ SQL ] SELECT `value` FROM `ym_dataconfig` WHERE  `code` = 'client_grade' LIMIT 1 [ RunTime:0.028002s ]
[ sql ] [ SQL ] SELECT `value` FROM `ym_dataconfig` WHERE  `code` = 'client_grade' LIMIT 1 [ RunTime:0.026001s ]
[ sql ] [ SQL ] SELECT `value` FROM `ym_dataconfig` WHERE  `code` = 'client_grade' LIMIT 1 [ RunTime:0.026002s ]
[ sql ] [ SQL ] SELECT `value` FROM `ym_dataconfig` WHERE  `code` = 'client_grade' LIMIT 1 [ RunTime:0.027001s ]
[ sql ] [ SQL ] SELECT `value` FROM `ym_dataconfig` WHERE  `code` = 'client_grade' LIMIT 1 [ RunTime:0.026002s ]
[ sql ] [ SQL ] SELECT `value` FROM `ym_dataconfig` WHERE  `code` = 'client_grade' LIMIT 1 [ RunTime:0.026002s ]
