---------------------------------------------------------------
[ 2017-07-27T09:53:34+08:00 ] 76.36.0.8 76.36.0.60 GET /
[ info ] 76.36.0.8/ [运行时间：0.046800s][吞吐率：21.37req/s] [内存消耗：1,806.24kb] [文件加载：48]
[ info ] [ LANG ] F:\www\bank.cn\thinkphp\lang\zh-cn.php
[ info ] [ ROUTE ] array (
  'type' => 'module',
  'module' => 
  array (
    0 => '',
    1 => NULL,
    2 => NULL,
  ),
)
[ info ] [ HEADER ] array (
  'accept' => 'application/x-ms-application, image/jpeg, application/xaml+xml, image/gif, image/pjpeg, application/x-ms-xbap, */*',
  'accept-language' => 'zh-CN',
  'user-agent' => 'Mozilla/4.0 (compatible; MSIE 8.0; Windows NT 6.1; Win64; x64; Trident/4.0; .NET CLR 2.0.50727; SLCC2; .NET CLR 3.5.30729; .NET CLR 3.0.30729; Tablet PC 2.0)',
  'ua-cpu' => 'AMD64',
  'accept-encoding' => 'gzip, deflate',
  'host' => '76.36.0.8',
  'connection' => 'Keep-Alive',
)
[ info ] [ PARAM ] array (
)
[ info ] [ SESSION ] INIT array (
  'id' => '',
  'var_session_id' => '',
  'prefix' => 'think',
  'type' => '',
  'auto_start' => true,
)
[ info ] [ LOG ] INIT File
---------------------------------------------------------------
[ 2017-07-27T09:53:34+08:00 ] 76.36.0.8 76.36.0.60 GET /admin/user/login.html
[ info ] 76.36.0.8/admin/user/login.html [运行时间：0.031201s][吞吐率：32.05req/s] [内存消耗：1,773.90kb] [文件加载：46]
[ info ] [ LANG ] F:\www\bank.cn\thinkphp\lang\zh-cn.php
[ info ] [ ROUTE ] array (
  'type' => 'module',
  'module' => 
  array (
    0 => 'admin',
    1 => 'user',
    2 => 'login',
  ),
)
[ info ] [ HEADER ] array (
  'accept' => 'application/x-ms-application, image/jpeg, application/xaml+xml, image/gif, image/pjpeg, application/x-ms-xbap, */*',
  'accept-language' => 'zh-CN',
  'user-agent' => 'Mozilla/4.0 (compatible; MSIE 8.0; Windows NT 6.1; Win64; x64; Trident/4.0; .NET CLR 2.0.50727; SLCC2; .NET CLR 3.5.30729; .NET CLR 3.0.30729; Tablet PC 2.0)',
  'ua-cpu' => 'AMD64',
  'accept-encoding' => 'gzip, deflate',
  'host' => '76.36.0.8',
  'connection' => 'Keep-Alive',
  'cookie' => 'PHPSESSID=c26b8fu1lph4hfp8fm9r9n74u3',
)
[ info ] [ PARAM ] array (
)
[ info ] [ RUN ] app\admin\controller\User->login[ F:\www\bank.cn\app\admin\controller\User.php ]
[ info ] [ VIEW ] F:\www\bank.cn/app/admin\view\user\login.html [ array (
) ]
[ info ] [ LOG ] INIT File
---------------------------------------------------------------
[ 2017-07-27T13:15:22+08:00 ] 76.36.0.8 76.36.0.60 POST /admin/user/login.html
[ info ] 76.36.0.8/admin/user/login.html [运行时间：0.124801s][吞吐率：8.01req/s] [内存消耗：2,638.03kb] [文件加载：58]
[ info ] [ LANG ] F:\www\bank.cn\thinkphp\lang\zh-cn.php
[ info ] [ ROUTE ] array (
  'type' => 'module',
  'module' => 
  array (
    0 => 'admin',
    1 => 'user',
    2 => 'login',
  ),
)
[ info ] [ HEADER ] array (
  'accept' => 'application/x-ms-application, image/jpeg, application/xaml+xml, image/gif, image/pjpeg, application/x-ms-xbap, */*',
  'referer' => 'http://76.36.0.8/admin/user/login.html',
  'accept-language' => 'zh-CN',
  'user-agent' => 'Mozilla/4.0 (compatible; MSIE 8.0; Windows NT 6.1; Win64; x64; Trident/4.0; .NET CLR 2.0.50727; SLCC2; .NET CLR 3.5.30729; .NET CLR 3.0.30729; Tablet PC 2.0)',
  'content-type' => 'application/x-www-form-urlencoded',
  'ua-cpu' => 'AMD64',
  'accept-encoding' => 'gzip, deflate',
  'host' => '76.36.0.8',
  'content-length' => '30',
  'connection' => 'Keep-Alive',
  'cache-control' => 'no-cache',
  'cookie' => 'PHPSESSID=c26b8fu1lph4hfp8fm9r9n74u3',
)
[ info ] [ PARAM ] array (
  'username' => 'admin',
  'password' => '123456',
)
[ info ] [ RUN ] app\admin\controller\User->login[ F:\www\bank.cn\app\admin\controller\User.php ]
[ info ] [ DB ] INIT mysql
[ info ] [ SESSION ] INIT array (
  'id' => '',
  'var_session_id' => '',
  'prefix' => 'think',
  'type' => '',
  'auto_start' => true,
)
[ info ] [ CACHE ] INIT File
[ info ] [ VIEW ] F:\www\bank.cn/app/admin\view\user\jump.html [ array (
  0 => 'code',
  1 => 'msg',
  2 => 'data',
  3 => 'url',
  4 => 'wait',
) ]
[ info ] [ LOG ] INIT File
[ sql ] [ DB ] CONNECT:[ UseTime:0.000000s ] mysql:dbname=bank;host=127.0.0.1;charset=utf8
[ sql ] [ SQL ] SHOW COLUMNS FROM `ym_rbac_user` [ RunTime:0.031200s ]
[ sql ] [ SQL ] SELECT * FROM `ym_rbac_user` WHERE  `username` = 'admin'  AND `is_del` = 0 LIMIT 1 [ RunTime:0.000000s ]
[ sql ] [ SQL ] SHOW COLUMNS FROM `ym_action` [ RunTime:0.000000s ]
[ sql ] [ SQL ] SELECT * FROM `ym_action` WHERE  `name` = 'user_login' LIMIT 1 [ RunTime:0.000000s ]
[ sql ] [ SQL ] SELECT `username` FROM `ym_rbac_user` WHERE  `id` = 6 LIMIT 1 [ RunTime:0.000000s ]
[ sql ] [ SQL ] SHOW COLUMNS FROM `ym_action_log` [ RunTime:0.000000s ]
[ sql ] [ SQL ] INSERT INTO `ym_action_log` (`action_id` , `user_id` , `action_ip` , `model` , `record_id` , `create_time` , `remark`) VALUES (1 , 6 , 1277427772 , 'rbac_user' , 6 , 1501132521 , 'admin在2017-07-27 13:15登录了后台') [ RunTime:0.000000s ]
[ sql ] [ SQL ] UPDATE `ym_rbac_user`  SET `last_login_time`=1501132521,`last_login_ip`='76.36.0.60',`login_count`=33  WHERE  `id` = 6 [ RunTime:0.031201s ]
---------------------------------------------------------------
[ 2017-07-27T13:15:24+08:00 ] 76.36.0.8 76.36.0.60 POST /admin/user/login.html
[ info ] 76.36.0.8/admin/user/login.html [运行时间：0.093600s][吞吐率：10.68req/s] [内存消耗：2,638.03kb] [文件加载：58]
[ info ] [ LANG ] F:\www\bank.cn\thinkphp\lang\zh-cn.php
[ info ] [ ROUTE ] array (
  'type' => 'module',
  'module' => 
  array (
    0 => 'admin',
    1 => 'user',
    2 => 'login',
  ),
)
[ info ] [ HEADER ] array (
  'accept' => 'application/x-ms-application, image/jpeg, application/xaml+xml, image/gif, image/pjpeg, application/x-ms-xbap, */*',
  'referer' => 'http://76.36.0.8/admin/user/login.html',
  'accept-language' => 'zh-CN',
  'user-agent' => 'Mozilla/4.0 (compatible; MSIE 8.0; Windows NT 6.1; Win64; x64; Trident/4.0; .NET CLR 2.0.50727; SLCC2; .NET CLR 3.5.30729; .NET CLR 3.0.30729; Tablet PC 2.0)',
  'content-type' => 'application/x-www-form-urlencoded',
  'ua-cpu' => 'AMD64',
  'accept-encoding' => 'gzip, deflate',
  'host' => '76.36.0.8',
  'content-length' => '30',
  'connection' => 'Keep-Alive',
  'cache-control' => 'no-cache',
  'cookie' => 'PHPSESSID=c26b8fu1lph4hfp8fm9r9n74u3',
)
[ info ] [ PARAM ] array (
  'username' => 'admin',
  'password' => '123456',
)
[ info ] [ RUN ] app\admin\controller\User->login[ F:\www\bank.cn\app\admin\controller\User.php ]
[ info ] [ DB ] INIT mysql
[ info ] [ SESSION ] INIT array (
  'id' => '',
  'var_session_id' => '',
  'prefix' => 'think',
  'type' => '',
  'auto_start' => true,
)
[ info ] [ CACHE ] INIT File
[ info ] [ VIEW ] F:\www\bank.cn/app/admin\view\user\jump.html [ array (
  0 => 'code',
  1 => 'msg',
  2 => 'data',
  3 => 'url',
  4 => 'wait',
) ]
[ info ] [ LOG ] INIT File
[ sql ] [ DB ] CONNECT:[ UseTime:0.000000s ] mysql:dbname=bank;host=127.0.0.1;charset=utf8
[ sql ] [ SQL ] SHOW COLUMNS FROM `ym_rbac_user` [ RunTime:0.015600s ]
[ sql ] [ SQL ] SELECT * FROM `ym_rbac_user` WHERE  `username` = 'admin'  AND `is_del` = 0 LIMIT 1 [ RunTime:0.000000s ]
[ sql ] [ SQL ] SHOW COLUMNS FROM `ym_action` [ RunTime:0.000000s ]
[ sql ] [ SQL ] SELECT * FROM `ym_action` WHERE  `name` = 'user_login' LIMIT 1 [ RunTime:0.000000s ]
[ sql ] [ SQL ] SELECT `username` FROM `ym_rbac_user` WHERE  `id` = 6 LIMIT 1 [ RunTime:0.000000s ]
[ sql ] [ SQL ] SHOW COLUMNS FROM `ym_action_log` [ RunTime:0.000000s ]
[ sql ] [ SQL ] INSERT INTO `ym_action_log` (`action_id` , `user_id` , `action_ip` , `model` , `record_id` , `create_time` , `remark`) VALUES (1 , 6 , 1277427772 , 'rbac_user' , 6 , 1501132524 , 'admin在2017-07-27 13:15登录了后台') [ RunTime:0.000000s ]
[ sql ] [ SQL ] UPDATE `ym_rbac_user`  SET `last_login_time`=1501132524,`last_login_ip`='76.36.0.60',`login_count`=34  WHERE  `id` = 6 [ RunTime:0.000000s ]
---------------------------------------------------------------
[ 2017-07-27T13:15:29+08:00 ] 76.36.0.8 76.36.0.60 GET /admin/index/index.html
[ info ] 76.36.0.8/admin/index/index.html [运行时间：0.078000s][吞吐率：12.82req/s] [内存消耗：2,576.98kb] [文件加载：54]
[ info ] [ LANG ] F:\www\bank.cn\thinkphp\lang\zh-cn.php
[ info ] [ ROUTE ] array (
  'type' => 'module',
  'module' => 
  array (
    0 => 'admin',
    1 => 'index',
    2 => 'index',
  ),
)
[ info ] [ HEADER ] array (
  'accept' => 'application/x-ms-application, image/jpeg, application/xaml+xml, image/gif, image/pjpeg, application/x-ms-xbap, */*',
  'accept-language' => 'zh-CN',
  'user-agent' => 'Mozilla/4.0 (compatible; MSIE 8.0; Windows NT 6.1; Win64; x64; Trident/4.0; .NET CLR 2.0.50727; SLCC2; .NET CLR 3.5.30729; .NET CLR 3.0.30729; Tablet PC 2.0)',
  'ua-cpu' => 'AMD64',
  'accept-encoding' => 'gzip, deflate',
  'host' => '76.36.0.8',
  'connection' => 'Keep-Alive',
  'cookie' => 'PHPSESSID=c26b8fu1lph4hfp8fm9r9n74u3',
)
[ info ] [ PARAM ] array (
)
[ info ] [ SESSION ] INIT array (
  'id' => '',
  'var_session_id' => '',
  'prefix' => 'think',
  'type' => '',
  'auto_start' => true,
)
[ info ] [ DB ] INIT mysql
[ info ] [ RUN ] app\admin\controller\Index->index[ F:\www\bank.cn\app\admin\controller\Index.php ]
[ info ] [ VIEW ] F:\www\bank.cn/app/admin\view\index\index.html [ array (
  0 => 'nodes',
) ]
[ info ] [ LOG ] INIT File
[ sql ] [ DB ] CONNECT:[ UseTime:0.000000s ] mysql:dbname=bank;host=127.0.0.1;charset=utf8
[ sql ] [ SQL ] SHOW COLUMNS FROM `ym_rbac_role` [ RunTime:0.015600s ]
[ sql ] [ SQL ] SELECT * FROM `ym_rbac_role` WHERE  `id` = 13 LIMIT 1 [ RunTime:0.000000s ]
[ sql ] [ SQL ] SHOW COLUMNS FROM `ym_rbac_access` [ RunTime:0.000000s ]
[ sql ] [ SQL ] SELECT `a`.*,`b`.* FROM `ym_rbac_access` `a` INNER JOIN `ym_rbac_node` `b` ON `b`.`id`=`a`.`node_id` WHERE  (  a.role_id = 13 ) ORDER BY `b`.`id`  asc [ RunTime:0.000000s ]
[ sql ] [ SQL ] SELECT `b`.`name` FROM `ym_rbac_access` `a` INNER JOIN `ym_rbac_node` `b` ON `b`.`id`=`a`.`node_id` [ RunTime:0.000000s ]
[ sql ] [ SQL ] SELECT `b`.`name` FROM `ym_rbac_access` `a` INNER JOIN `ym_rbac_node` `b` ON `b`.`id`=`a`.`node_id` WHERE  (  a.role_id = 13 ) [ RunTime:0.000000s ]
---------------------------------------------------------------
[ 2017-07-27T13:15:36+08:00 ] 76.36.0.8 76.36.0.60 GET /admin/client/clientlist
[ info ] 76.36.0.8/admin/client/clientlist [运行时间：0.109200s][吞吐率：9.16req/s] [内存消耗：2,989.95kb] [文件加载：57]
[ info ] [ LANG ] F:\www\bank.cn\thinkphp\lang\zh-cn.php
[ info ] [ ROUTE ] array (
  'type' => 'module',
  'module' => 
  array (
    0 => 'admin',
    1 => 'client',
    2 => 'clientlist',
  ),
)
[ info ] [ HEADER ] array (
  'accept' => 'application/x-ms-application, image/jpeg, application/xaml+xml, image/gif, image/pjpeg, application/x-ms-xbap, */*',
  'referer' => 'http://76.36.0.8/admin/index/index.html',
  'accept-language' => 'zh-CN',
  'user-agent' => 'Mozilla/4.0 (compatible; MSIE 8.0; Windows NT 6.1; Win64; x64; Trident/4.0; .NET CLR 2.0.50727; SLCC2; .NET CLR 3.5.30729; .NET CLR 3.0.30729; Tablet PC 2.0)',
  'ua-cpu' => 'AMD64',
  'accept-encoding' => 'gzip, deflate',
  'host' => '76.36.0.8',
  'connection' => 'Keep-Alive',
  'cookie' => 'PHPSESSID=c26b8fu1lph4hfp8fm9r9n74u3',
)
[ info ] [ PARAM ] array (
)
[ info ] [ SESSION ] INIT array (
  'id' => '',
  'var_session_id' => '',
  'prefix' => 'think',
  'type' => '',
  'auto_start' => true,
)
[ info ] [ DB ] INIT mysql
[ info ] [ RUN ] app\admin\controller\Client->clientlist[ F:\www\bank.cn\app\admin\controller\Client.php ]
[ info ] [ VIEW ] F:\www\bank.cn/app/admin\view\client\clientlist.html [ array (
  0 => 'nodes',
  1 => 'page',
  2 => 'bank',
  3 => 'title1',
  4 => 'title2',
  5 => 'clients',
) ]
[ info ] [ LOG ] INIT File
[ sql ] [ DB ] CONNECT:[ UseTime:0.000000s ] mysql:dbname=bank;host=127.0.0.1;charset=utf8
[ sql ] [ SQL ] SHOW COLUMNS FROM `ym_rbac_role` [ RunTime:0.000000s ]
[ sql ] [ SQL ] SELECT * FROM `ym_rbac_role` WHERE  `id` = 13 LIMIT 1 [ RunTime:0.000000s ]
[ sql ] [ SQL ] SHOW COLUMNS FROM `ym_rbac_access` [ RunTime:0.015600s ]
[ sql ] [ SQL ] SELECT `a`.*,`b`.* FROM `ym_rbac_access` `a` INNER JOIN `ym_rbac_node` `b` ON `b`.`id`=`a`.`node_id` WHERE  (  a.role_id = 13 ) ORDER BY `b`.`id`  asc [ RunTime:0.000000s ]
[ sql ] [ SQL ] SELECT `b`.`name` FROM `ym_rbac_access` `a` INNER JOIN `ym_rbac_node` `b` ON `b`.`id`=`a`.`node_id` [ RunTime:0.000000s ]
[ sql ] [ SQL ] SELECT `b`.`name` FROM `ym_rbac_access` `a` INNER JOIN `ym_rbac_node` `b` ON `b`.`id`=`a`.`node_id` WHERE  (  a.role_id = 13 ) [ RunTime:0.000000s ]
[ sql ] [ SQL ] SHOW COLUMNS FROM `ym_client` [ RunTime:0.000000s ]
[ sql ] [ SQL ] SELECT COUNT(*) AS tp_count FROM `ym_client` `a` LEFT JOIN `ym_base_msg` `b` ON `a`.`id`=`b`.`client_id` WHERE  `a`.`is_del` = 0 LIMIT 1 [ RunTime:0.015600s ]
[ sql ] [ SQL ] SELECT `a`.*,`b`.`phone_number`,`b`.`current_address` FROM `ym_client` `a` LEFT JOIN `ym_base_msg` `b` ON `a`.`id`=`b`.`client_id` WHERE  `a`.`is_del` = 0 ORDER BY `a`.`add_time`  desc LIMIT 0,20 [ RunTime:0.000000s ]
[ sql ] [ SQL ] SHOW COLUMNS FROM `ym_bank` [ RunTime:0.000000s ]
[ sql ] [ SQL ] SELECT * FROM `ym_bank` WHERE  `is_del` = 0 [ RunTime:0.000000s ]
[ sql ] [ SQL ] SHOW COLUMNS FROM `ym_dataconfig` [ RunTime:0.015600s ]
[ sql ] [ SQL ] SELECT `value` FROM `ym_dataconfig` WHERE  `code` = 'client_grade' LIMIT 1 [ RunTime:0.000000s ]
[ sql ] [ SQL ] SELECT `value` FROM `ym_dataconfig` WHERE  `code` = 'client_grade' LIMIT 1 [ RunTime:0.000000s ]
[ sql ] [ SQL ] SELECT `value` FROM `ym_dataconfig` WHERE  `code` = 'client_grade' LIMIT 1 [ RunTime:0.000000s ]
[ sql ] [ SQL ] SELECT `value` FROM `ym_dataconfig` WHERE  `code` = 'client_grade' LIMIT 1 [ RunTime:0.000000s ]
[ sql ] [ SQL ] SELECT `value` FROM `ym_dataconfig` WHERE  `code` = 'client_grade' LIMIT 1 [ RunTime:0.000000s ]
[ sql ] [ SQL ] SELECT `value` FROM `ym_dataconfig` WHERE  `code` = 'client_grade' LIMIT 1 [ RunTime:0.000000s ]
[ sql ] [ SQL ] SELECT `value` FROM `ym_dataconfig` WHERE  `code` = 'client_grade' LIMIT 1 [ RunTime:0.000000s ]
[ sql ] [ SQL ] SELECT `value` FROM `ym_dataconfig` WHERE  `code` = 'client_grade' LIMIT 1 [ RunTime:0.000000s ]
[ sql ] [ SQL ] SELECT `value` FROM `ym_dataconfig` WHERE  `code` = 'client_grade' LIMIT 1 [ RunTime:0.000000s ]
[ sql ] [ SQL ] SELECT `value` FROM `ym_dataconfig` WHERE  `code` = 'client_grade' LIMIT 1 [ RunTime:0.000000s ]
[ sql ] [ SQL ] SELECT `value` FROM `ym_dataconfig` WHERE  `code` = 'client_grade' LIMIT 1 [ RunTime:0.000000s ]
[ sql ] [ SQL ] SELECT `value` FROM `ym_dataconfig` WHERE  `code` = 'client_grade' LIMIT 1 [ RunTime:0.000000s ]
[ sql ] [ SQL ] SELECT `value` FROM `ym_dataconfig` WHERE  `code` = 'client_grade' LIMIT 1 [ RunTime:0.000000s ]
[ sql ] [ SQL ] SELECT `value` FROM `ym_dataconfig` WHERE  `code` = 'client_grade' LIMIT 1 [ RunTime:0.000000s ]
[ sql ] [ SQL ] SELECT `value` FROM `ym_dataconfig` WHERE  `code` = 'client_grade' LIMIT 1 [ RunTime:0.000000s ]
[ sql ] [ SQL ] SELECT `value` FROM `ym_dataconfig` WHERE  `code` = 'client_grade' LIMIT 1 [ RunTime:0.000000s ]
[ sql ] [ SQL ] SELECT `value` FROM `ym_dataconfig` WHERE  `code` = 'client_grade' LIMIT 1 [ RunTime:0.000000s ]
[ sql ] [ SQL ] SELECT `value` FROM `ym_dataconfig` WHERE  `code` = 'client_grade' LIMIT 1 [ RunTime:0.000000s ]
[ sql ] [ SQL ] SELECT `value` FROM `ym_dataconfig` WHERE  `code` = 'client_grade' LIMIT 1 [ RunTime:0.000000s ]
[ sql ] [ SQL ] SELECT `value` FROM `ym_dataconfig` WHERE  `code` = 'client_grade' LIMIT 1 [ RunTime:0.000000s ]
---------------------------------------------------------------
[ 2017-07-27T13:15:38+08:00 ] 76.36.0.8 76.36.0.60 GET /admin/client/clientlist
[ info ] 76.36.0.8/admin/client/clientlist [运行时间：0.109200s][吞吐率：9.16req/s] [内存消耗：2,989.95kb] [文件加载：57]
[ info ] [ LANG ] F:\www\bank.cn\thinkphp\lang\zh-cn.php
[ info ] [ ROUTE ] array (
  'type' => 'module',
  'module' => 
  array (
    0 => 'admin',
    1 => 'client',
    2 => 'clientlist',
  ),
)
[ info ] [ HEADER ] array (
  'accept' => 'application/x-ms-application, image/jpeg, application/xaml+xml, image/gif, image/pjpeg, application/x-ms-xbap, */*',
  'referer' => 'http://76.36.0.8/admin/index/index.html',
  'accept-language' => 'zh-CN',
  'user-agent' => 'Mozilla/4.0 (compatible; MSIE 8.0; Windows NT 6.1; Win64; x64; Trident/4.0; .NET CLR 2.0.50727; SLCC2; .NET CLR 3.5.30729; .NET CLR 3.0.30729; Tablet PC 2.0)',
  'ua-cpu' => 'AMD64',
  'accept-encoding' => 'gzip, deflate',
  'host' => '76.36.0.8',
  'connection' => 'Keep-Alive',
  'cookie' => 'PHPSESSID=c26b8fu1lph4hfp8fm9r9n74u3',
)
[ info ] [ PARAM ] array (
)
[ info ] [ SESSION ] INIT array (
  'id' => '',
  'var_session_id' => '',
  'prefix' => 'think',
  'type' => '',
  'auto_start' => true,
)
[ info ] [ DB ] INIT mysql
[ info ] [ RUN ] app\admin\controller\Client->clientlist[ F:\www\bank.cn\app\admin\controller\Client.php ]
[ info ] [ VIEW ] F:\www\bank.cn/app/admin\view\client\clientlist.html [ array (
  0 => 'nodes',
  1 => 'page',
  2 => 'bank',
  3 => 'title1',
  4 => 'title2',
  5 => 'clients',
) ]
[ info ] [ LOG ] INIT File
[ sql ] [ DB ] CONNECT:[ UseTime:0.000000s ] mysql:dbname=bank;host=127.0.0.1;charset=utf8
[ sql ] [ SQL ] SHOW COLUMNS FROM `ym_rbac_role` [ RunTime:0.000000s ]
[ sql ] [ SQL ] SELECT * FROM `ym_rbac_role` WHERE  `id` = 13 LIMIT 1 [ RunTime:0.000000s ]
[ sql ] [ SQL ] SHOW COLUMNS FROM `ym_rbac_access` [ RunTime:0.000000s ]
[ sql ] [ SQL ] SELECT `a`.*,`b`.* FROM `ym_rbac_access` `a` INNER JOIN `ym_rbac_node` `b` ON `b`.`id`=`a`.`node_id` WHERE  (  a.role_id = 13 ) ORDER BY `b`.`id`  asc [ RunTime:0.000000s ]
[ sql ] [ SQL ] SELECT `b`.`name` FROM `ym_rbac_access` `a` INNER JOIN `ym_rbac_node` `b` ON `b`.`id`=`a`.`node_id` [ RunTime:0.000000s ]
[ sql ] [ SQL ] SELECT `b`.`name` FROM `ym_rbac_access` `a` INNER JOIN `ym_rbac_node` `b` ON `b`.`id`=`a`.`node_id` WHERE  (  a.role_id = 13 ) [ RunTime:0.000000s ]
[ sql ] [ SQL ] SHOW COLUMNS FROM `ym_client` [ RunTime:0.000000s ]
[ sql ] [ SQL ] SELECT COUNT(*) AS tp_count FROM `ym_client` `a` LEFT JOIN `ym_base_msg` `b` ON `a`.`id`=`b`.`client_id` WHERE  `a`.`is_del` = 0 LIMIT 1 [ RunTime:0.000000s ]
[ sql ] [ SQL ] SELECT `a`.*,`b`.`phone_number`,`b`.`current_address` FROM `ym_client` `a` LEFT JOIN `ym_base_msg` `b` ON `a`.`id`=`b`.`client_id` WHERE  `a`.`is_del` = 0 ORDER BY `a`.`add_time`  desc LIMIT 0,20 [ RunTime:0.000000s ]
[ sql ] [ SQL ] SHOW COLUMNS FROM `ym_bank` [ RunTime:0.015600s ]
[ sql ] [ SQL ] SELECT * FROM `ym_bank` WHERE  `is_del` = 0 [ RunTime:0.000000s ]
[ sql ] [ SQL ] SHOW COLUMNS FROM `ym_dataconfig` [ RunTime:0.000000s ]
[ sql ] [ SQL ] SELECT `value` FROM `ym_dataconfig` WHERE  `code` = 'client_grade' LIMIT 1 [ RunTime:0.000000s ]
[ sql ] [ SQL ] SELECT `value` FROM `ym_dataconfig` WHERE  `code` = 'client_grade' LIMIT 1 [ RunTime:0.000000s ]
[ sql ] [ SQL ] SELECT `value` FROM `ym_dataconfig` WHERE  `code` = 'client_grade' LIMIT 1 [ RunTime:0.000000s ]
[ sql ] [ SQL ] SELECT `value` FROM `ym_dataconfig` WHERE  `code` = 'client_grade' LIMIT 1 [ RunTime:0.000000s ]
[ sql ] [ SQL ] SELECT `value` FROM `ym_dataconfig` WHERE  `code` = 'client_grade' LIMIT 1 [ RunTime:0.000000s ]
[ sql ] [ SQL ] SELECT `value` FROM `ym_dataconfig` WHERE  `code` = 'client_grade' LIMIT 1 [ RunTime:0.000000s ]
[ sql ] [ SQL ] SELECT `value` FROM `ym_dataconfig` WHERE  `code` = 'client_grade' LIMIT 1 [ RunTime:0.000000s ]
[ sql ] [ SQL ] SELECT `value` FROM `ym_dataconfig` WHERE  `code` = 'client_grade' LIMIT 1 [ RunTime:0.000000s ]
[ sql ] [ SQL ] SELECT `value` FROM `ym_dataconfig` WHERE  `code` = 'client_grade' LIMIT 1 [ RunTime:0.000000s ]
[ sql ] [ SQL ] SELECT `value` FROM `ym_dataconfig` WHERE  `code` = 'client_grade' LIMIT 1 [ RunTime:0.000000s ]
[ sql ] [ SQL ] SELECT `value` FROM `ym_dataconfig` WHERE  `code` = 'client_grade' LIMIT 1 [ RunTime:0.000000s ]
[ sql ] [ SQL ] SELECT `value` FROM `ym_dataconfig` WHERE  `code` = 'client_grade' LIMIT 1 [ RunTime:0.000000s ]
[ sql ] [ SQL ] SELECT `value` FROM `ym_dataconfig` WHERE  `code` = 'client_grade' LIMIT 1 [ RunTime:0.000000s ]
[ sql ] [ SQL ] SELECT `value` FROM `ym_dataconfig` WHERE  `code` = 'client_grade' LIMIT 1 [ RunTime:0.000000s ]
[ sql ] [ SQL ] SELECT `value` FROM `ym_dataconfig` WHERE  `code` = 'client_grade' LIMIT 1 [ RunTime:0.000000s ]
[ sql ] [ SQL ] SELECT `value` FROM `ym_dataconfig` WHERE  `code` = 'client_grade' LIMIT 1 [ RunTime:0.000000s ]
[ sql ] [ SQL ] SELECT `value` FROM `ym_dataconfig` WHERE  `code` = 'client_grade' LIMIT 1 [ RunTime:0.000000s ]
[ sql ] [ SQL ] SELECT `value` FROM `ym_dataconfig` WHERE  `code` = 'client_grade' LIMIT 1 [ RunTime:0.000000s ]
[ sql ] [ SQL ] SELECT `value` FROM `ym_dataconfig` WHERE  `code` = 'client_grade' LIMIT 1 [ RunTime:0.000000s ]
[ sql ] [ SQL ] SELECT `value` FROM `ym_dataconfig` WHERE  `code` = 'client_grade' LIMIT 1 [ RunTime:0.000000s ]
---------------------------------------------------------------
[ 2017-07-27T13:15:43+08:00 ] 76.36.0.8 76.36.0.60 GET /admin/client/clientdetail/client_id/130.html
[ info ] 76.36.0.8/admin/client/clientdetail/client_id/130.html [运行时间：0.156001s][吞吐率：6.41req/s] [内存消耗：2,985.19kb] [文件加载：56]
[ info ] [ LANG ] F:\www\bank.cn\thinkphp\lang\zh-cn.php
[ info ] [ ROUTE ] array (
  'type' => 'module',
  'module' => 
  array (
    0 => 'admin',
    1 => 'client',
    2 => 'clientdetail',
  ),
)
[ info ] [ HEADER ] array (
  'accept' => 'application/x-ms-application, image/jpeg, application/xaml+xml, image/gif, image/pjpeg, application/x-ms-xbap, */*',
  'referer' => 'http://76.36.0.8/admin/client/clientlist',
  'accept-language' => 'zh-CN',
  'user-agent' => 'Mozilla/4.0 (compatible; MSIE 8.0; Windows NT 6.1; Win64; x64; Trident/4.0; .NET CLR 2.0.50727; SLCC2; .NET CLR 3.5.30729; .NET CLR 3.0.30729; Tablet PC 2.0)',
  'ua-cpu' => 'AMD64',
  'accept-encoding' => 'gzip, deflate',
  'host' => '76.36.0.8',
  'connection' => 'Keep-Alive',
  'cookie' => 'PHPSESSID=c26b8fu1lph4hfp8fm9r9n74u3',
)
[ info ] [ PARAM ] array (
  'client_id' => '130',
)
[ info ] [ SESSION ] INIT array (
  'id' => '',
  'var_session_id' => '',
  'prefix' => 'think',
  'type' => '',
  'auto_start' => true,
)
[ info ] [ DB ] INIT mysql
[ info ] [ RUN ] app\admin\controller\Client->clientdetail[ F:\www\bank.cn\app\admin\controller\Client.php ]
[ info ] [ VIEW ] F:\www\bank.cn/app/admin\view\client\clientdetail.html [ array (
  0 => 'nodes',
  1 => 'other',
  2 => 'base',
  3 => 'areamsg',
  4 => 'hs',
  5 => 'client',
  6 => 'title1',
  7 => 'title2',
  8 => 'controller',
) ]
[ info ] [ LOG ] INIT File
[ sql ] [ DB ] CONNECT:[ UseTime:0.015600s ] mysql:dbname=bank;host=127.0.0.1;charset=utf8
[ sql ] [ SQL ] SHOW COLUMNS FROM `ym_rbac_role` [ RunTime:0.000000s ]
[ sql ] [ SQL ] SELECT * FROM `ym_rbac_role` WHERE  `id` = 13 LIMIT 1 [ RunTime:0.000000s ]
[ sql ] [ SQL ] SHOW COLUMNS FROM `ym_rbac_access` [ RunTime:0.000000s ]
[ sql ] [ SQL ] SELECT `a`.*,`b`.* FROM `ym_rbac_access` `a` INNER JOIN `ym_rbac_node` `b` ON `b`.`id`=`a`.`node_id` WHERE  (  a.role_id = 13 ) ORDER BY `b`.`id`  asc [ RunTime:0.000000s ]
[ sql ] [ SQL ] SELECT `b`.`name` FROM `ym_rbac_access` `a` INNER JOIN `ym_rbac_node` `b` ON `b`.`id`=`a`.`node_id` [ RunTime:0.000000s ]
[ sql ] [ SQL ] SHOW COLUMNS FROM `ym_client` [ RunTime:0.015600s ]
[ sql ] [ SQL ] SELECT `c`.*,`b`.`bankname` FROM `ym_client` `c` LEFT JOIN `ym_bank` `b` ON `c`.`belong_organization`=`b`.`id` WHERE  `c`.`id` = '130' [ RunTime:0.000000s ]
[ sql ] [ SQL ] SHOW COLUMNS FROM `ym_base_msg` [ RunTime:0.000000s ]
[ sql ] [ SQL ] SELECT * FROM `ym_base_msg` WHERE  `client_id` = 130 [ RunTime:0.000000s ]
[ sql ] [ SQL ] SHOW COLUMNS FROM `ym_other_message` [ RunTime:0.000000s ]
[ sql ] [ SQL ] SELECT * FROM `ym_other_message` WHERE  `client_id` = 130 [ RunTime:0.015600s ]
---------------------------------------------------------------
[ 2017-07-27T13:15:45+08:00 ] 76.36.0.8 76.36.0.60 GET /static/mapv2/images/navigation-control/geolocation-control/pc/bg-20x20.png
[ info ] 76.36.0.8/static/mapv2/images/navigation-control/geolocation-control/pc/bg-20x20.png [运行时间：0.046800s][吞吐率：21.37req/s] [内存消耗：1,459.78kb] [文件加载：39]
[ info ] [ LANG ] F:\www\bank.cn\thinkphp\lang\zh-cn.php
[ info ] [ ROUTE ] array (
  'type' => 'module',
  'module' => 
  array (
    0 => 'static',
    1 => 'mapv2',
    2 => 'images',
  ),
)
[ info ] [ HEADER ] array (
  'accept' => '*/*',
  'referer' => 'http://76.36.0.8/admin/client/clientdetail/client_id/130.html',
  'accept-language' => 'zh-CN',
  'user-agent' => 'Mozilla/4.0 (compatible; MSIE 8.0; Windows NT 6.1; Win64; x64; Trident/4.0; .NET CLR 2.0.50727; SLCC2; .NET CLR 3.5.30729; .NET CLR 3.0.30729; Tablet PC 2.0)',
  'ua-cpu' => 'AMD64',
  'accept-encoding' => 'gzip, deflate',
  'host' => '76.36.0.8',
  'connection' => 'Keep-Alive',
  'cookie' => 'PHPSESSID=c26b8fu1lph4hfp8fm9r9n74u3',
)
[ info ] [ PARAM ] array (
  'control' => 'geolocation-control',
  'pc' => 'bg-20x20.png',
)
[ info ] [ LOG ] INIT File
---------------------------------------------------------------
[ 2017-07-27T13:15:45+08:00 ] 76.36.0.8 76.36.0.60 GET /static/mapv2/images/navigation-control/geolocation-control/pc/success-10x10.png
[ info ] 76.36.0.8/static/mapv2/images/navigation-control/geolocation-control/pc/success-10x10.png [运行时间：0.046800s][吞吐率：21.37req/s] [内存消耗：1,459.84kb] [文件加载：39]
[ info ] [ LANG ] F:\www\bank.cn\thinkphp\lang\zh-cn.php
[ info ] [ ROUTE ] array (
  'type' => 'module',
  'module' => 
  array (
    0 => 'static',
    1 => 'mapv2',
    2 => 'images',
  ),
)
[ info ] [ HEADER ] array (
  'accept' => '*/*',
  'referer' => 'http://76.36.0.8/admin/client/clientdetail/client_id/130.html',
  'accept-language' => 'zh-CN',
  'user-agent' => 'Mozilla/4.0 (compatible; MSIE 8.0; Windows NT 6.1; Win64; x64; Trident/4.0; .NET CLR 2.0.50727; SLCC2; .NET CLR 3.5.30729; .NET CLR 3.0.30729; Tablet PC 2.0)',
  'ua-cpu' => 'AMD64',
  'accept-encoding' => 'gzip, deflate',
  'host' => '76.36.0.8',
  'connection' => 'Keep-Alive',
  'cookie' => 'PHPSESSID=c26b8fu1lph4hfp8fm9r9n74u3',
)
[ info ] [ PARAM ] array (
  'control' => 'geolocation-control',
  'pc' => 'success-10x10.png',
)
[ info ] [ LOG ] INIT File
---------------------------------------------------------------
[ 2017-07-27T13:15:49+08:00 ] 76.36.0.8 76.36.0.60 GET /admin/creditloan/index/client_id/130.html
[ info ] 76.36.0.8/admin/creditloan/index/client_id/130.html [运行时间：0.109200s][吞吐率：9.16req/s] [内存消耗：2,789.09kb] [文件加载：56]
[ info ] [ LANG ] F:\www\bank.cn\thinkphp\lang\zh-cn.php
[ info ] [ ROUTE ] array (
  'type' => 'module',
  'module' => 
  array (
    0 => 'admin',
    1 => 'creditloan',
    2 => 'index',
  ),
)
[ info ] [ HEADER ] array (
  'accept' => 'application/x-ms-application, image/jpeg, application/xaml+xml, image/gif, image/pjpeg, application/x-ms-xbap, */*',
  'referer' => 'http://76.36.0.8/admin/client/clientdetail/client_id/130.html',
  'accept-language' => 'zh-CN',
  'user-agent' => 'Mozilla/4.0 (compatible; MSIE 8.0; Windows NT 6.1; Win64; x64; Trident/4.0; .NET CLR 2.0.50727; SLCC2; .NET CLR 3.5.30729; .NET CLR 3.0.30729; Tablet PC 2.0)',
  'ua-cpu' => 'AMD64',
  'accept-encoding' => 'gzip, deflate',
  'host' => '76.36.0.8',
  'connection' => 'Keep-Alive',
  'cookie' => 'PHPSESSID=c26b8fu1lph4hfp8fm9r9n74u3',
)
[ info ] [ PARAM ] array (
  'client_id' => '130',
)
[ info ] [ SESSION ] INIT array (
  'id' => '',
  'var_session_id' => '',
  'prefix' => 'think',
  'type' => '',
  'auto_start' => true,
)
[ info ] [ DB ] INIT mysql
[ info ] [ RUN ] app\admin\controller\Creditloan->index[ F:\www\bank.cn\app\admin\controller\Creditloan.php ]
[ info ] [ VIEW ] F:\www\bank.cn/app/admin\view\creditloan\index.html [ array (
  0 => 'nodes',
  1 => 'incredit',
  2 => 'client',
  3 => 'controller',
  4 => 'title1',
  5 => 'title2',
) ]
[ info ] [ LOG ] INIT File
[ sql ] [ DB ] CONNECT:[ UseTime:0.000000s ] mysql:dbname=bank;host=127.0.0.1;charset=utf8
[ sql ] [ SQL ] SHOW COLUMNS FROM `ym_rbac_role` [ RunTime:0.000000s ]
[ sql ] [ SQL ] SELECT * FROM `ym_rbac_role` WHERE  `id` = 13 LIMIT 1 [ RunTime:0.000000s ]
[ sql ] [ SQL ] SHOW COLUMNS FROM `ym_rbac_access` [ RunTime:0.015600s ]
[ sql ] [ SQL ] SELECT `a`.*,`b`.* FROM `ym_rbac_access` `a` INNER JOIN `ym_rbac_node` `b` ON `b`.`id`=`a`.`node_id` WHERE  (  a.role_id = 13 ) ORDER BY `b`.`id`  asc [ RunTime:0.000000s ]
[ sql ] [ SQL ] SELECT `b`.`name` FROM `ym_rbac_access` `a` INNER JOIN `ym_rbac_node` `b` ON `b`.`id`=`a`.`node_id` [ RunTime:0.000000s ]
[ sql ] [ SQL ] SELECT `b`.`name` FROM `ym_rbac_access` `a` INNER JOIN `ym_rbac_node` `b` ON `b`.`id`=`a`.`node_id` WHERE  (  a.role_id = 13 ) [ RunTime:0.000000s ]
[ sql ] [ SQL ] SHOW COLUMNS FROM `ym_intable_credit` [ RunTime:0.015600s ]
[ sql ] [ SQL ] SELECT * FROM `ym_intable_credit` WHERE  `client_id` = 130 [ RunTime:0.000000s ]
---------------------------------------------------------------
[ 2017-07-27T13:16:05+08:00 ] 76.36.0.8 76.36.0.60 GET /admin/client/clientdetail/client_id/130.html
[ info ] 76.36.0.8/admin/client/clientdetail/client_id/130.html [运行时间：0.078000s][吞吐率：12.82req/s] [内存消耗：2,772.12kb] [文件加载：54]
[ info ] [ LANG ] F:\www\bank.cn\thinkphp\lang\zh-cn.php
[ info ] [ ROUTE ] array (
  'type' => 'module',
  'module' => 
  array (
    0 => 'admin',
    1 => 'client',
    2 => 'clientdetail',
  ),
)
[ info ] [ HEADER ] array (
  'accept' => 'application/x-ms-application, image/jpeg, application/xaml+xml, image/gif, image/pjpeg, application/x-ms-xbap, */*',
  'referer' => 'http://76.36.0.8/admin/creditloan/index/client_id/130.html',
  'accept-language' => 'zh-CN',
  'user-agent' => 'Mozilla/4.0 (compatible; MSIE 8.0; Windows NT 6.1; Win64; x64; Trident/4.0; .NET CLR 2.0.50727; SLCC2; .NET CLR 3.5.30729; .NET CLR 3.0.30729; Tablet PC 2.0)',
  'ua-cpu' => 'AMD64',
  'accept-encoding' => 'gzip, deflate',
  'host' => '76.36.0.8',
  'connection' => 'Keep-Alive',
  'cookie' => 'PHPSESSID=c26b8fu1lph4hfp8fm9r9n74u3',
)
[ info ] [ PARAM ] array (
  'client_id' => '130',
)
[ info ] [ SESSION ] INIT array (
  'id' => '',
  'var_session_id' => '',
  'prefix' => 'think',
  'type' => '',
  'auto_start' => true,
)
[ info ] [ DB ] INIT mysql
[ info ] [ RUN ] app\admin\controller\Client->clientdetail[ F:\www\bank.cn\app\admin\controller\Client.php ]
[ info ] [ VIEW ] F:\www\bank.cn/app/admin\view\client\clientdetail.html [ array (
  0 => 'nodes',
  1 => 'other',
  2 => 'base',
  3 => 'areamsg',
  4 => 'hs',
  5 => 'client',
  6 => 'title1',
  7 => 'title2',
  8 => 'controller',
) ]
[ info ] [ LOG ] INIT File
[ sql ] [ DB ] CONNECT:[ UseTime:0.000000s ] mysql:dbname=bank;host=127.0.0.1;charset=utf8
[ sql ] [ SQL ] SHOW COLUMNS FROM `ym_rbac_role` [ RunTime:0.000000s ]
[ sql ] [ SQL ] SELECT * FROM `ym_rbac_role` WHERE  `id` = 13 LIMIT 1 [ RunTime:0.000000s ]
[ sql ] [ SQL ] SHOW COLUMNS FROM `ym_rbac_access` [ RunTime:0.000000s ]
[ sql ] [ SQL ] SELECT `a`.*,`b`.* FROM `ym_rbac_access` `a` INNER JOIN `ym_rbac_node` `b` ON `b`.`id`=`a`.`node_id` WHERE  (  a.role_id = 13 ) ORDER BY `b`.`id`  asc [ RunTime:0.000000s ]
[ sql ] [ SQL ] SELECT `b`.`name` FROM `ym_rbac_access` `a` INNER JOIN `ym_rbac_node` `b` ON `b`.`id`=`a`.`node_id` [ RunTime:0.015600s ]
[ sql ] [ SQL ] SHOW COLUMNS FROM `ym_client` [ RunTime:0.000000s ]
[ sql ] [ SQL ] SELECT `c`.*,`b`.`bankname` FROM `ym_client` `c` LEFT JOIN `ym_bank` `b` ON `c`.`belong_organization`=`b`.`id` WHERE  `c`.`id` = '130' [ RunTime:0.000000s ]
[ sql ] [ SQL ] SHOW COLUMNS FROM `ym_base_msg` [ RunTime:0.000000s ]
[ sql ] [ SQL ] SELECT * FROM `ym_base_msg` WHERE  `client_id` = 130 [ RunTime:0.000000s ]
[ sql ] [ SQL ] SHOW COLUMNS FROM `ym_other_message` [ RunTime:0.015600s ]
[ sql ] [ SQL ] SELECT * FROM `ym_other_message` WHERE  `client_id` = 130 [ RunTime:0.000000s ]
---------------------------------------------------------------
[ 2017-07-27T13:16:06+08:00 ] 76.36.0.8 76.36.0.60 GET /static/mapv2/images/navigation-control/geolocation-control/pc/bg-20x20.png
[ info ] 76.36.0.8/static/mapv2/images/navigation-control/geolocation-control/pc/bg-20x20.png [运行时间：0.046800s][吞吐率：21.37req/s] [内存消耗：1,459.78kb] [文件加载：39]
[ info ] [ LANG ] F:\www\bank.cn\thinkphp\lang\zh-cn.php
[ info ] [ ROUTE ] array (
  'type' => 'module',
  'module' => 
  array (
    0 => 'static',
    1 => 'mapv2',
    2 => 'images',
  ),
)
[ info ] [ HEADER ] array (
  'accept' => '*/*',
  'referer' => 'http://76.36.0.8/admin/client/clientdetail/client_id/130.html',
  'accept-language' => 'zh-CN',
  'user-agent' => 'Mozilla/4.0 (compatible; MSIE 8.0; Windows NT 6.1; Win64; x64; Trident/4.0; .NET CLR 2.0.50727; SLCC2; .NET CLR 3.5.30729; .NET CLR 3.0.30729; Tablet PC 2.0)',
  'ua-cpu' => 'AMD64',
  'accept-encoding' => 'gzip, deflate',
  'host' => '76.36.0.8',
  'connection' => 'Keep-Alive',
  'cookie' => 'PHPSESSID=c26b8fu1lph4hfp8fm9r9n74u3',
)
[ info ] [ PARAM ] array (
  'control' => 'geolocation-control',
  'pc' => 'bg-20x20.png',
)
[ info ] [ LOG ] INIT File
---------------------------------------------------------------
[ 2017-07-27T13:16:06+08:00 ] 76.36.0.8 76.36.0.60 GET /static/mapv2/images/navigation-control/geolocation-control/pc/success-10x10.png
[ info ] 76.36.0.8/static/mapv2/images/navigation-control/geolocation-control/pc/success-10x10.png [运行时间：0.046800s][吞吐率：21.37req/s] [内存消耗：1,459.84kb] [文件加载：39]
[ info ] [ LANG ] F:\www\bank.cn\thinkphp\lang\zh-cn.php
[ info ] [ ROUTE ] array (
  'type' => 'module',
  'module' => 
  array (
    0 => 'static',
    1 => 'mapv2',
    2 => 'images',
  ),
)
[ info ] [ HEADER ] array (
  'accept' => '*/*',
  'referer' => 'http://76.36.0.8/admin/client/clientdetail/client_id/130.html',
  'accept-language' => 'zh-CN',
  'user-agent' => 'Mozilla/4.0 (compatible; MSIE 8.0; Windows NT 6.1; Win64; x64; Trident/4.0; .NET CLR 2.0.50727; SLCC2; .NET CLR 3.5.30729; .NET CLR 3.0.30729; Tablet PC 2.0)',
  'ua-cpu' => 'AMD64',
  'accept-encoding' => 'gzip, deflate',
  'host' => '76.36.0.8',
  'connection' => 'Keep-Alive',
  'cookie' => 'PHPSESSID=c26b8fu1lph4hfp8fm9r9n74u3',
)
[ info ] [ PARAM ] array (
  'control' => 'geolocation-control',
  'pc' => 'success-10x10.png',
)
[ info ] [ LOG ] INIT File
---------------------------------------------------------------
[ 2017-07-27T13:16:29+08:00 ] 76.36.0.8 76.36.0.60 GET /admin/client/clientdetail/client_id/130.html
[ info ] 76.36.0.8/admin/client/clientdetail/client_id/130.html [运行时间：0.046800s][吞吐率：21.37req/s] [内存消耗：1,942.68kb] [文件加载：48]
[ info ] [ LANG ] F:\www\bank.cn\thinkphp\lang\zh-cn.php
[ info ] [ ROUTE ] array (
  'type' => 'module',
  'module' => 
  array (
    0 => 'admin',
    1 => 'client',
    2 => 'clientdetail',
  ),
)
[ info ] [ HEADER ] array (
  'accept' => '*/*',
  'accept-language' => 'zh-cn',
  'user-agent' => 'Mozilla/4.0 (compatible; MSIE 7.0; Windows NT 6.1; WOW64; Trident/4.0; SLCC2; .NET CLR 2.0.50727; .NET CLR 3.5.30729; .NET CLR 3.0.30729)',
  'accept-encoding' => 'gzip, deflate',
  'host' => '76.36.0.8',
  'connection' => 'Keep-Alive',
)
[ info ] [ PARAM ] array (
  'client_id' => '130',
)
[ info ] [ SESSION ] INIT array (
  'id' => '',
  'var_session_id' => '',
  'prefix' => 'think',
  'type' => '',
  'auto_start' => true,
)
[ info ] [ LOG ] INIT File
---------------------------------------------------------------
[ 2017-07-27T13:16:29+08:00 ] 76.36.0.8 76.36.0.60 GET /admin/user/login.html
[ info ] 76.36.0.8/admin/user/login.html [运行时间：0.031200s][吞吐率：32.05req/s] [内存消耗：1,773.30kb] [文件加载：46]
[ info ] [ LANG ] F:\www\bank.cn\thinkphp\lang\zh-cn.php
[ info ] [ ROUTE ] array (
  'type' => 'module',
  'module' => 
  array (
    0 => 'admin',
    1 => 'user',
    2 => 'login',
  ),
)
[ info ] [ HEADER ] array (
  'accept' => '*/*',
  'accept-language' => 'zh-cn',
  'user-agent' => 'Mozilla/4.0 (compatible; MSIE 7.0; Windows NT 6.1; WOW64; Trident/4.0; SLCC2; .NET CLR 2.0.50727; .NET CLR 3.5.30729; .NET CLR 3.0.30729)',
  'accept-encoding' => 'gzip, deflate',
  'host' => '76.36.0.8',
  'connection' => 'Keep-Alive',
  'cookie' => 'PHPSESSID=5iivtb77u3udbr1k0gbbrqujg0',
)
[ info ] [ PARAM ] array (
)
[ info ] [ RUN ] app\admin\controller\User->login[ F:\www\bank.cn\app\admin\controller\User.php ]
[ info ] [ VIEW ] F:\www\bank.cn/app/admin\view\user\login.html [ array (
) ]
[ info ] [ LOG ] INIT File
---------------------------------------------------------------
[ 2017-07-27T13:16:44+08:00 ] 76.36.0.8 76.36.0.60 POST /admin/user/login.html
[ info ] 76.36.0.8/admin/user/login.html [运行时间：0.078000s][吞吐率：12.82req/s] [内存消耗：2,637.95kb] [文件加载：58]
[ info ] [ LANG ] F:\www\bank.cn\thinkphp\lang\zh-cn.php
[ info ] [ ROUTE ] array (
  'type' => 'module',
  'module' => 
  array (
    0 => 'admin',
    1 => 'user',
    2 => 'login',
  ),
)
[ info ] [ HEADER ] array (
  'accept' => 'application/x-ms-application, image/jpeg, application/xaml+xml, image/gif, image/pjpeg, application/x-ms-xbap, */*',
  'referer' => 'http://76.36.0.8/admin/user/login.html',
  'accept-language' => 'zh-CN',
  'user-agent' => 'Mozilla/4.0 (compatible; MSIE 7.0; Windows NT 6.1; WOW64; Trident/4.0; SLCC2; .NET CLR 2.0.50727; .NET CLR 3.5.30729; .NET CLR 3.0.30729)',
  'content-type' => 'application/x-www-form-urlencoded',
  'accept-encoding' => 'gzip, deflate',
  'host' => '76.36.0.8',
  'content-length' => '30',
  'connection' => 'Keep-Alive',
  'cache-control' => 'no-cache',
  'cookie' => 'PHPSESSID=5iivtb77u3udbr1k0gbbrqujg0',
)
[ info ] [ PARAM ] array (
  'username' => 'admin',
  'password' => '123456',
)
[ info ] [ RUN ] app\admin\controller\User->login[ F:\www\bank.cn\app\admin\controller\User.php ]
[ info ] [ DB ] INIT mysql
[ info ] [ SESSION ] INIT array (
  'id' => '',
  'var_session_id' => '',
  'prefix' => 'think',
  'type' => '',
  'auto_start' => true,
)
[ info ] [ CACHE ] INIT File
[ info ] [ VIEW ] F:\www\bank.cn/app/admin\view\user\jump.html [ array (
  0 => 'code',
  1 => 'msg',
  2 => 'data',
  3 => 'url',
  4 => 'wait',
) ]
[ info ] [ LOG ] INIT File
[ sql ] [ DB ] CONNECT:[ UseTime:0.000000s ] mysql:dbname=bank;host=127.0.0.1;charset=utf8
[ sql ] [ SQL ] SHOW COLUMNS FROM `ym_rbac_user` [ RunTime:0.000000s ]
[ sql ] [ SQL ] SELECT * FROM `ym_rbac_user` WHERE  `username` = 'admin'  AND `is_del` = 0 LIMIT 1 [ RunTime:0.000000s ]
[ sql ] [ SQL ] SHOW COLUMNS FROM `ym_action` [ RunTime:0.015600s ]
[ sql ] [ SQL ] SELECT * FROM `ym_action` WHERE  `name` = 'user_login' LIMIT 1 [ RunTime:0.000000s ]
[ sql ] [ SQL ] SELECT `username` FROM `ym_rbac_user` WHERE  `id` = 6 LIMIT 1 [ RunTime:0.000000s ]
[ sql ] [ SQL ] SHOW COLUMNS FROM `ym_action_log` [ RunTime:0.000000s ]
[ sql ] [ SQL ] INSERT INTO `ym_action_log` (`action_id` , `user_id` , `action_ip` , `model` , `record_id` , `create_time` , `remark`) VALUES (1 , 6 , 1277427772 , 'rbac_user' , 6 , 1501132604 , 'admin在2017-07-27 13:16登录了后台') [ RunTime:0.000000s ]
[ sql ] [ SQL ] UPDATE `ym_rbac_user`  SET `last_login_time`=1501132604,`last_login_ip`='76.36.0.60',`login_count`=35  WHERE  `id` = 6 [ RunTime:0.015600s ]
---------------------------------------------------------------
[ 2017-07-27T13:16:47+08:00 ] 76.36.0.8 76.36.0.60 GET /admin/index/index.html
[ info ] 76.36.0.8/admin/index/index.html [运行时间：0.062400s][吞吐率：16.03req/s] [内存消耗：2,576.89kb] [文件加载：54]
[ info ] [ LANG ] F:\www\bank.cn\thinkphp\lang\zh-cn.php
[ info ] [ ROUTE ] array (
  'type' => 'module',
  'module' => 
  array (
    0 => 'admin',
    1 => 'index',
    2 => 'index',
  ),
)
[ info ] [ HEADER ] array (
  'accept' => 'application/x-ms-application, image/jpeg, application/xaml+xml, image/gif, image/pjpeg, application/x-ms-xbap, */*',
  'accept-language' => 'zh-CN',
  'user-agent' => 'Mozilla/4.0 (compatible; MSIE 7.0; Windows NT 6.1; WOW64; Trident/4.0; SLCC2; .NET CLR 2.0.50727; .NET CLR 3.5.30729; .NET CLR 3.0.30729)',
  'accept-encoding' => 'gzip, deflate',
  'host' => '76.36.0.8',
  'connection' => 'Keep-Alive',
  'cookie' => 'PHPSESSID=5iivtb77u3udbr1k0gbbrqujg0',
)
[ info ] [ PARAM ] array (
)
[ info ] [ SESSION ] INIT array (
  'id' => '',
  'var_session_id' => '',
  'prefix' => 'think',
  'type' => '',
  'auto_start' => true,
)
[ info ] [ DB ] INIT mysql
[ info ] [ RUN ] app\admin\controller\Index->index[ F:\www\bank.cn\app\admin\controller\Index.php ]
[ info ] [ VIEW ] F:\www\bank.cn/app/admin\view\index\index.html [ array (
  0 => 'nodes',
) ]
[ info ] [ LOG ] INIT File
[ sql ] [ DB ] CONNECT:[ UseTime:0.000000s ] mysql:dbname=bank;host=127.0.0.1;charset=utf8
[ sql ] [ SQL ] SHOW COLUMNS FROM `ym_rbac_role` [ RunTime:0.000000s ]
[ sql ] [ SQL ] SELECT * FROM `ym_rbac_role` WHERE  `id` = 13 LIMIT 1 [ RunTime:0.000000s ]
[ sql ] [ SQL ] SHOW COLUMNS FROM `ym_rbac_access` [ RunTime:0.015600s ]
[ sql ] [ SQL ] SELECT `a`.*,`b`.* FROM `ym_rbac_access` `a` INNER JOIN `ym_rbac_node` `b` ON `b`.`id`=`a`.`node_id` WHERE  (  a.role_id = 13 ) ORDER BY `b`.`id`  asc [ RunTime:0.000000s ]
[ sql ] [ SQL ] SELECT `b`.`name` FROM `ym_rbac_access` `a` INNER JOIN `ym_rbac_node` `b` ON `b`.`id`=`a`.`node_id` [ RunTime:0.000000s ]
[ sql ] [ SQL ] SELECT `b`.`name` FROM `ym_rbac_access` `a` INNER JOIN `ym_rbac_node` `b` ON `b`.`id`=`a`.`node_id` WHERE  (  a.role_id = 13 ) [ RunTime:0.000000s ]
---------------------------------------------------------------
[ 2017-07-27T13:16:51+08:00 ] 76.36.0.8 76.36.0.60 GET /admin/client/clientlist
[ info ] 76.36.0.8/admin/client/clientlist [运行时间：0.124801s][吞吐率：8.01req/s] [内存消耗：2,989.70kb] [文件加载：57]
[ info ] [ LANG ] F:\www\bank.cn\thinkphp\lang\zh-cn.php
[ info ] [ ROUTE ] array (
  'type' => 'module',
  'module' => 
  array (
    0 => 'admin',
    1 => 'client',
    2 => 'clientlist',
  ),
)
[ info ] [ HEADER ] array (
  'accept' => 'application/x-ms-application, image/jpeg, application/xaml+xml, image/gif, image/pjpeg, application/x-ms-xbap, */*',
  'referer' => 'http://76.36.0.8/admin/index/index.html',
  'accept-language' => 'zh-CN',
  'user-agent' => 'Mozilla/4.0 (compatible; MSIE 7.0; Windows NT 6.1; WOW64; Trident/4.0; SLCC2; .NET CLR 2.0.50727; .NET CLR 3.5.30729; .NET CLR 3.0.30729)',
  'accept-encoding' => 'gzip, deflate',
  'host' => '76.36.0.8',
  'connection' => 'Keep-Alive',
  'cookie' => 'PHPSESSID=5iivtb77u3udbr1k0gbbrqujg0',
)
[ info ] [ PARAM ] array (
)
[ info ] [ SESSION ] INIT array (
  'id' => '',
  'var_session_id' => '',
  'prefix' => 'think',
  'type' => '',
  'auto_start' => true,
)
[ info ] [ DB ] INIT mysql
[ info ] [ RUN ] app\admin\controller\Client->clientlist[ F:\www\bank.cn\app\admin\controller\Client.php ]
[ info ] [ VIEW ] F:\www\bank.cn/app/admin\view\client\clientlist.html [ array (
  0 => 'nodes',
  1 => 'page',
  2 => 'bank',
  3 => 'title1',
  4 => 'title2',
  5 => 'clients',
) ]
[ info ] [ LOG ] INIT File
[ sql ] [ DB ] CONNECT:[ UseTime:0.000000s ] mysql:dbname=bank;host=127.0.0.1;charset=utf8
[ sql ] [ SQL ] SHOW COLUMNS FROM `ym_rbac_role` [ RunTime:0.000000s ]
[ sql ] [ SQL ] SELECT * FROM `ym_rbac_role` WHERE  `id` = 13 LIMIT 1 [ RunTime:0.000000s ]
[ sql ] [ SQL ] SHOW COLUMNS FROM `ym_rbac_access` [ RunTime:0.000000s ]
[ sql ] [ SQL ] SELECT `a`.*,`b`.* FROM `ym_rbac_access` `a` INNER JOIN `ym_rbac_node` `b` ON `b`.`id`=`a`.`node_id` WHERE  (  a.role_id = 13 ) ORDER BY `b`.`id`  asc [ RunTime:0.000000s ]
[ sql ] [ SQL ] SELECT `b`.`name` FROM `ym_rbac_access` `a` INNER JOIN `ym_rbac_node` `b` ON `b`.`id`=`a`.`node_id` [ RunTime:0.000000s ]
[ sql ] [ SQL ] SELECT `b`.`name` FROM `ym_rbac_access` `a` INNER JOIN `ym_rbac_node` `b` ON `b`.`id`=`a`.`node_id` WHERE  (  a.role_id = 13 ) [ RunTime:0.000000s ]
[ sql ] [ SQL ] SHOW COLUMNS FROM `ym_client` [ RunTime:0.000000s ]
[ sql ] [ SQL ] SELECT COUNT(*) AS tp_count FROM `ym_client` `a` LEFT JOIN `ym_base_msg` `b` ON `a`.`id`=`b`.`client_id` WHERE  `a`.`is_del` = 0 LIMIT 1 [ RunTime:0.000000s ]
[ sql ] [ SQL ] SELECT `a`.*,`b`.`phone_number`,`b`.`current_address` FROM `ym_client` `a` LEFT JOIN `ym_base_msg` `b` ON `a`.`id`=`b`.`client_id` WHERE  `a`.`is_del` = 0 ORDER BY `a`.`add_time`  desc LIMIT 0,20 [ RunTime:0.000000s ]
[ sql ] [ SQL ] SHOW COLUMNS FROM `ym_bank` [ RunTime:0.015600s ]
[ sql ] [ SQL ] SELECT * FROM `ym_bank` WHERE  `is_del` = 0 [ RunTime:0.000000s ]
[ sql ] [ SQL ] SHOW COLUMNS FROM `ym_dataconfig` [ RunTime:0.000000s ]
[ sql ] [ SQL ] SELECT `value` FROM `ym_dataconfig` WHERE  `code` = 'client_grade' LIMIT 1 [ RunTime:0.000000s ]
[ sql ] [ SQL ] SELECT `value` FROM `ym_dataconfig` WHERE  `code` = 'client_grade' LIMIT 1 [ RunTime:0.000000s ]
[ sql ] [ SQL ] SELECT `value` FROM `ym_dataconfig` WHERE  `code` = 'client_grade' LIMIT 1 [ RunTime:0.000000s ]
[ sql ] [ SQL ] SELECT `value` FROM `ym_dataconfig` WHERE  `code` = 'client_grade' LIMIT 1 [ RunTime:0.000000s ]
[ sql ] [ SQL ] SELECT `value` FROM `ym_dataconfig` WHERE  `code` = 'client_grade' LIMIT 1 [ RunTime:0.000000s ]
[ sql ] [ SQL ] SELECT `value` FROM `ym_dataconfig` WHERE  `code` = 'client_grade' LIMIT 1 [ RunTime:0.000000s ]
[ sql ] [ SQL ] SELECT `value` FROM `ym_dataconfig` WHERE  `code` = 'client_grade' LIMIT 1 [ RunTime:0.000000s ]
[ sql ] [ SQL ] SELECT `value` FROM `ym_dataconfig` WHERE  `code` = 'client_grade' LIMIT 1 [ RunTime:0.000000s ]
[ sql ] [ SQL ] SELECT `value` FROM `ym_dataconfig` WHERE  `code` = 'client_grade' LIMIT 1 [ RunTime:0.000000s ]
[ sql ] [ SQL ] SELECT `value` FROM `ym_dataconfig` WHERE  `code` = 'client_grade' LIMIT 1 [ RunTime:0.000000s ]
[ sql ] [ SQL ] SELECT `value` FROM `ym_dataconfig` WHERE  `code` = 'client_grade' LIMIT 1 [ RunTime:0.000000s ]
[ sql ] [ SQL ] SELECT `value` FROM `ym_dataconfig` WHERE  `code` = 'client_grade' LIMIT 1 [ RunTime:0.000000s ]
[ sql ] [ SQL ] SELECT `value` FROM `ym_dataconfig` WHERE  `code` = 'client_grade' LIMIT 1 [ RunTime:0.000000s ]
[ sql ] [ SQL ] SELECT `value` FROM `ym_dataconfig` WHERE  `code` = 'client_grade' LIMIT 1 [ RunTime:0.000000s ]
[ sql ] [ SQL ] SELECT `value` FROM `ym_dataconfig` WHERE  `code` = 'client_grade' LIMIT 1 [ RunTime:0.000000s ]
[ sql ] [ SQL ] SELECT `value` FROM `ym_dataconfig` WHERE  `code` = 'client_grade' LIMIT 1 [ RunTime:0.000000s ]
[ sql ] [ SQL ] SELECT `value` FROM `ym_dataconfig` WHERE  `code` = 'client_grade' LIMIT 1 [ RunTime:0.000000s ]
[ sql ] [ SQL ] SELECT `value` FROM `ym_dataconfig` WHERE  `code` = 'client_grade' LIMIT 1 [ RunTime:0.000000s ]
[ sql ] [ SQL ] SELECT `value` FROM `ym_dataconfig` WHERE  `code` = 'client_grade' LIMIT 1 [ RunTime:0.000000s ]
[ sql ] [ SQL ] SELECT `value` FROM `ym_dataconfig` WHERE  `code` = 'client_grade' LIMIT 1 [ RunTime:0.000000s ]
---------------------------------------------------------------
[ 2017-07-27T13:16:53+08:00 ] 76.36.0.8 76.36.0.60 GET /admin/client/clientdetail/client_id/172.html
[ info ] 76.36.0.8/admin/client/clientdetail/client_id/172.html [运行时间：0.078000s][吞吐率：12.82req/s] [内存消耗：2,771.61kb] [文件加载：54]
[ info ] [ LANG ] F:\www\bank.cn\thinkphp\lang\zh-cn.php
[ info ] [ ROUTE ] array (
  'type' => 'module',
  'module' => 
  array (
    0 => 'admin',
    1 => 'client',
    2 => 'clientdetail',
  ),
)
[ info ] [ HEADER ] array (
  'accept' => 'application/x-ms-application, image/jpeg, application/xaml+xml, image/gif, image/pjpeg, application/x-ms-xbap, */*',
  'referer' => 'http://76.36.0.8/admin/client/clientlist',
  'accept-language' => 'zh-CN',
  'user-agent' => 'Mozilla/4.0 (compatible; MSIE 7.0; Windows NT 6.1; WOW64; Trident/4.0; SLCC2; .NET CLR 2.0.50727; .NET CLR 3.5.30729; .NET CLR 3.0.30729)',
  'accept-encoding' => 'gzip, deflate',
  'host' => '76.36.0.8',
  'connection' => 'Keep-Alive',
  'cookie' => 'PHPSESSID=5iivtb77u3udbr1k0gbbrqujg0',
)
[ info ] [ PARAM ] array (
  'client_id' => '172',
)
[ info ] [ SESSION ] INIT array (
  'id' => '',
  'var_session_id' => '',
  'prefix' => 'think',
  'type' => '',
  'auto_start' => true,
)
[ info ] [ DB ] INIT mysql
[ info ] [ RUN ] app\admin\controller\Client->clientdetail[ F:\www\bank.cn\app\admin\controller\Client.php ]
[ info ] [ VIEW ] F:\www\bank.cn/app/admin\view\client\clientdetail.html [ array (
  0 => 'nodes',
  1 => 'other',
  2 => 'base',
  3 => 'areamsg',
  4 => 'hs',
  5 => 'client',
  6 => 'title1',
  7 => 'title2',
  8 => 'controller',
) ]
[ info ] [ LOG ] INIT File
[ sql ] [ DB ] CONNECT:[ UseTime:0.000000s ] mysql:dbname=bank;host=127.0.0.1;charset=utf8
[ sql ] [ SQL ] SHOW COLUMNS FROM `ym_rbac_role` [ RunTime:0.000000s ]
[ sql ] [ SQL ] SELECT * FROM `ym_rbac_role` WHERE  `id` = 13 LIMIT 1 [ RunTime:0.000000s ]
[ sql ] [ SQL ] SHOW COLUMNS FROM `ym_rbac_access` [ RunTime:0.000000s ]
[ sql ] [ SQL ] SELECT `a`.*,`b`.* FROM `ym_rbac_access` `a` INNER JOIN `ym_rbac_node` `b` ON `b`.`id`=`a`.`node_id` WHERE  (  a.role_id = 13 ) ORDER BY `b`.`id`  asc [ RunTime:0.000000s ]
[ sql ] [ SQL ] SELECT `b`.`name` FROM `ym_rbac_access` `a` INNER JOIN `ym_rbac_node` `b` ON `b`.`id`=`a`.`node_id` [ RunTime:0.000000s ]
[ sql ] [ SQL ] SHOW COLUMNS FROM `ym_client` [ RunTime:0.000000s ]
[ sql ] [ SQL ] SELECT `c`.*,`b`.`bankname` FROM `ym_client` `c` LEFT JOIN `ym_bank` `b` ON `c`.`belong_organization`=`b`.`id` WHERE  `c`.`id` = '172' [ RunTime:0.000000s ]
[ sql ] [ SQL ] SHOW COLUMNS FROM `ym_base_msg` [ RunTime:0.000000s ]
[ sql ] [ SQL ] SELECT * FROM `ym_base_msg` WHERE  `client_id` = 172 [ RunTime:0.000000s ]
[ sql ] [ SQL ] SHOW COLUMNS FROM `ym_other_message` [ RunTime:0.015600s ]
[ sql ] [ SQL ] SELECT * FROM `ym_other_message` WHERE  `client_id` = 172 [ RunTime:0.000000s ]
---------------------------------------------------------------
[ 2017-07-27T13:16:54+08:00 ] 76.36.0.8 76.36.0.60 GET /static/mapv2/images/navigation-control/geolocation-control/pc/bg-20x20.png
[ info ] 76.36.0.8/static/mapv2/images/navigation-control/geolocation-control/pc/bg-20x20.png [运行时间：0.031200s][吞吐率：32.05req/s] [内存消耗：1,459.52kb] [文件加载：39]
[ info ] [ LANG ] F:\www\bank.cn\thinkphp\lang\zh-cn.php
[ info ] [ ROUTE ] array (
  'type' => 'module',
  'module' => 
  array (
    0 => 'static',
    1 => 'mapv2',
    2 => 'images',
  ),
)
[ info ] [ HEADER ] array (
  'accept' => '*/*',
  'referer' => 'http://76.36.0.8/admin/client/clientdetail/client_id/172.html',
  'accept-language' => 'zh-CN',
  'user-agent' => 'Mozilla/4.0 (compatible; MSIE 7.0; Windows NT 6.1; WOW64; Trident/4.0; SLCC2; .NET CLR 2.0.50727; .NET CLR 3.5.30729; .NET CLR 3.0.30729)',
  'accept-encoding' => 'gzip, deflate',
  'host' => '76.36.0.8',
  'connection' => 'Keep-Alive',
  'cookie' => 'PHPSESSID=5iivtb77u3udbr1k0gbbrqujg0',
)
[ info ] [ PARAM ] array (
  'control' => 'geolocation-control',
  'pc' => 'bg-20x20.png',
)
[ info ] [ LOG ] INIT File
---------------------------------------------------------------
[ 2017-07-27T13:16:54+08:00 ] 76.36.0.8 76.36.0.60 GET /static/mapv2/images/navigation-control/geolocation-control/pc/success-10x10.png
[ info ] 76.36.0.8/static/mapv2/images/navigation-control/geolocation-control/pc/success-10x10.png [运行时间：0.046800s][吞吐率：21.37req/s] [内存消耗：1,459.57kb] [文件加载：39]
[ info ] [ LANG ] F:\www\bank.cn\thinkphp\lang\zh-cn.php
[ info ] [ ROUTE ] array (
  'type' => 'module',
  'module' => 
  array (
    0 => 'static',
    1 => 'mapv2',
    2 => 'images',
  ),
)
[ info ] [ HEADER ] array (
  'accept' => '*/*',
  'referer' => 'http://76.36.0.8/admin/client/clientdetail/client_id/172.html',
  'accept-language' => 'zh-CN',
  'user-agent' => 'Mozilla/4.0 (compatible; MSIE 7.0; Windows NT 6.1; WOW64; Trident/4.0; SLCC2; .NET CLR 2.0.50727; .NET CLR 3.5.30729; .NET CLR 3.0.30729)',
  'accept-encoding' => 'gzip, deflate',
  'host' => '76.36.0.8',
  'connection' => 'Keep-Alive',
  'cookie' => 'PHPSESSID=5iivtb77u3udbr1k0gbbrqujg0',
)
[ info ] [ PARAM ] array (
  'control' => 'geolocation-control',
  'pc' => 'success-10x10.png',
)
[ info ] [ LOG ] INIT File
---------------------------------------------------------------
[ 2017-07-27T13:17:02+08:00 ] 76.36.0.8 76.36.0.60 GET /admin/deposit/index/client_id/172.html
[ info ] 76.36.0.8/admin/deposit/index/client_id/172.html [运行时间：0.109201s][吞吐率：9.16req/s] [内存消耗：2,800.21kb] [文件加载：56]
[ info ] [ LANG ] F:\www\bank.cn\thinkphp\lang\zh-cn.php
[ info ] [ ROUTE ] array (
  'type' => 'module',
  'module' => 
  array (
    0 => 'admin',
    1 => 'deposit',
    2 => 'index',
  ),
)
[ info ] [ HEADER ] array (
  'accept' => 'application/x-ms-application, image/jpeg, application/xaml+xml, image/gif, image/pjpeg, application/x-ms-xbap, */*',
  'referer' => 'http://76.36.0.8/admin/client/clientdetail/client_id/172.html',
  'accept-language' => 'zh-CN',
  'user-agent' => 'Mozilla/4.0 (compatible; MSIE 7.0; Windows NT 6.1; WOW64; Trident/4.0; SLCC2; .NET CLR 2.0.50727; .NET CLR 3.5.30729; .NET CLR 3.0.30729)',
  'accept-encoding' => 'gzip, deflate',
  'host' => '76.36.0.8',
  'connection' => 'Keep-Alive',
  'cookie' => 'PHPSESSID=5iivtb77u3udbr1k0gbbrqujg0',
)
[ info ] [ PARAM ] array (
  'client_id' => '172',
)
[ info ] [ SESSION ] INIT array (
  'id' => '',
  'var_session_id' => '',
  'prefix' => 'think',
  'type' => '',
  'auto_start' => true,
)
[ info ] [ DB ] INIT mysql
[ info ] [ RUN ] app\admin\controller\Deposit->index[ F:\www\bank.cn\app\admin\controller\Deposit.php ]
[ info ] [ VIEW ] F:\www\bank.cn/app/admin\view\deposit\index.html [ array (
  0 => 'nodes',
  1 => 'info',
  2 => 'client',
  3 => 'title1',
  4 => 'title2',
  5 => 'controller',
) ]
[ info ] [ LOG ] INIT File
[ sql ] [ DB ] CONNECT:[ UseTime:0.000000s ] mysql:dbname=bank;host=127.0.0.1;charset=utf8
[ sql ] [ SQL ] SHOW COLUMNS FROM `ym_rbac_role` [ RunTime:0.000000s ]
[ sql ] [ SQL ] SELECT * FROM `ym_rbac_role` WHERE  `id` = 13 LIMIT 1 [ RunTime:0.000000s ]
[ sql ] [ SQL ] SHOW COLUMNS FROM `ym_rbac_access` [ RunTime:0.015601s ]
[ sql ] [ SQL ] SELECT `a`.*,`b`.* FROM `ym_rbac_access` `a` INNER JOIN `ym_rbac_node` `b` ON `b`.`id`=`a`.`node_id` WHERE  (  a.role_id = 13 ) ORDER BY `b`.`id`  asc [ RunTime:0.000000s ]
[ sql ] [ SQL ] SELECT `b`.`name` FROM `ym_rbac_access` `a` INNER JOIN `ym_rbac_node` `b` ON `b`.`id`=`a`.`node_id` [ RunTime:0.000000s ]
[ sql ] [ SQL ] SELECT `b`.`name` FROM `ym_rbac_access` `a` INNER JOIN `ym_rbac_node` `b` ON `b`.`id`=`a`.`node_id` WHERE  (  a.role_id = 13 ) [ RunTime:0.000000s ]
[ sql ] [ SQL ] SHOW COLUMNS FROM `ym_deposit` [ RunTime:0.015600s ]
[ sql ] [ SQL ] SELECT `d`.*,`c`.`name`,`c`.`card_number`,`u`.`real_name`,`bk`.`bankname` FROM `ym_deposit` `d` INNER JOIN `ym_client` `c` ON `d`.`client_id`=`c`.`id` INNER JOIN `ym_rbac_user` `u` ON `d`.`lancun_worker`=`u`.`id` INNER JOIN `ym_bank` `bk` ON `d`.`bank_id`=`bk`.`id` WHERE  `d`.`is_del` = 0  AND `d`.`client_id` = '172' [ RunTime:0.000000s ]
---------------------------------------------------------------
[ 2017-07-27T13:17:03+08:00 ] 76.36.0.8 76.36.0.60 GET /admin/creditloan/index/client_id/172.html
[ info ] 76.36.0.8/admin/creditloan/index/client_id/172.html [运行时间：0.062400s][吞吐率：16.03req/s] [内存消耗：2,613.16kb] [文件加载：54]
[ info ] [ LANG ] F:\www\bank.cn\thinkphp\lang\zh-cn.php
[ info ] [ ROUTE ] array (
  'type' => 'module',
  'module' => 
  array (
    0 => 'admin',
    1 => 'creditloan',
    2 => 'index',
  ),
)
[ info ] [ HEADER ] array (
  'accept' => 'application/x-ms-application, image/jpeg, application/xaml+xml, image/gif, image/pjpeg, application/x-ms-xbap, */*',
  'referer' => 'http://76.36.0.8/admin/deposit/index/client_id/172.html',
  'accept-language' => 'zh-CN',
  'user-agent' => 'Mozilla/4.0 (compatible; MSIE 7.0; Windows NT 6.1; WOW64; Trident/4.0; SLCC2; .NET CLR 2.0.50727; .NET CLR 3.5.30729; .NET CLR 3.0.30729)',
  'accept-encoding' => 'gzip, deflate',
  'host' => '76.36.0.8',
  'connection' => 'Keep-Alive',
  'cookie' => 'PHPSESSID=5iivtb77u3udbr1k0gbbrqujg0',
)
[ info ] [ PARAM ] array (
  'client_id' => '172',
)
[ info ] [ SESSION ] INIT array (
  'id' => '',
  'var_session_id' => '',
  'prefix' => 'think',
  'type' => '',
  'auto_start' => true,
)
[ info ] [ DB ] INIT mysql
[ info ] [ RUN ] app\admin\controller\Creditloan->index[ F:\www\bank.cn\app\admin\controller\Creditloan.php ]
[ info ] [ VIEW ] F:\www\bank.cn/app/admin\view\creditloan\index.html [ array (
  0 => 'nodes',
  1 => 'incredit',
  2 => 'client',
  3 => 'controller',
  4 => 'title1',
  5 => 'title2',
) ]
[ info ] [ LOG ] INIT File
[ sql ] [ DB ] CONNECT:[ UseTime:0.000000s ] mysql:dbname=bank;host=127.0.0.1;charset=utf8
[ sql ] [ SQL ] SHOW COLUMNS FROM `ym_rbac_role` [ RunTime:0.000000s ]
[ sql ] [ SQL ] SELECT * FROM `ym_rbac_role` WHERE  `id` = 13 LIMIT 1 [ RunTime:0.000000s ]
[ sql ] [ SQL ] SHOW COLUMNS FROM `ym_rbac_access` [ RunTime:0.000000s ]
[ sql ] [ SQL ] SELECT `a`.*,`b`.* FROM `ym_rbac_access` `a` INNER JOIN `ym_rbac_node` `b` ON `b`.`id`=`a`.`node_id` WHERE  (  a.role_id = 13 ) ORDER BY `b`.`id`  asc [ RunTime:0.000000s ]
[ sql ] [ SQL ] SELECT `b`.`name` FROM `ym_rbac_access` `a` INNER JOIN `ym_rbac_node` `b` ON `b`.`id`=`a`.`node_id` [ RunTime:0.015600s ]
[ sql ] [ SQL ] SELECT `b`.`name` FROM `ym_rbac_access` `a` INNER JOIN `ym_rbac_node` `b` ON `b`.`id`=`a`.`node_id` WHERE  (  a.role_id = 13 ) [ RunTime:0.000000s ]
[ sql ] [ SQL ] SHOW COLUMNS FROM `ym_intable_credit` [ RunTime:0.000000s ]
[ sql ] [ SQL ] SELECT * FROM `ym_intable_credit` WHERE  `client_id` = 172 [ RunTime:0.000000s ]
---------------------------------------------------------------
[ 2017-07-27T13:17:04+08:00 ] 76.36.0.8 76.36.0.60 GET /admin/familymember/index/client_id/172.html
[ info ] 76.36.0.8/admin/familymember/index/client_id/172.html [运行时间：0.109200s][吞吐率：9.16req/s] [内存消耗：2,813.17kb] [文件加载：56]
[ info ] [ LANG ] F:\www\bank.cn\thinkphp\lang\zh-cn.php
[ info ] [ ROUTE ] array (
  'type' => 'module',
  'module' => 
  array (
    0 => 'admin',
    1 => 'familymember',
    2 => 'index',
  ),
)
[ info ] [ HEADER ] array (
  'accept' => 'application/x-ms-application, image/jpeg, application/xaml+xml, image/gif, image/pjpeg, application/x-ms-xbap, */*',
  'referer' => 'http://76.36.0.8/admin/creditloan/index/client_id/172.html',
  'accept-language' => 'zh-CN',
  'user-agent' => 'Mozilla/4.0 (compatible; MSIE 7.0; Windows NT 6.1; WOW64; Trident/4.0; SLCC2; .NET CLR 2.0.50727; .NET CLR 3.5.30729; .NET CLR 3.0.30729)',
  'accept-encoding' => 'gzip, deflate',
  'host' => '76.36.0.8',
  'connection' => 'Keep-Alive',
  'cookie' => 'PHPSESSID=5iivtb77u3udbr1k0gbbrqujg0',
)
[ info ] [ PARAM ] array (
  'client_id' => '172',
)
[ info ] [ SESSION ] INIT array (
  'id' => '',
  'var_session_id' => '',
  'prefix' => 'think',
  'type' => '',
  'auto_start' => true,
)
[ info ] [ DB ] INIT mysql
[ info ] [ RUN ] app\admin\controller\Familymember->index[ F:\www\bank.cn\app\admin\controller\Familymember.php ]
[ info ] [ VIEW ] F:\www\bank.cn/app/admin\view\familymember\index.html [ array (
  0 => 'nodes',
  1 => 'info',
  2 => 'spouse_info',
  3 => 'client',
  4 => 'title1',
  5 => 'title2',
  6 => 'controller',
) ]
[ info ] [ LOG ] INIT File
[ sql ] [ DB ] CONNECT:[ UseTime:0.000000s ] mysql:dbname=bank;host=127.0.0.1;charset=utf8
[ sql ] [ SQL ] SHOW COLUMNS FROM `ym_rbac_role` [ RunTime:0.000000s ]
[ sql ] [ SQL ] SELECT * FROM `ym_rbac_role` WHERE  `id` = 13 LIMIT 1 [ RunTime:0.000000s ]
[ sql ] [ SQL ] SHOW COLUMNS FROM `ym_rbac_access` [ RunTime:0.015600s ]
[ sql ] [ SQL ] SELECT `a`.*,`b`.* FROM `ym_rbac_access` `a` INNER JOIN `ym_rbac_node` `b` ON `b`.`id`=`a`.`node_id` WHERE  (  a.role_id = 13 ) ORDER BY `b`.`id`  asc [ RunTime:0.000000s ]
[ sql ] [ SQL ] SELECT `b`.`name` FROM `ym_rbac_access` `a` INNER JOIN `ym_rbac_node` `b` ON `b`.`id`=`a`.`node_id` [ RunTime:0.000000s ]
[ sql ] [ SQL ] SELECT `b`.`name` FROM `ym_rbac_access` `a` INNER JOIN `ym_rbac_node` `b` ON `b`.`id`=`a`.`node_id` WHERE  (  a.role_id = 13 ) [ RunTime:0.000000s ]
[ sql ] [ SQL ] SHOW COLUMNS FROM `ym_family_member` [ RunTime:0.000000s ]
[ sql ] [ SQL ] SELECT `m`.*,u.real_name builder FROM `ym_family_member` `m` LEFT JOIN `ym_rbac_user` `u` ON `u`.`id`=`m`.`user_id` WHERE  `m`.`is_del` = 0  AND `m`.`client_id` = '172' [ RunTime:0.000000s ]
[ sql ] [ SQL ] SHOW COLUMNS FROM `ym_spouse` [ RunTime:0.031200s ]
[ sql ] [ SQL ] SELECT * FROM `ym_spouse` WHERE  `is_del` = 0  AND `client_id` = 172 [ RunTime:0.000000s ]
---------------------------------------------------------------
[ 2017-07-27T13:17:13+08:00 ] 76.36.0.8 76.36.0.60 GET /admin/Visitrecord/show
[ info ] 76.36.0.8/admin/Visitrecord/show [运行时间：0.140400s][吞吐率：7.12req/s] [内存消耗：3,002.68kb] [文件加载：59]
[ info ] [ LANG ] F:\www\bank.cn\thinkphp\lang\zh-cn.php
[ info ] [ ROUTE ] array (
  'type' => 'module',
  'module' => 
  array (
    0 => 'admin',
    1 => 'Visitrecord',
    2 => 'show',
  ),
)
[ info ] [ HEADER ] array (
  'accept' => 'application/x-ms-application, image/jpeg, application/xaml+xml, image/gif, image/pjpeg, application/x-ms-xbap, */*',
  'referer' => 'http://76.36.0.8/admin/familymember/index/client_id/172.html',
  'accept-language' => 'zh-CN',
  'user-agent' => 'Mozilla/4.0 (compatible; MSIE 7.0; Windows NT 6.1; WOW64; Trident/4.0; SLCC2; .NET CLR 2.0.50727; .NET CLR 3.5.30729; .NET CLR 3.0.30729)',
  'accept-encoding' => 'gzip, deflate',
  'host' => '76.36.0.8',
  'connection' => 'Keep-Alive',
  'cookie' => 'PHPSESSID=5iivtb77u3udbr1k0gbbrqujg0',
)
[ info ] [ PARAM ] array (
)
[ info ] [ SESSION ] INIT array (
  'id' => '',
  'var_session_id' => '',
  'prefix' => 'think',
  'type' => '',
  'auto_start' => true,
)
[ info ] [ DB ] INIT mysql
[ info ] [ RUN ] app\admin\controller\Visitrecord->show[ F:\www\bank.cn\app\admin\controller\Visitrecord.php ]
[ info ] [ VIEW ] F:\www\bank.cn/app/admin\view\visitrecord\show.html [ array (
  0 => 'nodes',
  1 => 'page',
  2 => 'info',
) ]
[ info ] [ LOG ] INIT File
[ sql ] [ DB ] CONNECT:[ UseTime:0.000000s ] mysql:dbname=bank;host=127.0.0.1;charset=utf8
[ sql ] [ SQL ] SHOW COLUMNS FROM `ym_rbac_role` [ RunTime:0.015600s ]
[ sql ] [ SQL ] SELECT * FROM `ym_rbac_role` WHERE  `id` = 13 LIMIT 1 [ RunTime:0.000000s ]
[ sql ] [ SQL ] SHOW COLUMNS FROM `ym_rbac_access` [ RunTime:0.000000s ]
[ sql ] [ SQL ] SELECT `a`.*,`b`.* FROM `ym_rbac_access` `a` INNER JOIN `ym_rbac_node` `b` ON `b`.`id`=`a`.`node_id` WHERE  (  a.role_id = 13 ) ORDER BY `b`.`id`  asc [ RunTime:0.000000s ]
[ sql ] [ SQL ] SELECT `b`.`name` FROM `ym_rbac_access` `a` INNER JOIN `ym_rbac_node` `b` ON `b`.`id`=`a`.`node_id` [ RunTime:0.000000s ]
[ sql ] [ SQL ] SELECT `b`.`name` FROM `ym_rbac_access` `a` INNER JOIN `ym_rbac_node` `b` ON `b`.`id`=`a`.`node_id` WHERE  (  a.role_id = 13 ) [ RunTime:0.000000s ]
[ sql ] [ SQL ] SHOW COLUMNS FROM `ym_client` [ RunTime:0.015600s ]
[ sql ] [ SQL ] SELECT DISTINCT  COUNT(*) AS tp_count FROM `ym_client` `c` LEFT JOIN `ym_base_msg` `b` ON `b`.`client_id`=`c`.`id` WHERE  (   c.is_del=0 and c.belong_user_id= 6 ) LIMIT 1 [ RunTime:0.000000s ]
[ sql ] [ SQL ] SELECT DISTINCT  `c`.`id`,`c`.`name`,`c`.`card_number`,`c`.`client_grade`,`b`.`current_address`,`b`.`tel_number` FROM `ym_client` `c` LEFT JOIN `ym_base_msg` `b` ON `b`.`client_id`=`c`.`id` WHERE  (   c.is_del=0 and c.belong_user_id= 6 ) ORDER BY c.id desc LIMIT 0,10 [ RunTime:0.000000s ]
[ sql ] [ SQL ] SHOW COLUMNS FROM `ym_area` [ RunTime:0.015600s ]
[ sql ] [ SQL ] SELECT * FROM `ym_area` WHERE  `pid_code` = '1' [ RunTime:0.000000s ]
[ sql ] [ SQL ] SHOW COLUMNS FROM `ym_dataconfig` [ RunTime:0.015600s ]
[ sql ] [ SQL ] SELECT `value` FROM `ym_dataconfig` WHERE  `code` = 'client_grade' LIMIT 1 [ RunTime:0.000000s ]
[ sql ] [ SQL ] SELECT `value` FROM `ym_dataconfig` WHERE  `code` = 'client_grade' LIMIT 1 [ RunTime:0.000000s ]
[ sql ] [ SQL ] SELECT `value` FROM `ym_dataconfig` WHERE  `code` = 'client_grade' LIMIT 1 [ RunTime:0.000000s ]
[ sql ] [ SQL ] SELECT `value` FROM `ym_dataconfig` WHERE  `code` = 'client_grade' LIMIT 1 [ RunTime:0.000000s ]
[ sql ] [ SQL ] SELECT `value` FROM `ym_dataconfig` WHERE  `code` = 'client_grade' LIMIT 1 [ RunTime:0.000000s ]
[ sql ] [ SQL ] SELECT `value` FROM `ym_dataconfig` WHERE  `code` = 'client_grade' LIMIT 1 [ RunTime:0.000000s ]
[ sql ] [ SQL ] SELECT `value` FROM `ym_dataconfig` WHERE  `code` = 'client_grade' LIMIT 1 [ RunTime:0.000000s ]
[ sql ] [ SQL ] SELECT `value` FROM `ym_dataconfig` WHERE  `code` = 'client_grade' LIMIT 1 [ RunTime:0.000000s ]
---------------------------------------------------------------
[ 2017-07-27T13:17:15+08:00 ] 76.36.0.8 76.36.0.60 GET /admin/client/clientdetail/client_id/130.html
[ info ] 76.36.0.8/admin/client/clientdetail/client_id/130.html [运行时间：0.093601s][吞吐率：10.68req/s] [内存消耗：2,771.75kb] [文件加载：54]
[ info ] [ LANG ] F:\www\bank.cn\thinkphp\lang\zh-cn.php
[ info ] [ ROUTE ] array (
  'type' => 'module',
  'module' => 
  array (
    0 => 'admin',
    1 => 'client',
    2 => 'clientdetail',
  ),
)
[ info ] [ HEADER ] array (
  'accept' => 'application/x-ms-application, image/jpeg, application/xaml+xml, image/gif, image/pjpeg, application/x-ms-xbap, */*',
  'referer' => 'http://76.36.0.8/admin/Visitrecord/show',
  'accept-language' => 'zh-CN',
  'user-agent' => 'Mozilla/4.0 (compatible; MSIE 7.0; Windows NT 6.1; WOW64; Trident/4.0; SLCC2; .NET CLR 2.0.50727; .NET CLR 3.5.30729; .NET CLR 3.0.30729)',
  'accept-encoding' => 'gzip, deflate',
  'host' => '76.36.0.8',
  'connection' => 'Keep-Alive',
  'cookie' => 'PHPSESSID=5iivtb77u3udbr1k0gbbrqujg0',
)
[ info ] [ PARAM ] array (
  'client_id' => '130',
)
[ info ] [ SESSION ] INIT array (
  'id' => '',
  'var_session_id' => '',
  'prefix' => 'think',
  'type' => '',
  'auto_start' => true,
)
[ info ] [ DB ] INIT mysql
[ info ] [ RUN ] app\admin\controller\Client->clientdetail[ F:\www\bank.cn\app\admin\controller\Client.php ]
[ info ] [ VIEW ] F:\www\bank.cn/app/admin\view\client\clientdetail.html [ array (
  0 => 'nodes',
  1 => 'other',
  2 => 'base',
  3 => 'areamsg',
  4 => 'hs',
  5 => 'client',
  6 => 'title1',
  7 => 'title2',
  8 => 'controller',
) ]
[ info ] [ LOG ] INIT File
[ sql ] [ DB ] CONNECT:[ UseTime:0.000000s ] mysql:dbname=bank;host=127.0.0.1;charset=utf8
[ sql ] [ SQL ] SHOW COLUMNS FROM `ym_rbac_role` [ RunTime:0.015600s ]
[ sql ] [ SQL ] SELECT * FROM `ym_rbac_role` WHERE  `id` = 13 LIMIT 1 [ RunTime:0.000000s ]
[ sql ] [ SQL ] SHOW COLUMNS FROM `ym_rbac_access` [ RunTime:0.000000s ]
[ sql ] [ SQL ] SELECT `a`.*,`b`.* FROM `ym_rbac_access` `a` INNER JOIN `ym_rbac_node` `b` ON `b`.`id`=`a`.`node_id` WHERE  (  a.role_id = 13 ) ORDER BY `b`.`id`  asc [ RunTime:0.000000s ]
[ sql ] [ SQL ] SELECT `b`.`name` FROM `ym_rbac_access` `a` INNER JOIN `ym_rbac_node` `b` ON `b`.`id`=`a`.`node_id` [ RunTime:0.000000s ]
[ sql ] [ SQL ] SHOW COLUMNS FROM `ym_client` [ RunTime:0.000000s ]
[ sql ] [ SQL ] SELECT `c`.*,`b`.`bankname` FROM `ym_client` `c` LEFT JOIN `ym_bank` `b` ON `c`.`belong_organization`=`b`.`id` WHERE  `c`.`id` = '130' [ RunTime:0.015600s ]
[ sql ] [ SQL ] SHOW COLUMNS FROM `ym_base_msg` [ RunTime:0.000000s ]
[ sql ] [ SQL ] SELECT * FROM `ym_base_msg` WHERE  `client_id` = 130 [ RunTime:0.000000s ]
[ sql ] [ SQL ] SHOW COLUMNS FROM `ym_other_message` [ RunTime:0.000000s ]
[ sql ] [ SQL ] SELECT * FROM `ym_other_message` WHERE  `client_id` = 130 [ RunTime:0.000000s ]
---------------------------------------------------------------
[ 2017-07-27T13:17:16+08:00 ] 76.36.0.8 76.36.0.60 GET /static/mapv2/images/navigation-control/geolocation-control/pc/bg-20x20.png
[ info ] 76.36.0.8/static/mapv2/images/navigation-control/geolocation-control/pc/bg-20x20.png [运行时间：0.031200s][吞吐率：32.05req/s] [内存消耗：1,459.52kb] [文件加载：39]
[ info ] [ LANG ] F:\www\bank.cn\thinkphp\lang\zh-cn.php
[ info ] [ ROUTE ] array (
  'type' => 'module',
  'module' => 
  array (
    0 => 'static',
    1 => 'mapv2',
    2 => 'images',
  ),
)
[ info ] [ HEADER ] array (
  'accept' => '*/*',
  'referer' => 'http://76.36.0.8/admin/client/clientdetail/client_id/130.html',
  'accept-language' => 'zh-CN',
  'user-agent' => 'Mozilla/4.0 (compatible; MSIE 7.0; Windows NT 6.1; WOW64; Trident/4.0; SLCC2; .NET CLR 2.0.50727; .NET CLR 3.5.30729; .NET CLR 3.0.30729)',
  'accept-encoding' => 'gzip, deflate',
  'host' => '76.36.0.8',
  'connection' => 'Keep-Alive',
  'cookie' => 'PHPSESSID=5iivtb77u3udbr1k0gbbrqujg0',
)
[ info ] [ PARAM ] array (
  'control' => 'geolocation-control',
  'pc' => 'bg-20x20.png',
)
[ info ] [ LOG ] INIT File
---------------------------------------------------------------
[ 2017-07-27T13:17:16+08:00 ] 76.36.0.8 76.36.0.60 GET /static/mapv2/images/navigation-control/geolocation-control/pc/success-10x10.png
[ info ] 76.36.0.8/static/mapv2/images/navigation-control/geolocation-control/pc/success-10x10.png [运行时间：0.046800s][吞吐率：21.37req/s] [内存消耗：1,459.57kb] [文件加载：39]
[ info ] [ LANG ] F:\www\bank.cn\thinkphp\lang\zh-cn.php
[ info ] [ ROUTE ] array (
  'type' => 'module',
  'module' => 
  array (
    0 => 'static',
    1 => 'mapv2',
    2 => 'images',
  ),
)
[ info ] [ HEADER ] array (
  'accept' => '*/*',
  'referer' => 'http://76.36.0.8/admin/client/clientdetail/client_id/130.html',
  'accept-language' => 'zh-CN',
  'user-agent' => 'Mozilla/4.0 (compatible; MSIE 7.0; Windows NT 6.1; WOW64; Trident/4.0; SLCC2; .NET CLR 2.0.50727; .NET CLR 3.5.30729; .NET CLR 3.0.30729)',
  'accept-encoding' => 'gzip, deflate',
  'host' => '76.36.0.8',
  'connection' => 'Keep-Alive',
  'cookie' => 'PHPSESSID=5iivtb77u3udbr1k0gbbrqujg0',
)
[ info ] [ PARAM ] array (
  'control' => 'geolocation-control',
  'pc' => 'success-10x10.png',
)
[ info ] [ LOG ] INIT File
---------------------------------------------------------------
[ 2017-07-27T13:17:22+08:00 ] 76.36.0.8 76.36.0.60 GET /admin/basemsg/edit/client_id/130.html
[ info ] 76.36.0.8/admin/basemsg/edit/client_id/130.html [运行时间：0.140400s][吞吐率：7.12req/s] [内存消耗：3,272.58kb] [文件加载：58]
[ info ] [ LANG ] F:\www\bank.cn\thinkphp\lang\zh-cn.php
[ info ] [ ROUTE ] array (
  'type' => 'module',
  'module' => 
  array (
    0 => 'admin',
    1 => 'basemsg',
    2 => 'edit',
  ),
)
[ info ] [ HEADER ] array (
  'accept' => 'application/x-ms-application, image/jpeg, application/xaml+xml, image/gif, image/pjpeg, application/x-ms-xbap, */*',
  'referer' => 'http://76.36.0.8/admin/client/clientdetail/client_id/130.html',
  'accept-language' => 'zh-CN',
  'user-agent' => 'Mozilla/4.0 (compatible; MSIE 7.0; Windows NT 6.1; WOW64; Trident/4.0; SLCC2; .NET CLR 2.0.50727; .NET CLR 3.5.30729; .NET CLR 3.0.30729)',
  'accept-encoding' => 'gzip, deflate',
  'host' => '76.36.0.8',
  'connection' => 'Keep-Alive',
  'cookie' => 'PHPSESSID=5iivtb77u3udbr1k0gbbrqujg0',
)
[ info ] [ PARAM ] array (
  'client_id' => '130',
)
[ info ] [ SESSION ] INIT array (
  'id' => '',
  'var_session_id' => '',
  'prefix' => 'think',
  'type' => '',
  'auto_start' => true,
)
[ info ] [ DB ] INIT mysql
[ info ] [ RUN ] app\admin\controller\Basemsg->edit[ F:\www\bank.cn\app\admin\controller\Basemsg.php ]
[ info ] [ VIEW ] F:\www\bank.cn/app/admin\view\basemsg\add.html [ array (
  0 => 'nodes',
  1 => 'grid',
  2 => 'client_id',
  3 => 'province',
  4 => 'city',
  5 => 'area',
  6 => 'gridnow',
  7 => 'base',
  8 => 'hs',
) ]
[ info ] [ LOG ] INIT File
[ sql ] [ DB ] CONNECT:[ UseTime:0.000000s ] mysql:dbname=bank;host=127.0.0.1;charset=utf8
[ sql ] [ SQL ] SHOW COLUMNS FROM `ym_rbac_role` [ RunTime:0.000000s ]
[ sql ] [ SQL ] SELECT * FROM `ym_rbac_role` WHERE  `id` = 13 LIMIT 1 [ RunTime:0.000000s ]
[ sql ] [ SQL ] SHOW COLUMNS FROM `ym_rbac_access` [ RunTime:0.015600s ]
[ sql ] [ SQL ] SELECT `a`.*,`b`.* FROM `ym_rbac_access` `a` INNER JOIN `ym_rbac_node` `b` ON `b`.`id`=`a`.`node_id` WHERE  (  a.role_id = 13 ) ORDER BY `b`.`id`  asc [ RunTime:0.000000s ]
[ sql ] [ SQL ] SELECT `b`.`name` FROM `ym_rbac_access` `a` INNER JOIN `ym_rbac_node` `b` ON `b`.`id`=`a`.`node_id` [ RunTime:0.000000s ]
[ sql ] [ SQL ] SHOW COLUMNS FROM `ym_base_msg` [ RunTime:0.000000s ]
[ sql ] [ SQL ] SELECT * FROM `ym_base_msg` WHERE  `is_del` = 0  AND `client_id` = 130 LIMIT 1 [ RunTime:0.000000s ]
[ sql ] [ SQL ] SHOW COLUMNS FROM `ym_area` [ RunTime:0.000000s ]
[ sql ] [ SQL ] SELECT * FROM `ym_area` WHERE  `code` = null LIMIT 1 [ RunTime:0.015600s ]
[ sql ] [ SQL ] SELECT * FROM `ym_area` WHERE  `code` = null LIMIT 1 [ RunTime:0.000000s ]
[ sql ] [ SQL ] SELECT * FROM `ym_area` WHERE  `code` = null LIMIT 1 [ RunTime:0.000000s ]
[ sql ] [ SQL ] SHOW COLUMNS FROM `ym_grid` [ RunTime:0.000000s ]
[ sql ] [ SQL ] SELECT * FROM `ym_grid` WHERE  `id` = null LIMIT 1 [ RunTime:0.000000s ]
[ sql ] [ SQL ] SELECT `id`,`name`,`sort` FROM `ym_grid` [ RunTime:0.000000s ]
[ sql ] [ SQL ] SELECT * FROM `ym_area` WHERE  `pid_code` = '1' [ RunTime:0.000000s ]
---------------------------------------------------------------
[ 2017-07-27T13:17:31+08:00 ] 76.36.0.8 76.36.0.60 GET /admin/familymember/index/client_id/130.html
[ info ] 76.36.0.8/admin/familymember/index/client_id/130.html [运行时间：0.109200s][吞吐率：9.16req/s] [内存消耗：2,639.35kb] [文件加载：54]
[ info ] [ LANG ] F:\www\bank.cn\thinkphp\lang\zh-cn.php
[ info ] [ ROUTE ] array (
  'type' => 'module',
  'module' => 
  array (
    0 => 'admin',
    1 => 'familymember',
    2 => 'index',
  ),
)
[ info ] [ HEADER ] array (
  'accept' => 'application/x-ms-application, image/jpeg, application/xaml+xml, image/gif, image/pjpeg, application/x-ms-xbap, */*',
  'referer' => 'http://76.36.0.8/admin/client/clientdetail/client_id/130.html',
  'accept-language' => 'zh-CN',
  'user-agent' => 'Mozilla/4.0 (compatible; MSIE 7.0; Windows NT 6.1; WOW64; Trident/4.0; SLCC2; .NET CLR 2.0.50727; .NET CLR 3.5.30729; .NET CLR 3.0.30729)',
  'accept-encoding' => 'gzip, deflate',
  'host' => '76.36.0.8',
  'connection' => 'Keep-Alive',
  'cookie' => 'PHPSESSID=5iivtb77u3udbr1k0gbbrqujg0',
)
[ info ] [ PARAM ] array (
  'client_id' => '130',
)
[ info ] [ SESSION ] INIT array (
  'id' => '',
  'var_session_id' => '',
  'prefix' => 'think',
  'type' => '',
  'auto_start' => true,
)
[ info ] [ DB ] INIT mysql
[ info ] [ RUN ] app\admin\controller\Familymember->index[ F:\www\bank.cn\app\admin\controller\Familymember.php ]
[ info ] [ VIEW ] F:\www\bank.cn/app/admin\view\familymember\index.html [ array (
  0 => 'nodes',
  1 => 'info',
  2 => 'spouse_info',
  3 => 'client',
  4 => 'title1',
  5 => 'title2',
  6 => 'controller',
) ]
[ info ] [ LOG ] INIT File
[ sql ] [ DB ] CONNECT:[ UseTime:0.000000s ] mysql:dbname=bank;host=127.0.0.1;charset=utf8
[ sql ] [ SQL ] SHOW COLUMNS FROM `ym_rbac_role` [ RunTime:0.015600s ]
[ sql ] [ SQL ] SELECT * FROM `ym_rbac_role` WHERE  `id` = 13 LIMIT 1 [ RunTime:0.000000s ]
[ sql ] [ SQL ] SHOW COLUMNS FROM `ym_rbac_access` [ RunTime:0.000000s ]
[ sql ] [ SQL ] SELECT `a`.*,`b`.* FROM `ym_rbac_access` `a` INNER JOIN `ym_rbac_node` `b` ON `b`.`id`=`a`.`node_id` WHERE  (  a.role_id = 13 ) ORDER BY `b`.`id`  asc [ RunTime:0.000000s ]
[ sql ] [ SQL ] SELECT `b`.`name` FROM `ym_rbac_access` `a` INNER JOIN `ym_rbac_node` `b` ON `b`.`id`=`a`.`node_id` [ RunTime:0.000000s ]
[ sql ] [ SQL ] SELECT `b`.`name` FROM `ym_rbac_access` `a` INNER JOIN `ym_rbac_node` `b` ON `b`.`id`=`a`.`node_id` WHERE  (  a.role_id = 13 ) [ RunTime:0.000000s ]
[ sql ] [ SQL ] SHOW COLUMNS FROM `ym_family_member` [ RunTime:0.015600s ]
[ sql ] [ SQL ] SELECT `m`.*,u.real_name builder FROM `ym_family_member` `m` LEFT JOIN `ym_rbac_user` `u` ON `u`.`id`=`m`.`user_id` WHERE  `m`.`is_del` = 0  AND `m`.`client_id` = '130' [ RunTime:0.000000s ]
[ sql ] [ SQL ] SHOW COLUMNS FROM `ym_spouse` [ RunTime:0.000000s ]
[ sql ] [ SQL ] SELECT * FROM `ym_spouse` WHERE  `is_del` = 0  AND `client_id` = 130 [ RunTime:0.000000s ]
---------------------------------------------------------------
[ 2017-07-27T13:17:32+08:00 ] 76.36.0.8 76.36.0.60 GET /admin/sign/index/client_id/130.html
[ info ] 76.36.0.8/admin/sign/index/client_id/130.html [运行时间：0.078000s][吞吐率：12.82req/s] [内存消耗：2,785.94kb] [文件加载：56]
[ info ] [ LANG ] F:\www\bank.cn\thinkphp\lang\zh-cn.php
[ info ] [ ROUTE ] array (
  'type' => 'module',
  'module' => 
  array (
    0 => 'admin',
    1 => 'sign',
    2 => 'index',
  ),
)
[ info ] [ HEADER ] array (
  'accept' => 'application/x-ms-application, image/jpeg, application/xaml+xml, image/gif, image/pjpeg, application/x-ms-xbap, */*',
  'referer' => 'http://76.36.0.8/admin/familymember/index/client_id/130.html',
  'accept-language' => 'zh-CN',
  'user-agent' => 'Mozilla/4.0 (compatible; MSIE 7.0; Windows NT 6.1; WOW64; Trident/4.0; SLCC2; .NET CLR 2.0.50727; .NET CLR 3.5.30729; .NET CLR 3.0.30729)',
  'accept-encoding' => 'gzip, deflate',
  'host' => '76.36.0.8',
  'connection' => 'Keep-Alive',
  'cookie' => 'PHPSESSID=5iivtb77u3udbr1k0gbbrqujg0',
)
[ info ] [ PARAM ] array (
  'client_id' => '130',
)
[ info ] [ SESSION ] INIT array (
  'id' => '',
  'var_session_id' => '',
  'prefix' => 'think',
  'type' => '',
  'auto_start' => true,
)
[ info ] [ DB ] INIT mysql
[ info ] [ RUN ] app\admin\controller\Sign->index[ F:\www\bank.cn\app\admin\controller\Sign.php ]
[ info ] [ VIEW ] F:\www\bank.cn/app/admin\view\sign\index.html [ array (
  0 => 'nodes',
  1 => 'sign',
  2 => 'client',
  3 => 'title1',
  4 => 'title2',
  5 => 'controller',
) ]
[ info ] [ LOG ] INIT File
[ sql ] [ DB ] CONNECT:[ UseTime:0.000000s ] mysql:dbname=bank;host=127.0.0.1;charset=utf8
[ sql ] [ SQL ] SHOW COLUMNS FROM `ym_rbac_role` [ RunTime:0.000000s ]
[ sql ] [ SQL ] SELECT * FROM `ym_rbac_role` WHERE  `id` = 13 LIMIT 1 [ RunTime:0.000000s ]
[ sql ] [ SQL ] SHOW COLUMNS FROM `ym_rbac_access` [ RunTime:0.015600s ]
[ sql ] [ SQL ] SELECT `a`.*,`b`.* FROM `ym_rbac_access` `a` INNER JOIN `ym_rbac_node` `b` ON `b`.`id`=`a`.`node_id` WHERE  (  a.role_id = 13 ) ORDER BY `b`.`id`  asc [ RunTime:0.000000s ]
[ sql ] [ SQL ] SELECT `b`.`name` FROM `ym_rbac_access` `a` INNER JOIN `ym_rbac_node` `b` ON `b`.`id`=`a`.`node_id` [ RunTime:0.000000s ]
[ sql ] [ SQL ] SELECT `b`.`name` FROM `ym_rbac_access` `a` INNER JOIN `ym_rbac_node` `b` ON `b`.`id`=`a`.`node_id` WHERE  (  a.role_id = 13 ) [ RunTime:0.000000s ]
[ sql ] [ SQL ] SHOW COLUMNS FROM `ym_sign` [ RunTime:0.000000s ]
[ sql ] [ SQL ] SELECT `s`.*,`b`.`bankname` FROM `ym_sign` `s` LEFT JOIN `ym_bank` `b` ON `s`.`sign_website_number`=`b`.`id` WHERE  `s`.`is_del` = 0  AND `s`.`client_id` = '130' [ RunTime:0.015600s ]
---------------------------------------------------------------
[ 2017-07-27T13:17:33+08:00 ] 76.36.0.8 76.36.0.60 GET /admin/creditloan/index/client_id/130.html
[ info ] 76.36.0.8/admin/creditloan/index/client_id/130.html [运行时间：0.078000s][吞吐率：12.82req/s] [内存消耗：2,613.25kb] [文件加载：54]
[ info ] [ LANG ] F:\www\bank.cn\thinkphp\lang\zh-cn.php
[ info ] [ ROUTE ] array (
  'type' => 'module',
  'module' => 
  array (
    0 => 'admin',
    1 => 'creditloan',
    2 => 'index',
  ),
)
[ info ] [ HEADER ] array (
  'accept' => 'application/x-ms-application, image/jpeg, application/xaml+xml, image/gif, image/pjpeg, application/x-ms-xbap, */*',
  'referer' => 'http://76.36.0.8/admin/sign/index/client_id/130.html',
  'accept-language' => 'zh-CN',
  'user-agent' => 'Mozilla/4.0 (compatible; MSIE 7.0; Windows NT 6.1; WOW64; Trident/4.0; SLCC2; .NET CLR 2.0.50727; .NET CLR 3.5.30729; .NET CLR 3.0.30729)',
  'accept-encoding' => 'gzip, deflate',
  'host' => '76.36.0.8',
  'connection' => 'Keep-Alive',
  'cookie' => 'PHPSESSID=5iivtb77u3udbr1k0gbbrqujg0',
)
[ info ] [ PARAM ] array (
  'client_id' => '130',
)
[ info ] [ SESSION ] INIT array (
  'id' => '',
  'var_session_id' => '',
  'prefix' => 'think',
  'type' => '',
  'auto_start' => true,
)
[ info ] [ DB ] INIT mysql
[ info ] [ RUN ] app\admin\controller\Creditloan->index[ F:\www\bank.cn\app\admin\controller\Creditloan.php ]
[ info ] [ VIEW ] F:\www\bank.cn/app/admin\view\creditloan\index.html [ array (
  0 => 'nodes',
  1 => 'incredit',
  2 => 'client',
  3 => 'controller',
  4 => 'title1',
  5 => 'title2',
) ]
[ info ] [ LOG ] INIT File
[ sql ] [ DB ] CONNECT:[ UseTime:0.000000s ] mysql:dbname=bank;host=127.0.0.1;charset=utf8
[ sql ] [ SQL ] SHOW COLUMNS FROM `ym_rbac_role` [ RunTime:0.000000s ]
[ sql ] [ SQL ] SELECT * FROM `ym_rbac_role` WHERE  `id` = 13 LIMIT 1 [ RunTime:0.000000s ]
[ sql ] [ SQL ] SHOW COLUMNS FROM `ym_rbac_access` [ RunTime:0.000000s ]
[ sql ] [ SQL ] SELECT `a`.*,`b`.* FROM `ym_rbac_access` `a` INNER JOIN `ym_rbac_node` `b` ON `b`.`id`=`a`.`node_id` WHERE  (  a.role_id = 13 ) ORDER BY `b`.`id`  asc [ RunTime:0.000000s ]
[ sql ] [ SQL ] SELECT `b`.`name` FROM `ym_rbac_access` `a` INNER JOIN `ym_rbac_node` `b` ON `b`.`id`=`a`.`node_id` [ RunTime:0.000000s ]
[ sql ] [ SQL ] SELECT `b`.`name` FROM `ym_rbac_access` `a` INNER JOIN `ym_rbac_node` `b` ON `b`.`id`=`a`.`node_id` WHERE  (  a.role_id = 13 ) [ RunTime:0.000000s ]
[ sql ] [ SQL ] SHOW COLUMNS FROM `ym_intable_credit` [ RunTime:0.015600s ]
[ sql ] [ SQL ] SELECT * FROM `ym_intable_credit` WHERE  `client_id` = 130 [ RunTime:0.000000s ]
---------------------------------------------------------------
[ 2017-07-27T14:03:53+08:00 ] 76.36.0.8 76.36.0.60 GET /admin/credit/index/client_id/130.html
[ info ] 76.36.0.8/admin/credit/index/client_id/130.html [运行时间：0.093600s][吞吐率：10.68req/s] [内存消耗：2,789.63kb] [文件加载：56]
[ info ] [ LANG ] F:\www\bank.cn\thinkphp\lang\zh-cn.php
[ info ] [ ROUTE ] array (
  'type' => 'module',
  'module' => 
  array (
    0 => 'admin',
    1 => 'credit',
    2 => 'index',
  ),
)
[ info ] [ HEADER ] array (
  'accept' => 'application/x-ms-application, image/jpeg, application/xaml+xml, image/gif, image/pjpeg, application/x-ms-xbap, */*',
  'referer' => 'http://76.36.0.8/admin/creditloan/index/client_id/130.html',
  'accept-language' => 'zh-CN',
  'user-agent' => 'Mozilla/4.0 (compatible; MSIE 7.0; Windows NT 6.1; WOW64; Trident/4.0; SLCC2; .NET CLR 2.0.50727; .NET CLR 3.5.30729; .NET CLR 3.0.30729)',
  'accept-encoding' => 'gzip, deflate',
  'host' => '76.36.0.8',
  'connection' => 'Keep-Alive',
  'cookie' => 'PHPSESSID=5iivtb77u3udbr1k0gbbrqujg0',
)
[ info ] [ PARAM ] array (
  'client_id' => '130',
)
[ info ] [ SESSION ] INIT array (
  'id' => '',
  'var_session_id' => '',
  'prefix' => 'think',
  'type' => '',
  'auto_start' => true,
)
[ info ] [ DB ] INIT mysql
[ info ] [ RUN ] app\admin\controller\Credit->index[ F:\www\bank.cn\app\admin\controller\Credit.php ]
[ info ] [ VIEW ] F:\www\bank.cn/app/admin\view\credit\index.html [ array (
  0 => 'nodes',
  1 => 'credit',
  2 => 'client',
  3 => 'controller',
  4 => 'title1',
  5 => 'title2',
) ]
[ info ] [ LOG ] INIT File
[ sql ] [ DB ] CONNECT:[ UseTime:0.000000s ] mysql:dbname=bank;host=127.0.0.1;charset=utf8
[ sql ] [ SQL ] SHOW COLUMNS FROM `ym_rbac_role` [ RunTime:0.000000s ]
[ sql ] [ SQL ] SELECT * FROM `ym_rbac_role` WHERE  `id` = 13 LIMIT 1 [ RunTime:0.000000s ]
[ sql ] [ SQL ] SHOW COLUMNS FROM `ym_rbac_access` [ RunTime:0.000000s ]
[ sql ] [ SQL ] SELECT `a`.*,`b`.* FROM `ym_rbac_access` `a` INNER JOIN `ym_rbac_node` `b` ON `b`.`id`=`a`.`node_id` WHERE  (  a.role_id = 13 ) ORDER BY `b`.`id`  asc [ RunTime:0.000000s ]
[ sql ] [ SQL ] SELECT `b`.`name` FROM `ym_rbac_access` `a` INNER JOIN `ym_rbac_node` `b` ON `b`.`id`=`a`.`node_id` [ RunTime:0.000000s ]
[ sql ] [ SQL ] SELECT `b`.`name` FROM `ym_rbac_access` `a` INNER JOIN `ym_rbac_node` `b` ON `b`.`id`=`a`.`node_id` WHERE  (  a.role_id = 13 ) [ RunTime:0.000000s ]
[ sql ] [ SQL ] SHOW COLUMNS FROM `ym_credit_message` [ RunTime:0.015600s ]
[ sql ] [ SQL ] SELECT `c`.*,`b`.`bankname`,u.real_name manager FROM `ym_credit_message` `c` LEFT JOIN `ym_bank` `b` ON `c`.`use_organization`=`b`.`id` LEFT JOIN `ym_rbac_user` `u` ON `c`.`belong_user_id`=`u`.`id` WHERE  `c`.`is_del` = 0  AND `c`.`client_id` = '130' [ RunTime:0.000000s ]
---------------------------------------------------------------
[ 2017-07-27T14:04:49+08:00 ] 76.36.0.8 76.36.0.60 GET /admin/credit/index/client_id/130.html
[ info ] 76.36.0.8/admin/credit/index/client_id/130.html [运行时间：0.078000s][吞吐率：12.82req/s] [内存消耗：2,620.72kb] [文件加载：54]
[ info ] [ LANG ] F:\www\bank.cn\thinkphp\lang\zh-cn.php
[ info ] [ ROUTE ] array (
  'type' => 'module',
  'module' => 
  array (
    0 => 'admin',
    1 => 'credit',
    2 => 'index',
  ),
)
[ info ] [ HEADER ] array (
  'host' => '76.36.0.8',
  'connection' => 'keep-alive',
  'accept' => 'text/html,application/xhtml+xml,application/xml;q=0.9,image/webp,*/*;q=0.8',
  'user-agent' => 'Mozilla/5.0 (Windows NT 6.1; WOW64) AppleWebKit/537.36 (KHTML, like Gecko) Chrome/31.0.1650.63 Safari/537.36',
  'accept-encoding' => 'gzip,deflate,sdch',
  'accept-language' => 'zh-CN,zh;q=0.8',
  'cookie' => 'PHPSESSID=5iivtb77u3udbr1k0gbbrqujg0',
)
[ info ] [ PARAM ] array (
  'client_id' => '130',
)
[ info ] [ SESSION ] INIT array (
  'id' => '',
  'var_session_id' => '',
  'prefix' => 'think',
  'type' => '',
  'auto_start' => true,
)
[ info ] [ DB ] INIT mysql
[ info ] [ RUN ] app\admin\controller\Credit->index[ F:\www\bank.cn\app\admin\controller\Credit.php ]
[ info ] [ VIEW ] F:\www\bank.cn/app/admin\view\credit\index.html [ array (
  0 => 'nodes',
  1 => 'credit',
  2 => 'client',
  3 => 'controller',
  4 => 'title1',
  5 => 'title2',
) ]
[ info ] [ LOG ] INIT File
[ sql ] [ DB ] CONNECT:[ UseTime:0.000000s ] mysql:dbname=bank;host=127.0.0.1;charset=utf8
[ sql ] [ SQL ] SHOW COLUMNS FROM `ym_rbac_role` [ RunTime:0.015600s ]
[ sql ] [ SQL ] SELECT * FROM `ym_rbac_role` WHERE  `id` = 13 LIMIT 1 [ RunTime:0.000000s ]
[ sql ] [ SQL ] SHOW COLUMNS FROM `ym_rbac_access` [ RunTime:0.000000s ]
[ sql ] [ SQL ] SELECT `a`.*,`b`.* FROM `ym_rbac_access` `a` INNER JOIN `ym_rbac_node` `b` ON `b`.`id`=`a`.`node_id` WHERE  (  a.role_id = 13 ) ORDER BY `b`.`id`  asc [ RunTime:0.000000s ]
[ sql ] [ SQL ] SELECT `b`.`name` FROM `ym_rbac_access` `a` INNER JOIN `ym_rbac_node` `b` ON `b`.`id`=`a`.`node_id` [ RunTime:0.000000s ]
[ sql ] [ SQL ] SELECT `b`.`name` FROM `ym_rbac_access` `a` INNER JOIN `ym_rbac_node` `b` ON `b`.`id`=`a`.`node_id` WHERE  (  a.role_id = 13 ) [ RunTime:0.000000s ]
[ sql ] [ SQL ] SHOW COLUMNS FROM `ym_credit_message` [ RunTime:0.015600s ]
[ sql ] [ SQL ] SELECT `c`.*,`b`.`bankname`,u.real_name manager FROM `ym_credit_message` `c` LEFT JOIN `ym_bank` `b` ON `c`.`use_organization`=`b`.`id` LEFT JOIN `ym_rbac_user` `u` ON `c`.`belong_user_id`=`u`.`id` WHERE  `c`.`is_del` = 0  AND `c`.`client_id` = '130' [ RunTime:0.000000s ]
---------------------------------------------------------------
[ 2017-07-27T14:05:21+08:00 ] 76.36.0.8 76.36.0.60 GET /admin/credit/index/client_id/130.html
[ info ] 76.36.0.8/admin/credit/index/client_id/130.html [运行时间：0.078000s][吞吐率：12.82req/s] [内存消耗：2,620.72kb] [文件加载：54]
[ info ] [ LANG ] F:\www\bank.cn\thinkphp\lang\zh-cn.php
[ info ] [ ROUTE ] array (
  'type' => 'module',
  'module' => 
  array (
    0 => 'admin',
    1 => 'credit',
    2 => 'index',
  ),
)
[ info ] [ HEADER ] array (
  'host' => '76.36.0.8',
  'connection' => 'keep-alive',
  'accept' => 'text/html,application/xhtml+xml,application/xml;q=0.9,image/webp,*/*;q=0.8',
  'user-agent' => 'Mozilla/5.0 (Windows NT 6.1; WOW64) AppleWebKit/537.36 (KHTML, like Gecko) Chrome/31.0.1650.63 Safari/537.36',
  'accept-encoding' => 'gzip,deflate,sdch',
  'accept-language' => 'zh-CN,zh;q=0.8',
  'cookie' => 'PHPSESSID=5iivtb77u3udbr1k0gbbrqujg0',
)
[ info ] [ PARAM ] array (
  'client_id' => '130',
)
[ info ] [ SESSION ] INIT array (
  'id' => '',
  'var_session_id' => '',
  'prefix' => 'think',
  'type' => '',
  'auto_start' => true,
)
[ info ] [ DB ] INIT mysql
[ info ] [ RUN ] app\admin\controller\Credit->index[ F:\www\bank.cn\app\admin\controller\Credit.php ]
[ info ] [ VIEW ] F:\www\bank.cn/app/admin\view\credit\index.html [ array (
  0 => 'nodes',
  1 => 'credit',
  2 => 'client',
  3 => 'controller',
  4 => 'title1',
  5 => 'title2',
) ]
[ info ] [ LOG ] INIT File
[ sql ] [ DB ] CONNECT:[ UseTime:0.000000s ] mysql:dbname=bank;host=127.0.0.1;charset=utf8
[ sql ] [ SQL ] SHOW COLUMNS FROM `ym_rbac_role` [ RunTime:0.000000s ]
[ sql ] [ SQL ] SELECT * FROM `ym_rbac_role` WHERE  `id` = 13 LIMIT 1 [ RunTime:0.000000s ]
[ sql ] [ SQL ] SHOW COLUMNS FROM `ym_rbac_access` [ RunTime:0.015600s ]
[ sql ] [ SQL ] SELECT `a`.*,`b`.* FROM `ym_rbac_access` `a` INNER JOIN `ym_rbac_node` `b` ON `b`.`id`=`a`.`node_id` WHERE  (  a.role_id = 13 ) ORDER BY `b`.`id`  asc [ RunTime:0.000000s ]
[ sql ] [ SQL ] SELECT `b`.`name` FROM `ym_rbac_access` `a` INNER JOIN `ym_rbac_node` `b` ON `b`.`id`=`a`.`node_id` [ RunTime:0.000000s ]
[ sql ] [ SQL ] SELECT `b`.`name` FROM `ym_rbac_access` `a` INNER JOIN `ym_rbac_node` `b` ON `b`.`id`=`a`.`node_id` WHERE  (  a.role_id = 13 ) [ RunTime:0.000000s ]
[ sql ] [ SQL ] SHOW COLUMNS FROM `ym_credit_message` [ RunTime:0.000000s ]
[ sql ] [ SQL ] SELECT `c`.*,`b`.`bankname`,u.real_name manager FROM `ym_credit_message` `c` LEFT JOIN `ym_bank` `b` ON `c`.`use_organization`=`b`.`id` LEFT JOIN `ym_rbac_user` `u` ON `c`.`belong_user_id`=`u`.`id` WHERE  `c`.`is_del` = 0  AND `c`.`client_id` = '130' [ RunTime:0.000000s ]
---------------------------------------------------------------
[ 2017-07-27T14:07:41+08:00 ] 76.36.0.8 76.36.0.60 GET /static/lib/jquery/1.9.1/jquery.min.map
[ info ] 76.36.0.8/static/lib/jquery/1.9.1/jquery.min.map [运行时间：0.031200s][吞吐率：32.05req/s] [内存消耗：1,459.59kb] [文件加载：39]
[ info ] [ LANG ] F:\www\bank.cn\thinkphp\lang\zh-cn.php
[ info ] [ ROUTE ] array (
  'type' => 'module',
  'module' => 
  array (
    0 => 'static',
    1 => 'lib',
    2 => 'jquery',
  ),
)
[ info ] [ HEADER ] array (
  'host' => '76.36.0.8',
  'connection' => 'keep-alive',
  'cache-control' => 'max-age=0',
  'x-source-map-request-from' => 'inspector',
  'user-agent' => 'Mozilla/5.0 (Windows NT 6.1; WOW64) AppleWebKit/537.36 (KHTML, like Gecko) Chrome/31.0.1650.63 Safari/537.36',
  'accept' => '*/*',
  'referer' => 'http://76.36.0.8/admin/credit/index/client_id/130.html',
  'accept-encoding' => 'gzip,deflate,sdch',
  'accept-language' => 'zh-CN,zh;q=0.8',
  'cookie' => 'PHPSESSID=5iivtb77u3udbr1k0gbbrqujg0',
)
[ info ] [ PARAM ] array (
  0 => 'jquery.min.map',
)
[ info ] [ LOG ] INIT File
---------------------------------------------------------------
[ 2017-07-27T15:55:27+08:00 ] 76.36.0.8 76.36.0.60 GET /admin/credit/index/client_id/130.html
[ info ] 76.36.0.8/admin/credit/index/client_id/130.html [运行时间：0.078000s][吞吐率：12.82req/s] [内存消耗：2,621.01kb] [文件加载：54]
[ info ] [ LANG ] F:\www\bank.cn\thinkphp\lang\zh-cn.php
[ info ] [ ROUTE ] array (
  'type' => 'module',
  'module' => 
  array (
    0 => 'admin',
    1 => 'credit',
    2 => 'index',
  ),
)
[ info ] [ HEADER ] array (
  'host' => '76.36.0.8',
  'connection' => 'keep-alive',
  'cache-control' => 'max-age=0',
  'accept' => 'text/html,application/xhtml+xml,application/xml;q=0.9,image/webp,*/*;q=0.8',
  'user-agent' => 'Mozilla/5.0 (Windows NT 6.1; WOW64) AppleWebKit/537.36 (KHTML, like Gecko) Chrome/31.0.1650.63 Safari/537.36',
  'accept-encoding' => 'gzip,deflate,sdch',
  'accept-language' => 'zh-CN,zh;q=0.8',
  'cookie' => 'PHPSESSID=5iivtb77u3udbr1k0gbbrqujg0',
)
[ info ] [ PARAM ] array (
  'client_id' => '130',
)
[ info ] [ SESSION ] INIT array (
  'id' => '',
  'var_session_id' => '',
  'prefix' => 'think',
  'type' => '',
  'auto_start' => true,
)
[ info ] [ DB ] INIT mysql
[ info ] [ RUN ] app\admin\controller\Credit->index[ F:\www\bank.cn\app\admin\controller\Credit.php ]
[ info ] [ VIEW ] F:\www\bank.cn/app/admin\view\credit\index.html [ array (
  0 => 'nodes',
  1 => 'credit',
  2 => 'client',
  3 => 'controller',
  4 => 'title1',
  5 => 'title2',
) ]
[ info ] [ LOG ] INIT File
[ sql ] [ DB ] CONNECT:[ UseTime:0.000000s ] mysql:dbname=bank;host=127.0.0.1;charset=utf8
[ sql ] [ SQL ] SHOW COLUMNS FROM `ym_rbac_role` [ RunTime:0.015600s ]
[ sql ] [ SQL ] SELECT * FROM `ym_rbac_role` WHERE  `id` = 13 LIMIT 1 [ RunTime:0.000000s ]
[ sql ] [ SQL ] SHOW COLUMNS FROM `ym_rbac_access` [ RunTime:0.000000s ]
[ sql ] [ SQL ] SELECT `a`.*,`b`.* FROM `ym_rbac_access` `a` INNER JOIN `ym_rbac_node` `b` ON `b`.`id`=`a`.`node_id` WHERE  (  a.role_id = 13 ) ORDER BY `b`.`id`  asc [ RunTime:0.000000s ]
[ sql ] [ SQL ] SELECT `b`.`name` FROM `ym_rbac_access` `a` INNER JOIN `ym_rbac_node` `b` ON `b`.`id`=`a`.`node_id` [ RunTime:0.000000s ]
[ sql ] [ SQL ] SELECT `b`.`name` FROM `ym_rbac_access` `a` INNER JOIN `ym_rbac_node` `b` ON `b`.`id`=`a`.`node_id` WHERE  (  a.role_id = 13 ) [ RunTime:0.000000s ]
[ sql ] [ SQL ] SHOW COLUMNS FROM `ym_credit_message` [ RunTime:0.015600s ]
[ sql ] [ SQL ] SELECT `c`.*,`b`.`bankname`,u.real_name manager FROM `ym_credit_message` `c` LEFT JOIN `ym_bank` `b` ON `c`.`use_organization`=`b`.`id` LEFT JOIN `ym_rbac_user` `u` ON `c`.`belong_user_id`=`u`.`id` WHERE  `c`.`is_del` = 0  AND `c`.`client_id` = '130' [ RunTime:0.000000s ]
---------------------------------------------------------------
[ 2017-07-27T15:56:14+08:00 ] 76.36.0.8 76.36.0.60 GET /admin/client/clientdetail/client_id/130.html
[ info ] 76.36.0.8/admin/client/clientdetail/client_id/130.html [运行时间：0.093601s][吞吐率：10.68req/s] [内存消耗：2,771.65kb] [文件加载：54]
[ info ] [ LANG ] F:\www\bank.cn\thinkphp\lang\zh-cn.php
[ info ] [ ROUTE ] array (
  'type' => 'module',
  'module' => 
  array (
    0 => 'admin',
    1 => 'client',
    2 => 'clientdetail',
  ),
)
[ info ] [ HEADER ] array (
  'host' => '76.36.0.8',
  'connection' => 'keep-alive',
  'accept' => 'text/html,application/xhtml+xml,application/xml;q=0.9,image/webp,*/*;q=0.8',
  'user-agent' => 'Mozilla/5.0 (Windows NT 6.1; WOW64) AppleWebKit/537.36 (KHTML, like Gecko) Chrome/31.0.1650.63 Safari/537.36',
  'referer' => 'http://76.36.0.8/admin/credit/index/client_id/130.html',
  'accept-encoding' => 'gzip,deflate,sdch',
  'accept-language' => 'zh-CN,zh;q=0.8',
  'cookie' => 'PHPSESSID=5iivtb77u3udbr1k0gbbrqujg0',
)
[ info ] [ PARAM ] array (
  'client_id' => '130',
)
[ info ] [ SESSION ] INIT array (
  'id' => '',
  'var_session_id' => '',
  'prefix' => 'think',
  'type' => '',
  'auto_start' => true,
)
[ info ] [ DB ] INIT mysql
[ info ] [ RUN ] app\admin\controller\Client->clientdetail[ F:\www\bank.cn\app\admin\controller\Client.php ]
[ info ] [ VIEW ] F:\www\bank.cn/app/admin\view\client\clientdetail.html [ array (
  0 => 'nodes',
  1 => 'other',
  2 => 'base',
  3 => 'areamsg',
  4 => 'hs',
  5 => 'client',
  6 => 'title1',
  7 => 'title2',
  8 => 'controller',
) ]
[ info ] [ LOG ] INIT File
[ sql ] [ DB ] CONNECT:[ UseTime:0.015600s ] mysql:dbname=bank;host=127.0.0.1;charset=utf8
[ sql ] [ SQL ] SHOW COLUMNS FROM `ym_rbac_role` [ RunTime:0.000000s ]
[ sql ] [ SQL ] SELECT * FROM `ym_rbac_role` WHERE  `id` = 13 LIMIT 1 [ RunTime:0.000000s ]
[ sql ] [ SQL ] SHOW COLUMNS FROM `ym_rbac_access` [ RunTime:0.000000s ]
[ sql ] [ SQL ] SELECT `a`.*,`b`.* FROM `ym_rbac_access` `a` INNER JOIN `ym_rbac_node` `b` ON `b`.`id`=`a`.`node_id` WHERE  (  a.role_id = 13 ) ORDER BY `b`.`id`  asc [ RunTime:0.000000s ]
[ sql ] [ SQL ] SELECT `b`.`name` FROM `ym_rbac_access` `a` INNER JOIN `ym_rbac_node` `b` ON `b`.`id`=`a`.`node_id` [ RunTime:0.000000s ]
[ sql ] [ SQL ] SHOW COLUMNS FROM `ym_client` [ RunTime:0.015600s ]
[ sql ] [ SQL ] SELECT `c`.*,`b`.`bankname` FROM `ym_client` `c` LEFT JOIN `ym_bank` `b` ON `c`.`belong_organization`=`b`.`id` WHERE  `c`.`id` = '130' [ RunTime:0.000000s ]
[ sql ] [ SQL ] SHOW COLUMNS FROM `ym_base_msg` [ RunTime:0.000000s ]
[ sql ] [ SQL ] SELECT * FROM `ym_base_msg` WHERE  `client_id` = 130 [ RunTime:0.000000s ]
[ sql ] [ SQL ] SHOW COLUMNS FROM `ym_other_message` [ RunTime:0.000000s ]
[ sql ] [ SQL ] SELECT * FROM `ym_other_message` WHERE  `client_id` = 130 [ RunTime:0.015600s ]
