---------------------------------------------------------------
[ 2017-07-29T10:53:38+08:00 ] 76.36.0.8 76.36.0.60 GET /admin/client/clientdetail/client_id/130.html
[ info ] 76.36.0.8/admin/client/clientdetail/client_id/130.html [运行时间：0.046800s][吞吐率：21.37req/s] [内存消耗：1,943.34kb] [文件加载：48]
[ info ] [ LANG ] F:\www\bank.cn\thinkphp\lang\zh-cn.php
[ info ] [ ROUTE ] array (
  'type' => 'module',
  'module' => 
  array (
    0 => 'admin',
    1 => 'client',
    2 => 'clientdetail',
  ),
)
[ info ] [ HEADER ] array (
  'accept' => 'application/x-ms-application, image/jpeg, application/xaml+xml, image/gif, image/pjpeg, application/x-ms-xbap, */*',
  'accept-language' => 'zh-CN',
  'user-agent' => 'Mozilla/4.0 (compatible; MSIE 8.0; Windows NT 6.1; Win64; x64; Trident/4.0; .NET CLR 2.0.50727; SLCC2; .NET CLR 3.5.30729; .NET CLR 3.0.30729; Tablet PC 2.0)',
  'ua-cpu' => 'AMD64',
  'accept-encoding' => 'gzip, deflate',
  'host' => '76.36.0.8',
  'connection' => 'Keep-Alive',
)
[ info ] [ PARAM ] array (
  'client_id' => '130',
)
[ info ] [ SESSION ] INIT array (
  'id' => '',
  'var_session_id' => '',
  'prefix' => 'think',
  'type' => '',
  'auto_start' => true,
)
[ info ] [ LOG ] INIT File
---------------------------------------------------------------
[ 2017-07-29T10:53:38+08:00 ] 76.36.0.8 76.36.0.60 GET /admin/user/login.html
[ info ] 76.36.0.8/admin/user/login.html [运行时间：0.046800s][吞吐率：21.37req/s] [内存消耗：1,773.90kb] [文件加载：46]
[ info ] [ LANG ] F:\www\bank.cn\thinkphp\lang\zh-cn.php
[ info ] [ ROUTE ] array (
  'type' => 'module',
  'module' => 
  array (
    0 => 'admin',
    1 => 'user',
    2 => 'login',
  ),
)
[ info ] [ HEADER ] array (
  'accept' => 'application/x-ms-application, image/jpeg, application/xaml+xml, image/gif, image/pjpeg, application/x-ms-xbap, */*',
  'accept-language' => 'zh-CN',
  'user-agent' => 'Mozilla/4.0 (compatible; MSIE 8.0; Windows NT 6.1; Win64; x64; Trident/4.0; .NET CLR 2.0.50727; SLCC2; .NET CLR 3.5.30729; .NET CLR 3.0.30729; Tablet PC 2.0)',
  'ua-cpu' => 'AMD64',
  'accept-encoding' => 'gzip, deflate',
  'host' => '76.36.0.8',
  'connection' => 'Keep-Alive',
  'cookie' => 'PHPSESSID=7sa78k6blcthnu01vhmdu1kjh0',
)
[ info ] [ PARAM ] array (
)
[ info ] [ RUN ] app\admin\controller\User->login[ F:\www\bank.cn\app\admin\controller\User.php ]
[ info ] [ VIEW ] F:\www\bank.cn/app/admin\view\user\login.html [ array (
) ]
[ info ] [ LOG ] INIT File
---------------------------------------------------------------
[ 2017-07-29T10:53:53+08:00 ] 76.36.0.8 76.36.0.60 POST /admin/user/login.html
[ info ] 76.36.0.8/admin/user/login.html [运行时间：0.156001s][吞吐率：6.41req/s] [内存消耗：2,638.03kb] [文件加载：58]
[ info ] [ LANG ] F:\www\bank.cn\thinkphp\lang\zh-cn.php
[ info ] [ ROUTE ] array (
  'type' => 'module',
  'module' => 
  array (
    0 => 'admin',
    1 => 'user',
    2 => 'login',
  ),
)
[ info ] [ HEADER ] array (
  'accept' => 'application/x-ms-application, image/jpeg, application/xaml+xml, image/gif, image/pjpeg, application/x-ms-xbap, */*',
  'referer' => 'http://76.36.0.8/admin/user/login.html',
  'accept-language' => 'zh-CN',
  'user-agent' => 'Mozilla/4.0 (compatible; MSIE 8.0; Windows NT 6.1; Win64; x64; Trident/4.0; .NET CLR 2.0.50727; SLCC2; .NET CLR 3.5.30729; .NET CLR 3.0.30729; Tablet PC 2.0)',
  'content-type' => 'application/x-www-form-urlencoded',
  'ua-cpu' => 'AMD64',
  'accept-encoding' => 'gzip, deflate',
  'host' => '76.36.0.8',
  'content-length' => '30',
  'connection' => 'Keep-Alive',
  'cache-control' => 'no-cache',
  'cookie' => 'PHPSESSID=7sa78k6blcthnu01vhmdu1kjh0',
)
[ info ] [ PARAM ] array (
  'username' => 'admin',
  'password' => '123456',
)
[ info ] [ RUN ] app\admin\controller\User->login[ F:\www\bank.cn\app\admin\controller\User.php ]
[ info ] [ DB ] INIT mysql
[ info ] [ SESSION ] INIT array (
  'id' => '',
  'var_session_id' => '',
  'prefix' => 'think',
  'type' => '',
  'auto_start' => true,
)
[ info ] [ CACHE ] INIT File
[ info ] [ VIEW ] F:\www\bank.cn/app/admin\view\user\jump.html [ array (
  0 => 'code',
  1 => 'msg',
  2 => 'data',
  3 => 'url',
  4 => 'wait',
) ]
[ info ] [ LOG ] INIT File
[ sql ] [ DB ] CONNECT:[ UseTime:0.000000s ] mysql:dbname=bank;host=127.0.0.1;charset=utf8
[ sql ] [ SQL ] SHOW COLUMNS FROM `ym_rbac_user` [ RunTime:0.015600s ]
[ sql ] [ SQL ] SELECT * FROM `ym_rbac_user` WHERE  `username` = 'admin'  AND `is_del` = 0 LIMIT 1 [ RunTime:0.000000s ]
[ sql ] [ SQL ] SHOW COLUMNS FROM `ym_action` [ RunTime:0.000000s ]
[ sql ] [ SQL ] SELECT * FROM `ym_action` WHERE  `name` = 'user_login' LIMIT 1 [ RunTime:0.015600s ]
[ sql ] [ SQL ] SELECT `username` FROM `ym_rbac_user` WHERE  `id` = 6 LIMIT 1 [ RunTime:0.000000s ]
[ sql ] [ SQL ] SHOW COLUMNS FROM `ym_action_log` [ RunTime:0.000000s ]
[ sql ] [ SQL ] INSERT INTO `ym_action_log` (`action_id` , `user_id` , `action_ip` , `model` , `record_id` , `create_time` , `remark`) VALUES (1 , 6 , 1277427772 , 'rbac_user' , 6 , 1501296833 , 'admin在2017-07-29 10:53登录了后台') [ RunTime:0.000000s ]
[ sql ] [ SQL ] UPDATE `ym_rbac_user`  SET `last_login_time`=1501296833,`last_login_ip`='76.36.0.60',`login_count`=36  WHERE  `id` = 6 [ RunTime:0.078000s ]
---------------------------------------------------------------
[ 2017-07-29T10:53:58+08:00 ] 76.36.0.8 76.36.0.60 GET /admin/index/index.html
[ info ] 76.36.0.8/admin/index/index.html [运行时间：0.062400s][吞吐率：16.03req/s] [内存消耗：2,576.98kb] [文件加载：54]
[ info ] [ LANG ] F:\www\bank.cn\thinkphp\lang\zh-cn.php
[ info ] [ ROUTE ] array (
  'type' => 'module',
  'module' => 
  array (
    0 => 'admin',
    1 => 'index',
    2 => 'index',
  ),
)
[ info ] [ HEADER ] array (
  'accept' => 'application/x-ms-application, image/jpeg, application/xaml+xml, image/gif, image/pjpeg, application/x-ms-xbap, */*',
  'accept-language' => 'zh-CN',
  'user-agent' => 'Mozilla/4.0 (compatible; MSIE 8.0; Windows NT 6.1; Win64; x64; Trident/4.0; .NET CLR 2.0.50727; SLCC2; .NET CLR 3.5.30729; .NET CLR 3.0.30729; Tablet PC 2.0)',
  'ua-cpu' => 'AMD64',
  'accept-encoding' => 'gzip, deflate',
  'host' => '76.36.0.8',
  'connection' => 'Keep-Alive',
  'cookie' => 'PHPSESSID=7sa78k6blcthnu01vhmdu1kjh0',
)
[ info ] [ PARAM ] array (
)
[ info ] [ SESSION ] INIT array (
  'id' => '',
  'var_session_id' => '',
  'prefix' => 'think',
  'type' => '',
  'auto_start' => true,
)
[ info ] [ DB ] INIT mysql
[ info ] [ RUN ] app\admin\controller\Index->index[ F:\www\bank.cn\app\admin\controller\Index.php ]
[ info ] [ VIEW ] F:\www\bank.cn/app/admin\view\index\index.html [ array (
  0 => 'nodes',
) ]
[ info ] [ LOG ] INIT File
[ sql ] [ DB ] CONNECT:[ UseTime:0.000000s ] mysql:dbname=bank;host=127.0.0.1;charset=utf8
[ sql ] [ SQL ] SHOW COLUMNS FROM `ym_rbac_role` [ RunTime:0.000000s ]
[ sql ] [ SQL ] SELECT * FROM `ym_rbac_role` WHERE  `id` = 13 LIMIT 1 [ RunTime:0.000000s ]
[ sql ] [ SQL ] SHOW COLUMNS FROM `ym_rbac_access` [ RunTime:0.015600s ]
[ sql ] [ SQL ] SELECT `a`.*,`b`.* FROM `ym_rbac_access` `a` INNER JOIN `ym_rbac_node` `b` ON `b`.`id`=`a`.`node_id` WHERE  (  a.role_id = 13 ) ORDER BY `b`.`id`  asc [ RunTime:0.000000s ]
[ sql ] [ SQL ] SELECT `b`.`name` FROM `ym_rbac_access` `a` INNER JOIN `ym_rbac_node` `b` ON `b`.`id`=`a`.`node_id` [ RunTime:0.000000s ]
[ sql ] [ SQL ] SELECT `b`.`name` FROM `ym_rbac_access` `a` INNER JOIN `ym_rbac_node` `b` ON `b`.`id`=`a`.`node_id` WHERE  (  a.role_id = 13 ) [ RunTime:0.000000s ]
---------------------------------------------------------------
[ 2017-07-29T15:43:36+08:00 ] 76.36.0.8 76.36.0.60 GET /admin/client/clientdetail/client_id/130.html
[ info ] 76.36.0.8/admin/client/clientdetail/client_id/130.html [运行时间：0.046800s][吞吐率：21.37req/s] [内存消耗：1,943.34kb] [文件加载：48]
[ info ] [ LANG ] F:\www\bank.cn\thinkphp\lang\zh-cn.php
[ info ] [ ROUTE ] array (
  'type' => 'module',
  'module' => 
  array (
    0 => 'admin',
    1 => 'client',
    2 => 'clientdetail',
  ),
)
[ info ] [ HEADER ] array (
  'accept' => 'application/x-ms-application, image/jpeg, application/xaml+xml, image/gif, image/pjpeg, application/x-ms-xbap, */*',
  'accept-language' => 'zh-CN',
  'user-agent' => 'Mozilla/4.0 (compatible; MSIE 8.0; Windows NT 6.1; Win64; x64; Trident/4.0; .NET CLR 2.0.50727; SLCC2; .NET CLR 3.5.30729; .NET CLR 3.0.30729; Tablet PC 2.0)',
  'ua-cpu' => 'AMD64',
  'accept-encoding' => 'gzip, deflate',
  'host' => '76.36.0.8',
  'connection' => 'Keep-Alive',
)
[ info ] [ PARAM ] array (
  'client_id' => '130',
)
[ info ] [ SESSION ] INIT array (
  'id' => '',
  'var_session_id' => '',
  'prefix' => 'think',
  'type' => '',
  'auto_start' => true,
)
[ info ] [ LOG ] INIT File
---------------------------------------------------------------
[ 2017-07-29T15:43:36+08:00 ] 76.36.0.8 76.36.0.60 GET /admin/user/login.html
[ info ] 76.36.0.8/admin/user/login.html [运行时间：0.046800s][吞吐率：21.37req/s] [内存消耗：1,773.90kb] [文件加载：46]
[ info ] [ LANG ] F:\www\bank.cn\thinkphp\lang\zh-cn.php
[ info ] [ ROUTE ] array (
  'type' => 'module',
  'module' => 
  array (
    0 => 'admin',
    1 => 'user',
    2 => 'login',
  ),
)
[ info ] [ HEADER ] array (
  'accept' => 'application/x-ms-application, image/jpeg, application/xaml+xml, image/gif, image/pjpeg, application/x-ms-xbap, */*',
  'accept-language' => 'zh-CN',
  'user-agent' => 'Mozilla/4.0 (compatible; MSIE 8.0; Windows NT 6.1; Win64; x64; Trident/4.0; .NET CLR 2.0.50727; SLCC2; .NET CLR 3.5.30729; .NET CLR 3.0.30729; Tablet PC 2.0)',
  'ua-cpu' => 'AMD64',
  'accept-encoding' => 'gzip, deflate',
  'host' => '76.36.0.8',
  'connection' => 'Keep-Alive',
  'cookie' => 'PHPSESSID=ak43ed5o8egor4420165dk5in6',
)
[ info ] [ PARAM ] array (
)
[ info ] [ RUN ] app\admin\controller\User->login[ F:\www\bank.cn\app\admin\controller\User.php ]
[ info ] [ VIEW ] F:\www\bank.cn/app/admin\view\user\login.html [ array (
) ]
[ info ] [ LOG ] INIT File
---------------------------------------------------------------
[ 2017-07-29T15:43:52+08:00 ] 76.36.0.8 76.36.0.60 GET /admin/user/login.html
[ info ] 76.36.0.8/admin/user/login.html [运行时间：0.046800s][吞吐率：21.37req/s] [内存消耗：1,773.90kb] [文件加载：46]
[ info ] [ LANG ] F:\www\bank.cn\thinkphp\lang\zh-cn.php
[ info ] [ ROUTE ] array (
  'type' => 'module',
  'module' => 
  array (
    0 => 'admin',
    1 => 'user',
    2 => 'login',
  ),
)
[ info ] [ HEADER ] array (
  'accept' => 'application/x-ms-application, image/jpeg, application/xaml+xml, image/gif, image/pjpeg, application/x-ms-xbap, */*',
  'accept-language' => 'zh-CN',
  'user-agent' => 'Mozilla/4.0 (compatible; MSIE 8.0; Windows NT 6.1; Win64; x64; Trident/4.0; .NET CLR 2.0.50727; SLCC2; .NET CLR 3.5.30729; .NET CLR 3.0.30729; Tablet PC 2.0)',
  'ua-cpu' => 'AMD64',
  'accept-encoding' => 'gzip, deflate',
  'host' => '76.36.0.8',
  'connection' => 'Keep-Alive',
  'cookie' => 'PHPSESSID=ak43ed5o8egor4420165dk5in6',
)
[ info ] [ PARAM ] array (
)
[ info ] [ RUN ] app\admin\controller\User->login[ F:\www\bank.cn\app\admin\controller\User.php ]
[ info ] [ VIEW ] F:\www\bank.cn/app/admin\view\user\login.html [ array (
) ]
[ info ] [ LOG ] INIT File
---------------------------------------------------------------
[ 2017-07-29T15:43:59+08:00 ] 76.36.0.8 76.36.0.60 POST /admin/user/login.html
[ info ] 76.36.0.8/admin/user/login.html [运行时间：0.093600s][吞吐率：10.68req/s] [内存消耗：2,638.03kb] [文件加载：58]
[ info ] [ LANG ] F:\www\bank.cn\thinkphp\lang\zh-cn.php
[ info ] [ ROUTE ] array (
  'type' => 'module',
  'module' => 
  array (
    0 => 'admin',
    1 => 'user',
    2 => 'login',
  ),
)
[ info ] [ HEADER ] array (
  'accept' => 'application/x-ms-application, image/jpeg, application/xaml+xml, image/gif, image/pjpeg, application/x-ms-xbap, */*',
  'referer' => 'http://76.36.0.8/admin/user/login.html',
  'accept-language' => 'zh-CN',
  'user-agent' => 'Mozilla/4.0 (compatible; MSIE 8.0; Windows NT 6.1; Win64; x64; Trident/4.0; .NET CLR 2.0.50727; SLCC2; .NET CLR 3.5.30729; .NET CLR 3.0.30729; Tablet PC 2.0)',
  'content-type' => 'application/x-www-form-urlencoded',
  'ua-cpu' => 'AMD64',
  'accept-encoding' => 'gzip, deflate',
  'host' => '76.36.0.8',
  'content-length' => '30',
  'connection' => 'Keep-Alive',
  'cache-control' => 'no-cache',
  'cookie' => 'PHPSESSID=ak43ed5o8egor4420165dk5in6',
)
[ info ] [ PARAM ] array (
  'username' => 'admin',
  'password' => '123456',
)
[ info ] [ RUN ] app\admin\controller\User->login[ F:\www\bank.cn\app\admin\controller\User.php ]
[ info ] [ DB ] INIT mysql
[ info ] [ SESSION ] INIT array (
  'id' => '',
  'var_session_id' => '',
  'prefix' => 'think',
  'type' => '',
  'auto_start' => true,
)
[ info ] [ CACHE ] INIT File
[ info ] [ VIEW ] F:\www\bank.cn/app/admin\view\user\jump.html [ array (
  0 => 'code',
  1 => 'msg',
  2 => 'data',
  3 => 'url',
  4 => 'wait',
) ]
[ info ] [ LOG ] INIT File
[ sql ] [ DB ] CONNECT:[ UseTime:0.000000s ] mysql:dbname=bank;host=127.0.0.1;charset=utf8
[ sql ] [ SQL ] SHOW COLUMNS FROM `ym_rbac_user` [ RunTime:0.000000s ]
[ sql ] [ SQL ] SELECT * FROM `ym_rbac_user` WHERE  `username` = 'admin'  AND `is_del` = 0 LIMIT 1 [ RunTime:0.000000s ]
[ sql ] [ SQL ] SHOW COLUMNS FROM `ym_action` [ RunTime:0.015600s ]
[ sql ] [ SQL ] SELECT * FROM `ym_action` WHERE  `name` = 'user_login' LIMIT 1 [ RunTime:0.000000s ]
[ sql ] [ SQL ] SELECT `username` FROM `ym_rbac_user` WHERE  `id` = 6 LIMIT 1 [ RunTime:0.000000s ]
[ sql ] [ SQL ] SHOW COLUMNS FROM `ym_action_log` [ RunTime:0.000000s ]
[ sql ] [ SQL ] INSERT INTO `ym_action_log` (`action_id` , `user_id` , `action_ip` , `model` , `record_id` , `create_time` , `remark`) VALUES (1 , 6 , 1277427772 , 'rbac_user' , 6 , 1501314239 , 'admin在2017-07-29 15:43登录了后台') [ RunTime:0.000000s ]
[ sql ] [ SQL ] UPDATE `ym_rbac_user`  SET `last_login_time`=1501314239,`last_login_ip`='76.36.0.60',`login_count`=37  WHERE  `id` = 6 [ RunTime:0.031200s ]
---------------------------------------------------------------
[ 2017-07-29T15:44:04+08:00 ] 76.36.0.8 76.36.0.60 GET /admin/index/index.html
[ info ] 76.36.0.8/admin/index/index.html [运行时间：0.078000s][吞吐率：12.82req/s] [内存消耗：2,576.98kb] [文件加载：54]
[ info ] [ LANG ] F:\www\bank.cn\thinkphp\lang\zh-cn.php
[ info ] [ ROUTE ] array (
  'type' => 'module',
  'module' => 
  array (
    0 => 'admin',
    1 => 'index',
    2 => 'index',
  ),
)
[ info ] [ HEADER ] array (
  'accept' => 'application/x-ms-application, image/jpeg, application/xaml+xml, image/gif, image/pjpeg, application/x-ms-xbap, */*',
  'accept-language' => 'zh-CN',
  'user-agent' => 'Mozilla/4.0 (compatible; MSIE 8.0; Windows NT 6.1; Win64; x64; Trident/4.0; .NET CLR 2.0.50727; SLCC2; .NET CLR 3.5.30729; .NET CLR 3.0.30729; Tablet PC 2.0)',
  'ua-cpu' => 'AMD64',
  'accept-encoding' => 'gzip, deflate',
  'host' => '76.36.0.8',
  'connection' => 'Keep-Alive',
  'cookie' => 'PHPSESSID=ak43ed5o8egor4420165dk5in6',
)
[ info ] [ PARAM ] array (
)
[ info ] [ SESSION ] INIT array (
  'id' => '',
  'var_session_id' => '',
  'prefix' => 'think',
  'type' => '',
  'auto_start' => true,
)
[ info ] [ DB ] INIT mysql
[ info ] [ RUN ] app\admin\controller\Index->index[ F:\www\bank.cn\app\admin\controller\Index.php ]
[ info ] [ VIEW ] F:\www\bank.cn/app/admin\view\index\index.html [ array (
  0 => 'nodes',
) ]
[ info ] [ LOG ] INIT File
[ sql ] [ DB ] CONNECT:[ UseTime:0.000000s ] mysql:dbname=bank;host=127.0.0.1;charset=utf8
[ sql ] [ SQL ] SHOW COLUMNS FROM `ym_rbac_role` [ RunTime:0.015600s ]
[ sql ] [ SQL ] SELECT * FROM `ym_rbac_role` WHERE  `id` = 13 LIMIT 1 [ RunTime:0.000000s ]
[ sql ] [ SQL ] SHOW COLUMNS FROM `ym_rbac_access` [ RunTime:0.000000s ]
[ sql ] [ SQL ] SELECT `a`.*,`b`.* FROM `ym_rbac_access` `a` INNER JOIN `ym_rbac_node` `b` ON `b`.`id`=`a`.`node_id` WHERE  (  a.role_id = 13 ) ORDER BY `b`.`id`  asc [ RunTime:0.000000s ]
[ sql ] [ SQL ] SELECT `b`.`name` FROM `ym_rbac_access` `a` INNER JOIN `ym_rbac_node` `b` ON `b`.`id`=`a`.`node_id` [ RunTime:0.000000s ]
[ sql ] [ SQL ] SELECT `b`.`name` FROM `ym_rbac_access` `a` INNER JOIN `ym_rbac_node` `b` ON `b`.`id`=`a`.`node_id` WHERE  (  a.role_id = 13 ) [ RunTime:0.000000s ]
---------------------------------------------------------------
[ 2017-07-29T15:44:10+08:00 ] 76.36.0.8 76.36.0.60 GET /admin/client/clientlist
[ info ] 76.36.0.8/admin/client/clientlist [运行时间：0.124800s][吞吐率：8.01req/s] [内存消耗：2,989.95kb] [文件加载：57]
[ info ] [ LANG ] F:\www\bank.cn\thinkphp\lang\zh-cn.php
[ info ] [ ROUTE ] array (
  'type' => 'module',
  'module' => 
  array (
    0 => 'admin',
    1 => 'client',
    2 => 'clientlist',
  ),
)
[ info ] [ HEADER ] array (
  'accept' => 'application/x-ms-application, image/jpeg, application/xaml+xml, image/gif, image/pjpeg, application/x-ms-xbap, */*',
  'referer' => 'http://76.36.0.8/admin/index/index.html',
  'accept-language' => 'zh-CN',
  'user-agent' => 'Mozilla/4.0 (compatible; MSIE 8.0; Windows NT 6.1; Win64; x64; Trident/4.0; .NET CLR 2.0.50727; SLCC2; .NET CLR 3.5.30729; .NET CLR 3.0.30729; Tablet PC 2.0)',
  'ua-cpu' => 'AMD64',
  'accept-encoding' => 'gzip, deflate',
  'host' => '76.36.0.8',
  'connection' => 'Keep-Alive',
  'cookie' => 'PHPSESSID=ak43ed5o8egor4420165dk5in6',
)
[ info ] [ PARAM ] array (
)
[ info ] [ SESSION ] INIT array (
  'id' => '',
  'var_session_id' => '',
  'prefix' => 'think',
  'type' => '',
  'auto_start' => true,
)
[ info ] [ DB ] INIT mysql
[ info ] [ RUN ] app\admin\controller\Client->clientlist[ F:\www\bank.cn\app\admin\controller\Client.php ]
[ info ] [ VIEW ] F:\www\bank.cn/app/admin\view\client\clientlist.html [ array (
  0 => 'nodes',
  1 => 'page',
  2 => 'bank',
  3 => 'title1',
  4 => 'title2',
  5 => 'clients',
) ]
[ info ] [ LOG ] INIT File
[ sql ] [ DB ] CONNECT:[ UseTime:0.015600s ] mysql:dbname=bank;host=127.0.0.1;charset=utf8
[ sql ] [ SQL ] SHOW COLUMNS FROM `ym_rbac_role` [ RunTime:0.000000s ]
[ sql ] [ SQL ] SELECT * FROM `ym_rbac_role` WHERE  `id` = 13 LIMIT 1 [ RunTime:0.000000s ]
[ sql ] [ SQL ] SHOW COLUMNS FROM `ym_rbac_access` [ RunTime:0.000000s ]
[ sql ] [ SQL ] SELECT `a`.*,`b`.* FROM `ym_rbac_access` `a` INNER JOIN `ym_rbac_node` `b` ON `b`.`id`=`a`.`node_id` WHERE  (  a.role_id = 13 ) ORDER BY `b`.`id`  asc [ RunTime:0.000000s ]
[ sql ] [ SQL ] SELECT `b`.`name` FROM `ym_rbac_access` `a` INNER JOIN `ym_rbac_node` `b` ON `b`.`id`=`a`.`node_id` [ RunTime:0.000000s ]
[ sql ] [ SQL ] SELECT `b`.`name` FROM `ym_rbac_access` `a` INNER JOIN `ym_rbac_node` `b` ON `b`.`id`=`a`.`node_id` WHERE  (  a.role_id = 13 ) [ RunTime:0.000000s ]
[ sql ] [ SQL ] SHOW COLUMNS FROM `ym_client` [ RunTime:0.000000s ]
[ sql ] [ SQL ] SELECT COUNT(*) AS tp_count FROM `ym_client` `a` LEFT JOIN `ym_base_msg` `b` ON `a`.`id`=`b`.`client_id` WHERE  `a`.`is_del` = 0 LIMIT 1 [ RunTime:0.000000s ]
[ sql ] [ SQL ] SELECT `a`.*,`b`.`phone_number`,`b`.`current_address` FROM `ym_client` `a` LEFT JOIN `ym_base_msg` `b` ON `a`.`id`=`b`.`client_id` WHERE  `a`.`is_del` = 0 ORDER BY `a`.`add_time`  desc LIMIT 0,20 [ RunTime:0.000000s ]
[ sql ] [ SQL ] SHOW COLUMNS FROM `ym_bank` [ RunTime:0.000000s ]
[ sql ] [ SQL ] SELECT * FROM `ym_bank` WHERE  `is_del` = 0 [ RunTime:0.000000s ]
[ sql ] [ SQL ] SHOW COLUMNS FROM `ym_dataconfig` [ RunTime:0.000000s ]
[ sql ] [ SQL ] SELECT `value` FROM `ym_dataconfig` WHERE  `code` = 'client_grade' LIMIT 1 [ RunTime:0.000000s ]
[ sql ] [ SQL ] SELECT `value` FROM `ym_dataconfig` WHERE  `code` = 'client_grade' LIMIT 1 [ RunTime:0.000000s ]
[ sql ] [ SQL ] SELECT `value` FROM `ym_dataconfig` WHERE  `code` = 'client_grade' LIMIT 1 [ RunTime:0.000000s ]
[ sql ] [ SQL ] SELECT `value` FROM `ym_dataconfig` WHERE  `code` = 'client_grade' LIMIT 1 [ RunTime:0.000000s ]
[ sql ] [ SQL ] SELECT `value` FROM `ym_dataconfig` WHERE  `code` = 'client_grade' LIMIT 1 [ RunTime:0.000000s ]
[ sql ] [ SQL ] SELECT `value` FROM `ym_dataconfig` WHERE  `code` = 'client_grade' LIMIT 1 [ RunTime:0.000000s ]
[ sql ] [ SQL ] SELECT `value` FROM `ym_dataconfig` WHERE  `code` = 'client_grade' LIMIT 1 [ RunTime:0.000000s ]
[ sql ] [ SQL ] SELECT `value` FROM `ym_dataconfig` WHERE  `code` = 'client_grade' LIMIT 1 [ RunTime:0.000000s ]
[ sql ] [ SQL ] SELECT `value` FROM `ym_dataconfig` WHERE  `code` = 'client_grade' LIMIT 1 [ RunTime:0.000000s ]
[ sql ] [ SQL ] SELECT `value` FROM `ym_dataconfig` WHERE  `code` = 'client_grade' LIMIT 1 [ RunTime:0.000000s ]
[ sql ] [ SQL ] SELECT `value` FROM `ym_dataconfig` WHERE  `code` = 'client_grade' LIMIT 1 [ RunTime:0.000000s ]
[ sql ] [ SQL ] SELECT `value` FROM `ym_dataconfig` WHERE  `code` = 'client_grade' LIMIT 1 [ RunTime:0.000000s ]
[ sql ] [ SQL ] SELECT `value` FROM `ym_dataconfig` WHERE  `code` = 'client_grade' LIMIT 1 [ RunTime:0.000000s ]
[ sql ] [ SQL ] SELECT `value` FROM `ym_dataconfig` WHERE  `code` = 'client_grade' LIMIT 1 [ RunTime:0.000000s ]
[ sql ] [ SQL ] SELECT `value` FROM `ym_dataconfig` WHERE  `code` = 'client_grade' LIMIT 1 [ RunTime:0.000000s ]
[ sql ] [ SQL ] SELECT `value` FROM `ym_dataconfig` WHERE  `code` = 'client_grade' LIMIT 1 [ RunTime:0.000000s ]
[ sql ] [ SQL ] SELECT `value` FROM `ym_dataconfig` WHERE  `code` = 'client_grade' LIMIT 1 [ RunTime:0.000000s ]
[ sql ] [ SQL ] SELECT `value` FROM `ym_dataconfig` WHERE  `code` = 'client_grade' LIMIT 1 [ RunTime:0.000000s ]
[ sql ] [ SQL ] SELECT `value` FROM `ym_dataconfig` WHERE  `code` = 'client_grade' LIMIT 1 [ RunTime:0.000000s ]
[ sql ] [ SQL ] SELECT `value` FROM `ym_dataconfig` WHERE  `code` = 'client_grade' LIMIT 1 [ RunTime:0.000000s ]
---------------------------------------------------------------
[ 2017-07-29T15:44:13+08:00 ] 76.36.0.8 76.36.0.60 GET /admin/client/clientlist
[ info ] 76.36.0.8/admin/client/clientlist [运行时间：0.124801s][吞吐率：8.01req/s] [内存消耗：2,989.93kb] [文件加载：57]
[ info ] [ LANG ] F:\www\bank.cn\thinkphp\lang\zh-cn.php
[ info ] [ ROUTE ] array (
  'type' => 'module',
  'module' => 
  array (
    0 => 'admin',
    1 => 'client',
    2 => 'clientlist',
  ),
)
[ info ] [ HEADER ] array (
  'accept' => 'application/x-ms-application, image/jpeg, application/xaml+xml, image/gif, image/pjpeg, application/x-ms-xbap, */*',
  'referer' => 'http://76.36.0.8/admin/client/clientlist',
  'accept-language' => 'zh-CN',
  'user-agent' => 'Mozilla/4.0 (compatible; MSIE 8.0; Windows NT 6.1; Win64; x64; Trident/4.0; .NET CLR 2.0.50727; SLCC2; .NET CLR 3.5.30729; .NET CLR 3.0.30729; Tablet PC 2.0)',
  'ua-cpu' => 'AMD64',
  'accept-encoding' => 'gzip, deflate',
  'host' => '76.36.0.8',
  'connection' => 'Keep-Alive',
  'cookie' => 'PHPSESSID=ak43ed5o8egor4420165dk5in6',
)
[ info ] [ PARAM ] array (
)
[ info ] [ SESSION ] INIT array (
  'id' => '',
  'var_session_id' => '',
  'prefix' => 'think',
  'type' => '',
  'auto_start' => true,
)
[ info ] [ DB ] INIT mysql
[ info ] [ RUN ] app\admin\controller\Client->clientlist[ F:\www\bank.cn\app\admin\controller\Client.php ]
[ info ] [ VIEW ] F:\www\bank.cn/app/admin\view\client\clientlist.html [ array (
  0 => 'nodes',
  1 => 'page',
  2 => 'bank',
  3 => 'title1',
  4 => 'title2',
  5 => 'clients',
) ]
[ info ] [ LOG ] INIT File
[ sql ] [ DB ] CONNECT:[ UseTime:0.000000s ] mysql:dbname=bank;host=127.0.0.1;charset=utf8
[ sql ] [ SQL ] SHOW COLUMNS FROM `ym_rbac_role` [ RunTime:0.000000s ]
[ sql ] [ SQL ] SELECT * FROM `ym_rbac_role` WHERE  `id` = 13 LIMIT 1 [ RunTime:0.000000s ]
[ sql ] [ SQL ] SHOW COLUMNS FROM `ym_rbac_access` [ RunTime:0.000000s ]
[ sql ] [ SQL ] SELECT `a`.*,`b`.* FROM `ym_rbac_access` `a` INNER JOIN `ym_rbac_node` `b` ON `b`.`id`=`a`.`node_id` WHERE  (  a.role_id = 13 ) ORDER BY `b`.`id`  asc [ RunTime:0.000000s ]
[ sql ] [ SQL ] SELECT `b`.`name` FROM `ym_rbac_access` `a` INNER JOIN `ym_rbac_node` `b` ON `b`.`id`=`a`.`node_id` [ RunTime:0.000000s ]
[ sql ] [ SQL ] SELECT `b`.`name` FROM `ym_rbac_access` `a` INNER JOIN `ym_rbac_node` `b` ON `b`.`id`=`a`.`node_id` WHERE  (  a.role_id = 13 ) [ RunTime:0.000000s ]
[ sql ] [ SQL ] SHOW COLUMNS FROM `ym_client` [ RunTime:0.000000s ]
[ sql ] [ SQL ] SELECT COUNT(*) AS tp_count FROM `ym_client` `a` LEFT JOIN `ym_base_msg` `b` ON `a`.`id`=`b`.`client_id` WHERE  `a`.`is_del` = 0 LIMIT 1 [ RunTime:0.000000s ]
[ sql ] [ SQL ] SELECT `a`.*,`b`.`phone_number`,`b`.`current_address` FROM `ym_client` `a` LEFT JOIN `ym_base_msg` `b` ON `a`.`id`=`b`.`client_id` WHERE  `a`.`is_del` = 0 ORDER BY `a`.`add_time`  desc LIMIT 0,20 [ RunTime:0.000000s ]
[ sql ] [ SQL ] SHOW COLUMNS FROM `ym_bank` [ RunTime:0.000000s ]
[ sql ] [ SQL ] SELECT * FROM `ym_bank` WHERE  `is_del` = 0 [ RunTime:0.015600s ]
[ sql ] [ SQL ] SHOW COLUMNS FROM `ym_dataconfig` [ RunTime:0.000000s ]
[ sql ] [ SQL ] SELECT `value` FROM `ym_dataconfig` WHERE  `code` = 'client_grade' LIMIT 1 [ RunTime:0.000000s ]
[ sql ] [ SQL ] SELECT `value` FROM `ym_dataconfig` WHERE  `code` = 'client_grade' LIMIT 1 [ RunTime:0.000000s ]
[ sql ] [ SQL ] SELECT `value` FROM `ym_dataconfig` WHERE  `code` = 'client_grade' LIMIT 1 [ RunTime:0.000000s ]
[ sql ] [ SQL ] SELECT `value` FROM `ym_dataconfig` WHERE  `code` = 'client_grade' LIMIT 1 [ RunTime:0.000000s ]
[ sql ] [ SQL ] SELECT `value` FROM `ym_dataconfig` WHERE  `code` = 'client_grade' LIMIT 1 [ RunTime:0.000000s ]
[ sql ] [ SQL ] SELECT `value` FROM `ym_dataconfig` WHERE  `code` = 'client_grade' LIMIT 1 [ RunTime:0.000000s ]
[ sql ] [ SQL ] SELECT `value` FROM `ym_dataconfig` WHERE  `code` = 'client_grade' LIMIT 1 [ RunTime:0.000000s ]
[ sql ] [ SQL ] SELECT `value` FROM `ym_dataconfig` WHERE  `code` = 'client_grade' LIMIT 1 [ RunTime:0.015601s ]
[ sql ] [ SQL ] SELECT `value` FROM `ym_dataconfig` WHERE  `code` = 'client_grade' LIMIT 1 [ RunTime:0.000000s ]
[ sql ] [ SQL ] SELECT `value` FROM `ym_dataconfig` WHERE  `code` = 'client_grade' LIMIT 1 [ RunTime:0.000000s ]
[ sql ] [ SQL ] SELECT `value` FROM `ym_dataconfig` WHERE  `code` = 'client_grade' LIMIT 1 [ RunTime:0.000000s ]
[ sql ] [ SQL ] SELECT `value` FROM `ym_dataconfig` WHERE  `code` = 'client_grade' LIMIT 1 [ RunTime:0.000000s ]
[ sql ] [ SQL ] SELECT `value` FROM `ym_dataconfig` WHERE  `code` = 'client_grade' LIMIT 1 [ RunTime:0.000000s ]
[ sql ] [ SQL ] SELECT `value` FROM `ym_dataconfig` WHERE  `code` = 'client_grade' LIMIT 1 [ RunTime:0.000000s ]
[ sql ] [ SQL ] SELECT `value` FROM `ym_dataconfig` WHERE  `code` = 'client_grade' LIMIT 1 [ RunTime:0.000000s ]
[ sql ] [ SQL ] SELECT `value` FROM `ym_dataconfig` WHERE  `code` = 'client_grade' LIMIT 1 [ RunTime:0.000000s ]
[ sql ] [ SQL ] SELECT `value` FROM `ym_dataconfig` WHERE  `code` = 'client_grade' LIMIT 1 [ RunTime:0.000000s ]
[ sql ] [ SQL ] SELECT `value` FROM `ym_dataconfig` WHERE  `code` = 'client_grade' LIMIT 1 [ RunTime:0.000000s ]
[ sql ] [ SQL ] SELECT `value` FROM `ym_dataconfig` WHERE  `code` = 'client_grade' LIMIT 1 [ RunTime:0.000000s ]
[ sql ] [ SQL ] SELECT `value` FROM `ym_dataconfig` WHERE  `code` = 'client_grade' LIMIT 1 [ RunTime:0.000000s ]
---------------------------------------------------------------
[ 2017-07-29T15:44:42+08:00 ] 76.36.0.8 76.36.0.60 GET /admin/client/clientlist?page=2
[ info ] 76.36.0.8/admin/client/clientlist?page=2 [运行时间：0.093601s][吞吐率：10.68req/s] [内存消耗：2,909.86kb] [文件加载：57]
[ info ] [ LANG ] F:\www\bank.cn\thinkphp\lang\zh-cn.php
[ info ] [ ROUTE ] array (
  'type' => 'module',
  'module' => 
  array (
    0 => 'admin',
    1 => 'client',
    2 => 'clientlist',
  ),
)
[ info ] [ HEADER ] array (
  'accept' => 'application/x-ms-application, image/jpeg, application/xaml+xml, image/gif, image/pjpeg, application/x-ms-xbap, */*',
  'referer' => 'http://76.36.0.8/admin/client/clientlist',
  'accept-language' => 'zh-CN',
  'user-agent' => 'Mozilla/4.0 (compatible; MSIE 8.0; Windows NT 6.1; Win64; x64; Trident/4.0; .NET CLR 2.0.50727; SLCC2; .NET CLR 3.5.30729; .NET CLR 3.0.30729; Tablet PC 2.0)',
  'ua-cpu' => 'AMD64',
  'accept-encoding' => 'gzip, deflate',
  'host' => '76.36.0.8',
  'connection' => 'Keep-Alive',
  'cookie' => 'PHPSESSID=ak43ed5o8egor4420165dk5in6',
)
[ info ] [ PARAM ] array (
  'page' => '2',
)
[ info ] [ SESSION ] INIT array (
  'id' => '',
  'var_session_id' => '',
  'prefix' => 'think',
  'type' => '',
  'auto_start' => true,
)
[ info ] [ DB ] INIT mysql
[ info ] [ RUN ] app\admin\controller\Client->clientlist[ F:\www\bank.cn\app\admin\controller\Client.php ]
[ info ] [ VIEW ] F:\www\bank.cn/app/admin\view\client\clientlist.html [ array (
  0 => 'nodes',
  1 => 'page',
  2 => 'bank',
  3 => 'title1',
  4 => 'title2',
  5 => 'clients',
) ]
[ info ] [ LOG ] INIT File
[ sql ] [ DB ] CONNECT:[ UseTime:0.000000s ] mysql:dbname=bank;host=127.0.0.1;charset=utf8
[ sql ] [ SQL ] SHOW COLUMNS FROM `ym_rbac_role` [ RunTime:0.015600s ]
[ sql ] [ SQL ] SELECT * FROM `ym_rbac_role` WHERE  `id` = 13 LIMIT 1 [ RunTime:0.000000s ]
[ sql ] [ SQL ] SHOW COLUMNS FROM `ym_rbac_access` [ RunTime:0.000000s ]
[ sql ] [ SQL ] SELECT `a`.*,`b`.* FROM `ym_rbac_access` `a` INNER JOIN `ym_rbac_node` `b` ON `b`.`id`=`a`.`node_id` WHERE  (  a.role_id = 13 ) ORDER BY `b`.`id`  asc [ RunTime:0.000000s ]
[ sql ] [ SQL ] SELECT `b`.`name` FROM `ym_rbac_access` `a` INNER JOIN `ym_rbac_node` `b` ON `b`.`id`=`a`.`node_id` [ RunTime:0.000000s ]
[ sql ] [ SQL ] SELECT `b`.`name` FROM `ym_rbac_access` `a` INNER JOIN `ym_rbac_node` `b` ON `b`.`id`=`a`.`node_id` WHERE  (  a.role_id = 13 ) [ RunTime:0.000000s ]
[ sql ] [ SQL ] SHOW COLUMNS FROM `ym_client` [ RunTime:0.015600s ]
[ sql ] [ SQL ] SELECT COUNT(*) AS tp_count FROM `ym_client` `a` LEFT JOIN `ym_base_msg` `b` ON `a`.`id`=`b`.`client_id` WHERE  `a`.`is_del` = 0 LIMIT 1 [ RunTime:0.000000s ]
[ sql ] [ SQL ] SELECT `a`.*,`b`.`phone_number`,`b`.`current_address` FROM `ym_client` `a` LEFT JOIN `ym_base_msg` `b` ON `a`.`id`=`b`.`client_id` WHERE  `a`.`is_del` = 0 ORDER BY `a`.`add_time`  desc LIMIT 20,20 [ RunTime:0.000000s ]
[ sql ] [ SQL ] SHOW COLUMNS FROM `ym_bank` [ RunTime:0.000000s ]
[ sql ] [ SQL ] SELECT * FROM `ym_bank` WHERE  `is_del` = 0 [ RunTime:0.000000s ]
[ sql ] [ SQL ] SHOW COLUMNS FROM `ym_dataconfig` [ RunTime:0.000000s ]
[ sql ] [ SQL ] SELECT `value` FROM `ym_dataconfig` WHERE  `code` = 'client_grade' LIMIT 1 [ RunTime:0.000000s ]
[ sql ] [ SQL ] SELECT `value` FROM `ym_dataconfig` WHERE  `code` = 'client_grade' LIMIT 1 [ RunTime:0.000000s ]
[ sql ] [ SQL ] SELECT `value` FROM `ym_dataconfig` WHERE  `code` = 'client_grade' LIMIT 1 [ RunTime:0.000000s ]
[ sql ] [ SQL ] SELECT `value` FROM `ym_dataconfig` WHERE  `code` = 'client_grade' LIMIT 1 [ RunTime:0.000000s ]
[ sql ] [ SQL ] SELECT `value` FROM `ym_dataconfig` WHERE  `code` = 'client_grade' LIMIT 1 [ RunTime:0.000000s ]
[ sql ] [ SQL ] SELECT `value` FROM `ym_dataconfig` WHERE  `code` = 'client_grade' LIMIT 1 [ RunTime:0.000000s ]
[ sql ] [ SQL ] SELECT `value` FROM `ym_dataconfig` WHERE  `code` = 'client_grade' LIMIT 1 [ RunTime:0.000000s ]
---------------------------------------------------------------
[ 2017-07-29T15:44:44+08:00 ] 76.36.0.8 76.36.0.60 GET /admin/client/clientlist?page=2
[ info ] 76.36.0.8/admin/client/clientlist?page=2 [运行时间：0.093600s][吞吐率：10.68req/s] [内存消耗：2,909.86kb] [文件加载：57]
[ info ] [ LANG ] F:\www\bank.cn\thinkphp\lang\zh-cn.php
[ info ] [ ROUTE ] array (
  'type' => 'module',
  'module' => 
  array (
    0 => 'admin',
    1 => 'client',
    2 => 'clientlist',
  ),
)
[ info ] [ HEADER ] array (
  'accept' => 'application/x-ms-application, image/jpeg, application/xaml+xml, image/gif, image/pjpeg, application/x-ms-xbap, */*',
  'referer' => 'http://76.36.0.8/admin/client/clientlist',
  'accept-language' => 'zh-CN',
  'user-agent' => 'Mozilla/4.0 (compatible; MSIE 8.0; Windows NT 6.1; Win64; x64; Trident/4.0; .NET CLR 2.0.50727; SLCC2; .NET CLR 3.5.30729; .NET CLR 3.0.30729; Tablet PC 2.0)',
  'ua-cpu' => 'AMD64',
  'accept-encoding' => 'gzip, deflate',
  'host' => '76.36.0.8',
  'connection' => 'Keep-Alive',
  'cookie' => 'PHPSESSID=ak43ed5o8egor4420165dk5in6',
)
[ info ] [ PARAM ] array (
  'page' => '2',
)
[ info ] [ SESSION ] INIT array (
  'id' => '',
  'var_session_id' => '',
  'prefix' => 'think',
  'type' => '',
  'auto_start' => true,
)
[ info ] [ DB ] INIT mysql
[ info ] [ RUN ] app\admin\controller\Client->clientlist[ F:\www\bank.cn\app\admin\controller\Client.php ]
[ info ] [ VIEW ] F:\www\bank.cn/app/admin\view\client\clientlist.html [ array (
  0 => 'nodes',
  1 => 'page',
  2 => 'bank',
  3 => 'title1',
  4 => 'title2',
  5 => 'clients',
) ]
[ info ] [ LOG ] INIT File
[ sql ] [ DB ] CONNECT:[ UseTime:0.000000s ] mysql:dbname=bank;host=127.0.0.1;charset=utf8
[ sql ] [ SQL ] SHOW COLUMNS FROM `ym_rbac_role` [ RunTime:0.000000s ]
[ sql ] [ SQL ] SELECT * FROM `ym_rbac_role` WHERE  `id` = 13 LIMIT 1 [ RunTime:0.000000s ]
[ sql ] [ SQL ] SHOW COLUMNS FROM `ym_rbac_access` [ RunTime:0.000000s ]
[ sql ] [ SQL ] SELECT `a`.*,`b`.* FROM `ym_rbac_access` `a` INNER JOIN `ym_rbac_node` `b` ON `b`.`id`=`a`.`node_id` WHERE  (  a.role_id = 13 ) ORDER BY `b`.`id`  asc [ RunTime:0.000000s ]
[ sql ] [ SQL ] SELECT `b`.`name` FROM `ym_rbac_access` `a` INNER JOIN `ym_rbac_node` `b` ON `b`.`id`=`a`.`node_id` [ RunTime:0.000000s ]
[ sql ] [ SQL ] SELECT `b`.`name` FROM `ym_rbac_access` `a` INNER JOIN `ym_rbac_node` `b` ON `b`.`id`=`a`.`node_id` WHERE  (  a.role_id = 13 ) [ RunTime:0.000000s ]
[ sql ] [ SQL ] SHOW COLUMNS FROM `ym_client` [ RunTime:0.000000s ]
[ sql ] [ SQL ] SELECT COUNT(*) AS tp_count FROM `ym_client` `a` LEFT JOIN `ym_base_msg` `b` ON `a`.`id`=`b`.`client_id` WHERE  `a`.`is_del` = 0 LIMIT 1 [ RunTime:0.000000s ]
[ sql ] [ SQL ] SELECT `a`.*,`b`.`phone_number`,`b`.`current_address` FROM `ym_client` `a` LEFT JOIN `ym_base_msg` `b` ON `a`.`id`=`b`.`client_id` WHERE  `a`.`is_del` = 0 ORDER BY `a`.`add_time`  desc LIMIT 20,20 [ RunTime:0.000000s ]
[ sql ] [ SQL ] SHOW COLUMNS FROM `ym_bank` [ RunTime:0.015600s ]
[ sql ] [ SQL ] SELECT * FROM `ym_bank` WHERE  `is_del` = 0 [ RunTime:0.000000s ]
[ sql ] [ SQL ] SHOW COLUMNS FROM `ym_dataconfig` [ RunTime:0.000000s ]
[ sql ] [ SQL ] SELECT `value` FROM `ym_dataconfig` WHERE  `code` = 'client_grade' LIMIT 1 [ RunTime:0.000000s ]
[ sql ] [ SQL ] SELECT `value` FROM `ym_dataconfig` WHERE  `code` = 'client_grade' LIMIT 1 [ RunTime:0.000000s ]
[ sql ] [ SQL ] SELECT `value` FROM `ym_dataconfig` WHERE  `code` = 'client_grade' LIMIT 1 [ RunTime:0.000000s ]
[ sql ] [ SQL ] SELECT `value` FROM `ym_dataconfig` WHERE  `code` = 'client_grade' LIMIT 1 [ RunTime:0.000000s ]
[ sql ] [ SQL ] SELECT `value` FROM `ym_dataconfig` WHERE  `code` = 'client_grade' LIMIT 1 [ RunTime:0.015600s ]
[ sql ] [ SQL ] SELECT `value` FROM `ym_dataconfig` WHERE  `code` = 'client_grade' LIMIT 1 [ RunTime:0.000000s ]
[ sql ] [ SQL ] SELECT `value` FROM `ym_dataconfig` WHERE  `code` = 'client_grade' LIMIT 1 [ RunTime:0.000000s ]
---------------------------------------------------------------
[ 2017-07-29T15:44:46+08:00 ] 76.36.0.8 76.36.0.60 GET /admin/client/clientlist?page=2
[ info ] 76.36.0.8/admin/client/clientlist?page=2 [运行时间：0.093600s][吞吐率：10.68req/s] [内存消耗：2,909.86kb] [文件加载：57]
[ info ] [ LANG ] F:\www\bank.cn\thinkphp\lang\zh-cn.php
[ info ] [ ROUTE ] array (
  'type' => 'module',
  'module' => 
  array (
    0 => 'admin',
    1 => 'client',
    2 => 'clientlist',
  ),
)
[ info ] [ HEADER ] array (
  'accept' => 'application/x-ms-application, image/jpeg, application/xaml+xml, image/gif, image/pjpeg, application/x-ms-xbap, */*',
  'referer' => 'http://76.36.0.8/admin/client/clientlist',
  'accept-language' => 'zh-CN',
  'user-agent' => 'Mozilla/4.0 (compatible; MSIE 8.0; Windows NT 6.1; Win64; x64; Trident/4.0; .NET CLR 2.0.50727; SLCC2; .NET CLR 3.5.30729; .NET CLR 3.0.30729; Tablet PC 2.0)',
  'ua-cpu' => 'AMD64',
  'accept-encoding' => 'gzip, deflate',
  'host' => '76.36.0.8',
  'connection' => 'Keep-Alive',
  'cookie' => 'PHPSESSID=ak43ed5o8egor4420165dk5in6',
)
[ info ] [ PARAM ] array (
  'page' => '2',
)
[ info ] [ SESSION ] INIT array (
  'id' => '',
  'var_session_id' => '',
  'prefix' => 'think',
  'type' => '',
  'auto_start' => true,
)
[ info ] [ DB ] INIT mysql
[ info ] [ RUN ] app\admin\controller\Client->clientlist[ F:\www\bank.cn\app\admin\controller\Client.php ]
[ info ] [ VIEW ] F:\www\bank.cn/app/admin\view\client\clientlist.html [ array (
  0 => 'nodes',
  1 => 'page',
  2 => 'bank',
  3 => 'title1',
  4 => 'title2',
  5 => 'clients',
) ]
[ info ] [ LOG ] INIT File
[ sql ] [ DB ] CONNECT:[ UseTime:0.000000s ] mysql:dbname=bank;host=127.0.0.1;charset=utf8
[ sql ] [ SQL ] SHOW COLUMNS FROM `ym_rbac_role` [ RunTime:0.000000s ]
[ sql ] [ SQL ] SELECT * FROM `ym_rbac_role` WHERE  `id` = 13 LIMIT 1 [ RunTime:0.000000s ]
[ sql ] [ SQL ] SHOW COLUMNS FROM `ym_rbac_access` [ RunTime:0.015600s ]
[ sql ] [ SQL ] SELECT `a`.*,`b`.* FROM `ym_rbac_access` `a` INNER JOIN `ym_rbac_node` `b` ON `b`.`id`=`a`.`node_id` WHERE  (  a.role_id = 13 ) ORDER BY `b`.`id`  asc [ RunTime:0.000000s ]
[ sql ] [ SQL ] SELECT `b`.`name` FROM `ym_rbac_access` `a` INNER JOIN `ym_rbac_node` `b` ON `b`.`id`=`a`.`node_id` [ RunTime:0.000000s ]
[ sql ] [ SQL ] SELECT `b`.`name` FROM `ym_rbac_access` `a` INNER JOIN `ym_rbac_node` `b` ON `b`.`id`=`a`.`node_id` WHERE  (  a.role_id = 13 ) [ RunTime:0.000000s ]
[ sql ] [ SQL ] SHOW COLUMNS FROM `ym_client` [ RunTime:0.000000s ]
[ sql ] [ SQL ] SELECT COUNT(*) AS tp_count FROM `ym_client` `a` LEFT JOIN `ym_base_msg` `b` ON `a`.`id`=`b`.`client_id` WHERE  `a`.`is_del` = 0 LIMIT 1 [ RunTime:0.000000s ]
[ sql ] [ SQL ] SELECT `a`.*,`b`.`phone_number`,`b`.`current_address` FROM `ym_client` `a` LEFT JOIN `ym_base_msg` `b` ON `a`.`id`=`b`.`client_id` WHERE  `a`.`is_del` = 0 ORDER BY `a`.`add_time`  desc LIMIT 20,20 [ RunTime:0.015600s ]
[ sql ] [ SQL ] SHOW COLUMNS FROM `ym_bank` [ RunTime:0.000000s ]
[ sql ] [ SQL ] SELECT * FROM `ym_bank` WHERE  `is_del` = 0 [ RunTime:0.000000s ]
[ sql ] [ SQL ] SHOW COLUMNS FROM `ym_dataconfig` [ RunTime:0.000000s ]
[ sql ] [ SQL ] SELECT `value` FROM `ym_dataconfig` WHERE  `code` = 'client_grade' LIMIT 1 [ RunTime:0.000000s ]
[ sql ] [ SQL ] SELECT `value` FROM `ym_dataconfig` WHERE  `code` = 'client_grade' LIMIT 1 [ RunTime:0.000000s ]
[ sql ] [ SQL ] SELECT `value` FROM `ym_dataconfig` WHERE  `code` = 'client_grade' LIMIT 1 [ RunTime:0.000000s ]
[ sql ] [ SQL ] SELECT `value` FROM `ym_dataconfig` WHERE  `code` = 'client_grade' LIMIT 1 [ RunTime:0.000000s ]
[ sql ] [ SQL ] SELECT `value` FROM `ym_dataconfig` WHERE  `code` = 'client_grade' LIMIT 1 [ RunTime:0.000000s ]
[ sql ] [ SQL ] SELECT `value` FROM `ym_dataconfig` WHERE  `code` = 'client_grade' LIMIT 1 [ RunTime:0.000000s ]
[ sql ] [ SQL ] SELECT `value` FROM `ym_dataconfig` WHERE  `code` = 'client_grade' LIMIT 1 [ RunTime:0.000000s ]
